                  Warning	The node "1: JJ" used for the evaluation is ignored because it has neither edges nor turns. Please check the modeling of the network or disable the attribute "Use for evaluation" of the node.	Network object type: Node	Network object keys: 1
                  Warning	Simulation second 20.90: Vehicle 63 (on Static Vehicle Route "13 - 1") reached the end of link "18: JJ_12THROAD" without finding the subsequent link ("10042: JJ14").	Network object type: Vehicle	Network object keys: 63
                  Warning	Simulation second 78.60: Vehicle 325 (on Static Vehicle Route "12 - 1") reached the end of link "20: JJ_MR" without finding the subsequent link ("10029: JJ3").	Network object type: Vehicle	Network object keys: 325
                  Warning	Simulation second 103.10: Vehicle 440 (on Static Vehicle Route "12 - 1") reached the end of link "20: JJ_MR" without finding the subsequent link ("10029: JJ3").	Network object type: Vehicle	Network object keys: 440
                  Warning	Simulation second 126.80: Vehicle 572 (on Static Vehicle Route "12 - 1") reached the end of link "20: JJ_MR" without finding the subsequent link ("10029: JJ3").	Network object type: Vehicle	Network object keys: 572
                  Warning	Simulation second 146.30: Vehicle 660 (on Static Vehicle Route "13 - 1") reached the end of link "18: JJ_12THROAD" without finding the subsequent link ("10042: JJ14").	Network object type: Vehicle	Network object keys: 660
                  Warning	Simulation second 151.60: Vehicle 691 (on Static Vehicle Route "13 - 1") reached the end of link "18: JJ_12THROAD" without finding the subsequent link ("10042: JJ14").	Network object type: Vehicle	Network object keys: 691
                  Warning	Simulation second 153.20: Vehicle 706 (on Static Vehicle Route "12 - 1") reached the end of link "20: JJ_MR" without finding the subsequent link ("10029: JJ3").	Network object type: Vehicle	Network object keys: 706
                  Warning	Simulation second 166.00: Vehicle 766 (on Static Vehicle Route "12 - 1") reached the end of link "20: JJ_MR" without finding the subsequent link ("10029: JJ3").	Network object type: Vehicle	Network object keys: 766
                  Warning	Simulation second 176.50: Vehicle 796 (on Static Vehicle Route "1 - 1") reached the end of link "1: MC_Me_P" without finding the subsequent link ("10012: MC_ME_SN").	Network object type: Vehicle	Network object keys: 796
                  Warning	Simulation second 185.80: After 60.00 seconds of waiting for lane change the vehicle 541 (on Static Vehicle Route "4 - 1") was removed from link "7: MC_R_P" at position 117.437 m.	Network object type: Vehicle	Network object keys: 541
                  Warning	Simulation second 192.10: Vehicle 892 (on Static Vehicle Route "12 - 1") reached the end of link "20: JJ_MR" without finding the subsequent link ("10029: JJ3").	Network object type: Vehicle	Network object keys: 892
                  Warning	Simulation second 206.50: Vehicle 967 (on Static Vehicle Route "12 - 1") reached the end of link "20: JJ_MR" without finding the subsequent link ("10029: JJ3").	Network object type: Vehicle	Network object keys: 967
                  Warning	Simulation second 207.60: Vehicle 969 (on Static Vehicle Route "12 - 1") reached the end of link "20: JJ_MR" without finding the subsequent link ("10029: JJ3").	Network object type: Vehicle	Network object keys: 969
                  Warning	Simulation second 255.60: Vehicle 1198 (on Static Vehicle Route "1 - 1") reached the end of link "1: MC_Me_P" without finding the subsequent link ("10012: MC_ME_SN").	Network object type: Vehicle	Network object keys: 1198
                  Warning	Simulation second 301.80: Vehicle 1411 (on Static Vehicle Route "13 - 1") reached the end of link "18: JJ_12THROAD" without finding the subsequent link ("10042: JJ14").	Network object type: Vehicle	Network object keys: 1411
                  Warning	Simulation second 306.60: After 60.00 seconds of waiting for lane change the vehicle 1073 (on Static Vehicle Route "4 - 1") was removed from link "7: MC_R_P" at position 115.892 m.	Network object type: Vehicle	Network object keys: 1073
                  Warning	Simulation second 331.00: Vehicle 1562 (on Static Vehicle Route "11 - 1") reached the end of link "19: JJ_SN" without finding the subsequent link ("10034: JJ4").	Network object type: Vehicle	Network object keys: 1562
                  Warning	Simulation second 342.60: Vehicle 1637 (on Static Vehicle Route "10 - 1") reached the end of link "21: JJ_C" without finding the subsequent link ("10028: JJ1").	Network object type: Vehicle	Network object keys: 1637
                  Warning	Simulation second 364.40: Vehicle 1749 (on Static Vehicle Route "12 - 1") reached the end of link "20: JJ_MR" without finding the subsequent link ("10029: JJ3").	Network object type: Vehicle	Network object keys: 1749
                  Warning	Simulation second 397.20: After 60.00 seconds of waiting for lane change the vehicle 1016 (on Static Vehicle Route "4 - 1") was removed from link "7: MC_R_P" at position 117.437 m.	Network object type: Vehicle	Network object keys: 1016
                  Warning	Simulation second 399.10: Vehicle 1921 (on Static Vehicle Route "12 - 1") reached the end of link "20: JJ_MR" without finding the subsequent link ("10029: JJ3").	Network object type: Vehicle	Network object keys: 1921
                  Warning	Simulation second 402.80: Vehicle 1947 (on Static Vehicle Route "10 - 1") reached the end of link "21: JJ_C" without finding the subsequent link ("10028: JJ1").	Network object type: Vehicle	Network object keys: 1947
                  Warning	Simulation second 415.90: Vehicle 1991 (on Static Vehicle Route "1 - 1") reached the end of link "1: MC_Me_P" without finding the subsequent link ("10012: MC_ME_SN").	Network object type: Vehicle	Network object keys: 1991
                  Warning	Simulation second 416.70: Vehicle 1988 (on Static Vehicle Route "13 - 1") reached the end of link "18: JJ_12THROAD" without finding the subsequent link ("10042: JJ14").	Network object type: Vehicle	Network object keys: 1988
                  Warning	Simulation second 422.30: Vehicle 2033 (on Static Vehicle Route "12 - 1") reached the end of link "20: JJ_MR" without finding the subsequent link ("10029: JJ3").	Network object type: Vehicle	Network object keys: 2033
                  Warning	Simulation second 435.10: Vehicle 2113 (on Static Vehicle Route "12 - 1") reached the end of link "20: JJ_MR" without finding the subsequent link ("10029: JJ3").	Network object type: Vehicle	Network object keys: 2113
                  Warning	Simulation second 455.50: Vehicle 2202 (on Static Vehicle Route "12 - 1") reached the end of link "20: JJ_MR" without finding the subsequent link ("10029: JJ3").	Network object type: Vehicle	Network object keys: 2202
                  Warning	Simulation second 478.00: Vehicle 2125 (on Static Vehicle Route "1 - 1") reached the end of link "1: MC_Me_P" without finding the subsequent link ("10012: MC_ME_SN").	Network object type: Vehicle	Network object keys: 2125
                  Warning	Simulation second 499.30: Vehicle 2421 (on Static Vehicle Route "13 - 1") reached the end of link "18: JJ_12THROAD" without finding the subsequent link ("10042: JJ14").	Network object type: Vehicle	Network object keys: 2421
                  Warning	Simulation second 513.90: Vehicle 2471 (on Static Vehicle Route "1 - 1") reached the end of link "1: MC_Me_P" without finding the subsequent link ("10012: MC_ME_SN").	Network object type: Vehicle	Network object keys: 2471
                  Warning	Simulation second 534.70: Vehicle 2600 (on Static Vehicle Route "10 - 1") reached the end of link "21: JJ_C" without finding the subsequent link ("10028: JJ1").	Network object type: Vehicle	Network object keys: 2600
                  Warning	Simulation second 601.60: Vehicle 2931 (on Static Vehicle Route "13 - 1") reached the end of link "18: JJ_12THROAD" without finding the subsequent link ("10042: JJ14").	Network object type: Vehicle	Network object keys: 2931
                  Warning	Simulation second 608.20: Vehicle 2963 (on Static Vehicle Route "12 - 1") reached the end of link "20: JJ_MR" without finding the subsequent link ("10029: JJ3").	Network object type: Vehicle	Network object keys: 2963
                  Warning	Simulation second 618.60: Vehicle 3018 (on Static Vehicle Route "12 - 1") reached the end of link "20: JJ_MR" without finding the subsequent link ("10029: JJ3").	Network object type: Vehicle	Network object keys: 3018
                  Warning	Simulation second 619.40: Vehicle 3020 (on Static Vehicle Route "10 - 1") reached the end of link "21: JJ_C" without finding the subsequent link ("10028: JJ1").	Network object type: Vehicle	Network object keys: 3020
                  Warning	Simulation second 632.30: Vehicle 3077 (on Static Vehicle Route "12 - 1") reached the end of link "20: JJ_MR" without finding the subsequent link ("10029: JJ3").	Network object type: Vehicle	Network object keys: 3077
                  Warning	Simulation second 640.60: Vehicle 3122 (on Static Vehicle Route "12 - 1") reached the end of link "20: JJ_MR" without finding the subsequent link ("10029: JJ3").	Network object type: Vehicle	Network object keys: 3122
                  Warning	Simulation second 644.00: Vehicle 3140 (on Static Vehicle Route "12 - 1") reached the end of link "20: JJ_MR" without finding the subsequent link ("10029: JJ3").	Network object type: Vehicle	Network object keys: 3140
                  Warning	Simulation second 688.40: Vehicle 3310 (on Static Vehicle Route "1 - 1") reached the end of link "1: MC_Me_P" without finding the subsequent link ("10012: MC_ME_SN").	Network object type: Vehicle	Network object keys: 3310
                  Warning	Simulation second 722.90: After 60.00 seconds of waiting for lane change the vehicle 3072 (on Static Vehicle Route "1 - 1") was removed from link "1: MC_Me_P" at position 26.958 m.	Network object type: Vehicle	Network object keys: 3072
                  Warning	Simulation second 752.30: After 60.00 seconds of waiting for lane change the vehicle 3311 (on Static Vehicle Route "1 - 1") was removed from link "1: MC_Me_P" at position 26.958 m.	Network object type: Vehicle	Network object keys: 3311
                  Warning	Simulation second 770.60: Vehicle 3713 (on Static Vehicle Route "11 - 1") reached the end of link "19: JJ_SN" without finding the subsequent link ("10034: JJ4").	Network object type: Vehicle	Network object keys: 3713
                  Warning	Simulation second 775.60: Vehicle 3761 (on Static Vehicle Route "12 - 1") reached the end of link "20: JJ_MR" without finding the subsequent link ("10029: JJ3").	Network object type: Vehicle	Network object keys: 3761
                  Warning	Simulation second 818.30: Vehicle 3919 (on Static Vehicle Route "7 - 1") reached the end of link "13: SN_MC" without finding the subsequent link ("10016: SN_JJ_E").	Network object type: Vehicle	Network object keys: 3919
                  Warning	Simulation second 844.70: Vehicle 4095 (on Static Vehicle Route "12 - 1") reached the end of link "20: JJ_MR" without finding the subsequent link ("10029: JJ3").	Network object type: Vehicle	Network object keys: 4095
                  Warning	Simulation second 846.80: After 60.00 seconds of waiting for lane change the vehicle 3563 (on Static Vehicle Route "1 - 1") was removed from link "1: MC_Me_P" at position 26.958 m.	Network object type: Vehicle	Network object keys: 3563
                  Warning	Simulation second 870.00: Vehicle 4211 (on Static Vehicle Route "10 - 1") reached the end of link "21: JJ_C" without finding the subsequent link ("10028: JJ1").	Network object type: Vehicle	Network object keys: 4211
                  Warning	Simulation second 882.30: Vehicle 4261 (on Static Vehicle Route "12 - 1") reached the end of link "20: JJ_MR" without finding the subsequent link ("10029: JJ3").	Network object type: Vehicle	Network object keys: 4261
                  Warning	Simulation second 885.80: Vehicle 4278 (on Static Vehicle Route "12 - 1") reached the end of link "20: JJ_MR" without finding the subsequent link ("10029: JJ3").	Network object type: Vehicle	Network object keys: 4278
                  Warning	Simulation second 892.90: Vehicle 4295 (on Static Vehicle Route "13 - 1") reached the end of link "18: JJ_12THROAD" without finding the subsequent link ("10042: JJ14").	Network object type: Vehicle	Network object keys: 4295
                  Warning	Simulation second 902.00: Vehicle 4333 (on Static Vehicle Route "12 - 1") reached the end of link "20: JJ_MR" without finding the subsequent link ("10029: JJ3").	Network object type: Vehicle	Network object keys: 4333
                  Warning	Simulation second 907.90: Vehicle 4355 (on Static Vehicle Route "13 - 1") reached the end of link "18: JJ_12THROAD" without finding the subsequent link ("10042: JJ14").	Network object type: Vehicle	Network object keys: 4355
                  Warning	Simulation second 925.60: Vehicle 4431 (on Static Vehicle Route "1 - 1") reached the end of link "1: MC_Me_P" without finding the subsequent link ("10012: MC_ME_SN").	Network object type: Vehicle	Network object keys: 4431
                  Warning	Simulation second 935.20: Vehicle 4497 (on Static Vehicle Route "12 - 1") reached the end of link "20: JJ_MR" without finding the subsequent link ("10029: JJ3").	Network object type: Vehicle	Network object keys: 4497
                  Warning	Simulation second 935.60: Vehicle 4481 (on Static Vehicle Route "13 - 1") reached the end of link "18: JJ_12THROAD" without finding the subsequent link ("10042: JJ14").	Network object type: Vehicle	Network object keys: 4481
                  Warning	Simulation second 940.70: Vehicle 4394 (on Static Vehicle Route "2 - 1") reached the end of link "3: MC_SN_P" without finding the subsequent link ("10013: MC_SN_MD").	Network object type: Vehicle	Network object keys: 4394
                  Warning	Simulation second 957.00: Vehicle 4137 (on Static Vehicle Route "1 - 1") reached the end of link "1: MC_Me_P" without finding the subsequent link ("10012: MC_ME_SN").	Network object type: Vehicle	Network object keys: 4137
                  Warning	Simulation second 961.90: Vehicle 4620 (on Static Vehicle Route "12 - 1") reached the end of link "20: JJ_MR" without finding the subsequent link ("10029: JJ3").	Network object type: Vehicle	Network object keys: 4620
                  Warning	Simulation second 963.40: Vehicle 4625 (on Static Vehicle Route "12 - 1") reached the end of link "20: JJ_MR" without finding the subsequent link ("10029: JJ3").	Network object type: Vehicle	Network object keys: 4625
                  Warning	Simulation second 972.10: Vehicle 4669 (on Static Vehicle Route "12 - 1") reached the end of link "20: JJ_MR" without finding the subsequent link ("10029: JJ3").	Network object type: Vehicle	Network object keys: 4669
                  Warning	Simulation second 980.30: After 60.00 seconds of waiting for lane change the vehicle 4357 (on Static Vehicle Route "1 - 1") was removed from link "1: MC_Me_P" at position 26.958 m.	Network object type: Vehicle	Network object keys: 4357
                  Warning	Simulation second 993.00: Vehicle 4758 (on Static Vehicle Route "13 - 1") reached the end of link "18: JJ_12THROAD" without finding the subsequent link ("10042: JJ14").	Network object type: Vehicle	Network object keys: 4758
                  Warning	Simulation second 1020.10: Vehicle 4941 (on Static Vehicle Route "12 - 1") reached the end of link "20: JJ_MR" without finding the subsequent link ("10029: JJ3").	Network object type: Vehicle	Network object keys: 4941
                  Warning	Simulation second 1030.40: Vehicle 4982 (on Static Vehicle Route "1 - 1") reached the end of link "1: MC_Me_P" without finding the subsequent link ("10012: MC_ME_SN").	Network object type: Vehicle	Network object keys: 4982
                  Warning	Simulation second 1043.40: Vehicle 5043 (on Static Vehicle Route "1 - 1") reached the end of link "1: MC_Me_P" without finding the subsequent link ("10012: MC_ME_SN").	Network object type: Vehicle	Network object keys: 5043
                  Warning	Simulation second 1046.50: Vehicle 5055 (on Static Vehicle Route "1 - 1") reached the end of link "1: MC_Me_P" without finding the subsequent link ("10012: MC_ME_SN").	Network object type: Vehicle	Network object keys: 5055
                  Warning	Simulation second 1047.70: Vehicle 5070 (on Static Vehicle Route "11 - 1") reached the end of link "19: JJ_SN" without finding the subsequent link ("10034: JJ4").	Network object type: Vehicle	Network object keys: 5070
                  Warning	Simulation second 1052.10: Vehicle 5097 (on Static Vehicle Route "12 - 1") reached the end of link "20: JJ_MR" without finding the subsequent link ("10029: JJ3").	Network object type: Vehicle	Network object keys: 5097
                  Warning	Simulation second 1054.30: After 60.00 seconds of waiting for lane change the vehicle 4677 (on Static Vehicle Route "1 - 1") was removed from link "1: MC_Me_P" at position 26.958 m.	Network object type: Vehicle	Network object keys: 4677
                  Warning	Simulation second 1058.50: Vehicle 5114 (on Static Vehicle Route "13 - 1") reached the end of link "18: JJ_12THROAD" without finding the subsequent link ("10042: JJ14").	Network object type: Vehicle	Network object keys: 5114
                  Warning	Simulation second 1062.90: Vehicle 5147 (on Static Vehicle Route "12 - 1") reached the end of link "20: JJ_MR" without finding the subsequent link ("10029: JJ3").	Network object type: Vehicle	Network object keys: 5147
                  Warning	Simulation second 1077.20: Vehicle 5031 (on Static Vehicle Route "1 - 1") reached the end of link "1: MC_Me_P" without finding the subsequent link ("10012: MC_ME_SN").	Network object type: Vehicle	Network object keys: 5031
                  Warning	Simulation second 1101.30: Vehicle 5302 (on Static Vehicle Route "1 - 1") reached the end of link "1: MC_Me_P" without finding the subsequent link ("10012: MC_ME_SN").	Network object type: Vehicle	Network object keys: 5302
                  Warning	Simulation second 1109.90: Vehicle 5379 (on Static Vehicle Route "10 - 1") reached the end of link "21: JJ_C" without finding the subsequent link ("10028: JJ1").	Network object type: Vehicle	Network object keys: 5379
                  Warning	Simulation second 1114.30: Vehicle 5396 (on Static Vehicle Route "12 - 1") reached the end of link "20: JJ_MR" without finding the subsequent link ("10029: JJ3").	Network object type: Vehicle	Network object keys: 5396
                  Warning	Simulation second 1128.00: Vehicle 5437 (on Static Vehicle Route "10 - 1") reached the end of link "21: JJ_C" without finding the subsequent link ("10028: JJ1").	Network object type: Vehicle	Network object keys: 5437
                  Warning	Simulation second 1135.50: Vehicle 5477 (on Static Vehicle Route "13 - 1") reached the end of link "18: JJ_12THROAD" without finding the subsequent link ("10042: JJ14").	Network object type: Vehicle	Network object keys: 5477
                  Warning	Simulation second 1136.80: Vehicle 5488 (on Static Vehicle Route "11 - 1") reached the end of link "19: JJ_SN" without finding the subsequent link ("10034: JJ4").	Network object type: Vehicle	Network object keys: 5488
                  Warning	Simulation second 1139.00: Vehicle 5330 (on Static Vehicle Route "1 - 1") reached the end of link "1: MC_Me_P" without finding the subsequent link ("10012: MC_ME_SN").	Network object type: Vehicle	Network object keys: 5330
                  Warning	Simulation second 1161.80: After 60.00 seconds of waiting for lane change the vehicle 5312 (on Static Vehicle Route "1 - 1") was removed from link "1: MC_Me_P" at position 25.563 m.	Network object type: Vehicle	Network object keys: 5312
                  Warning	Simulation second 1179.20: Vehicle 5680 (on Static Vehicle Route "12 - 1") reached the end of link "20: JJ_MR" without finding the subsequent link ("10029: JJ3").	Network object type: Vehicle	Network object keys: 5680
                  Warning	Simulation second 1179.90: Vehicle 5670 (on Static Vehicle Route "13 - 1") reached the end of link "18: JJ_12THROAD" without finding the subsequent link ("10042: JJ14").	Network object type: Vehicle	Network object keys: 5670
                  Warning	Simulation second 1199.40: Vehicle 5567 (on Static Vehicle Route "1 - 1") reached the end of link "1: MC_Me_P" without finding the subsequent link ("10012: MC_ME_SN").	Network object type: Vehicle	Network object keys: 5567
                  Warning	Simulation second 1200.60: Vehicle 5805 (on Static Vehicle Route "10 - 1") reached the end of link "21: JJ_C" without finding the subsequent link ("10028: JJ1").	Network object type: Vehicle	Network object keys: 5805
                  Warning	Simulation second 1201.30: Vehicle 5790 (on Static Vehicle Route "13 - 1") reached the end of link "18: JJ_12THROAD" without finding the subsequent link ("10042: JJ14").	Network object type: Vehicle	Network object keys: 5790
                  Warning	Simulation second 1215.70: Vehicle 5877 (on Static Vehicle Route "13 - 1") reached the end of link "18: JJ_12THROAD" without finding the subsequent link ("10042: JJ14").	Network object type: Vehicle	Network object keys: 5877
                  Warning	Simulation second 1217.50: Vehicle 5907 (on Static Vehicle Route "12 - 1") reached the end of link "20: JJ_MR" without finding the subsequent link ("10029: JJ3").	Network object type: Vehicle	Network object keys: 5907
                  Warning	Simulation second 1223.90: Vehicle 5935 (on Static Vehicle Route "13 - 1") reached the end of link "18: JJ_12THROAD" without finding the subsequent link ("10042: JJ14").	Network object type: Vehicle	Network object keys: 5935
                  Warning	Simulation second 1224.50: Vehicle 5939 (on Static Vehicle Route "13 - 1") reached the end of link "18: JJ_12THROAD" without finding the subsequent link ("10042: JJ14").	Network object type: Vehicle	Network object keys: 5939
                  Warning	Simulation second 1227.80: Vehicle 5932 (on Static Vehicle Route "1 - 1") reached the end of link "1: MC_Me_P" without finding the subsequent link ("10012: MC_ME_SN").	Network object type: Vehicle	Network object keys: 5932
                  Warning	Simulation second 1239.00: Vehicle 6009 (on Static Vehicle Route "12 - 1") reached the end of link "20: JJ_MR" without finding the subsequent link ("10029: JJ3").	Network object type: Vehicle	Network object keys: 6009
                  Warning	Simulation second 1262.90: Vehicle 6081 (on Static Vehicle Route "7 - 1") reached the end of link "13: SN_MC" without finding the subsequent link ("10016: SN_JJ_E").	Network object type: Vehicle	Network object keys: 6081
                  Warning	Simulation second 1273.60: Vehicle 6168 (on Static Vehicle Route "13 - 1") reached the end of link "18: JJ_12THROAD" without finding the subsequent link ("10042: JJ14").	Network object type: Vehicle	Network object keys: 6168
                  Warning	Simulation second 1281.00: Vehicle 6217 (on Static Vehicle Route "10 - 1") reached the end of link "21: JJ_C" without finding the subsequent link ("10028: JJ1").	Network object type: Vehicle	Network object keys: 6217
                  Warning	Simulation second 1288.20: Vehicle 6236 (on Static Vehicle Route "12 - 1") reached the end of link "20: JJ_MR" without finding the subsequent link ("10029: JJ3").	Network object type: Vehicle	Network object keys: 6236
                  Warning	Simulation second 1288.90: After 60.00 seconds of waiting for lane change the vehicle 4917 (on Static Vehicle Route "4 - 1") was removed from link "7: MC_R_P" at position 117.437 m.	Network object type: Vehicle	Network object keys: 4917
                  Warning	Simulation second 1316.30: Vehicle 6366 (on Static Vehicle Route "12 - 1") reached the end of link "20: JJ_MR" without finding the subsequent link ("10029: JJ3").	Network object type: Vehicle	Network object keys: 6366
                  Warning	Simulation second 1325.60: Vehicle 6395 (on Static Vehicle Route "12 - 1") reached the end of link "20: JJ_MR" without finding the subsequent link ("10029: JJ3").	Network object type: Vehicle	Network object keys: 6395
                  Warning	Simulation second 1356.00: Vehicle 6515 (on Static Vehicle Route "7 - 1") reached the end of link "13: SN_MC" without finding the subsequent link ("10016: SN_JJ_E").	Network object type: Vehicle	Network object keys: 6515
                  Warning	Simulation second 1363.80: Vehicle 6610 (on Static Vehicle Route "12 - 1") reached the end of link "20: JJ_MR" without finding the subsequent link ("10029: JJ3").	Network object type: Vehicle	Network object keys: 6610
                  Warning	Simulation second 1375.20: Vehicle 6647 (on Static Vehicle Route "12 - 1") reached the end of link "20: JJ_MR" without finding the subsequent link ("10029: JJ3").	Network object type: Vehicle	Network object keys: 6647
                  Warning	Simulation second 1387.60: Vehicle 6693 (on Static Vehicle Route "10 - 1") reached the end of link "21: JJ_C" without finding the subsequent link ("10028: JJ1").	Network object type: Vehicle	Network object keys: 6693
                  Warning	Simulation second 1389.00: Vehicle 6709 (on Static Vehicle Route "12 - 1") reached the end of link "20: JJ_MR" without finding the subsequent link ("10029: JJ3").	Network object type: Vehicle	Network object keys: 6709
                  Warning	Simulation second 1392.20: Vehicle 6727 (on Static Vehicle Route "12 - 1") reached the end of link "20: JJ_MR" without finding the subsequent link ("10029: JJ3").	Network object type: Vehicle	Network object keys: 6727
                  Warning	Simulation second 1399.20: Vehicle 6738 (on Static Vehicle Route "13 - 1") reached the end of link "18: JJ_12THROAD" without finding the subsequent link ("10042: JJ14").	Network object type: Vehicle	Network object keys: 6738
                  Warning	Simulation second 1406.50: Vehicle 6791 (on Static Vehicle Route "10 - 1") reached the end of link "21: JJ_C" without finding the subsequent link ("10028: JJ1").	Network object type: Vehicle	Network object keys: 6791
                  Warning	Simulation second 1415.60: Vehicle 6833 (on Static Vehicle Route "10 - 1") reached the end of link "21: JJ_C" without finding the subsequent link ("10028: JJ1").	Network object type: Vehicle	Network object keys: 6833
                  Warning	Simulation second 1423.30: Vehicle 6848 (on Static Vehicle Route "12 - 1") reached the end of link "20: JJ_MR" without finding the subsequent link ("10029: JJ3").	Network object type: Vehicle	Network object keys: 6848
                  Warning	Simulation second 1429.00: Vehicle 6881 (on Static Vehicle Route "13 - 1") reached the end of link "18: JJ_12THROAD" without finding the subsequent link ("10042: JJ14").	Network object type: Vehicle	Network object keys: 6881
                  Warning	Simulation second 1431.70: Vehicle 6883 (on Static Vehicle Route "13 - 1") reached the end of link "18: JJ_12THROAD" without finding the subsequent link ("10042: JJ14").	Network object type: Vehicle	Network object keys: 6883
                  Warning	Simulation second 1441.70: Vehicle 6945 (on Static Vehicle Route "12 - 1") reached the end of link "20: JJ_MR" without finding the subsequent link ("10029: JJ3").	Network object type: Vehicle	Network object keys: 6945
                  Warning	Simulation second 1442.30: Vehicle 6935 (on Static Vehicle Route "13 - 1") reached the end of link "18: JJ_12THROAD" without finding the subsequent link ("10042: JJ14").	Network object type: Vehicle	Network object keys: 6935
                  Warning	Simulation second 1461.40: Vehicle 7088 (on Static Vehicle Route "10 - 1") reached the end of link "21: JJ_C" without finding the subsequent link ("10028: JJ1").	Network object type: Vehicle	Network object keys: 7088
                  Warning	Simulation second 1488.10: Vehicle 7235 (on Static Vehicle Route "12 - 1") reached the end of link "20: JJ_MR" without finding the subsequent link ("10029: JJ3").	Network object type: Vehicle	Network object keys: 7235
                  Warning	Simulation second 1496.50: Vehicle 7247 (on Static Vehicle Route "13 - 1") reached the end of link "18: JJ_12THROAD" without finding the subsequent link ("10042: JJ14").	Network object type: Vehicle	Network object keys: 7247
                  Warning	Simulation second 1539.90: Vehicle 7429 (on Static Vehicle Route "7 - 1") reached the end of link "13: SN_MC" without finding the subsequent link ("10016: SN_JJ_E").	Network object type: Vehicle	Network object keys: 7429
                  Warning	Simulation second 1565.10: Vehicle 7576 (on Static Vehicle Route "13 - 1") reached the end of link "18: JJ_12THROAD" without finding the subsequent link ("10042: JJ14").	Network object type: Vehicle	Network object keys: 7576
                  Warning	Simulation second 1570.30: Vehicle 7604 (on Static Vehicle Route "12 - 1") reached the end of link "20: JJ_MR" without finding the subsequent link ("10029: JJ3").	Network object type: Vehicle	Network object keys: 7604
                  Warning	Simulation second 1572.00: Vehicle 7613 (on Static Vehicle Route "12 - 1") reached the end of link "20: JJ_MR" without finding the subsequent link ("10029: JJ3").	Network object type: Vehicle	Network object keys: 7613
                  Warning	Simulation second 1576.90: Vehicle 7615 (on Static Vehicle Route "1 - 1") reached the end of link "1: MC_Me_P" without finding the subsequent link ("10012: MC_ME_SN").	Network object type: Vehicle	Network object keys: 7615
                  Warning	Simulation second 1622.00: Vehicle 7858 (on Static Vehicle Route "12 - 1") reached the end of link "20: JJ_MR" without finding the subsequent link ("10029: JJ3").	Network object type: Vehicle	Network object keys: 7858
                  Warning	Simulation second 1647.00: Vehicle 7969 (on Static Vehicle Route "12 - 1") reached the end of link "20: JJ_MR" without finding the subsequent link ("10029: JJ3").	Network object type: Vehicle	Network object keys: 7969
                  Warning	Simulation second 1689.60: Vehicle 8182 (on Static Vehicle Route "10 - 1") reached the end of link "21: JJ_C" without finding the subsequent link ("10028: JJ1").	Network object type: Vehicle	Network object keys: 8182
                  Warning	Simulation second 1691.40: Vehicle 8184 (on Static Vehicle Route "11 - 1") reached the end of link "19: JJ_SN" without finding the subsequent link ("10034: JJ4").	Network object type: Vehicle	Network object keys: 8184
                  Warning	Simulation second 1699.00: Vehicle 8218 (on Static Vehicle Route "13 - 1") reached the end of link "18: JJ_12THROAD" without finding the subsequent link ("10042: JJ14").	Network object type: Vehicle	Network object keys: 8218
                  Warning	Simulation second 1725.80: Vehicle 8359 (on Static Vehicle Route "11 - 1") reached the end of link "19: JJ_SN" without finding the subsequent link ("10034: JJ4").	Network object type: Vehicle	Network object keys: 8359
                  Warning	Simulation second 1727.70: Vehicle 8383 (on Static Vehicle Route "10 - 1") reached the end of link "21: JJ_C" without finding the subsequent link ("10028: JJ1").	Network object type: Vehicle	Network object keys: 8383
                  Warning	Simulation second 1733.50: Vehicle 8412 (on Static Vehicle Route "12 - 1") reached the end of link "20: JJ_MR" without finding the subsequent link ("10029: JJ3").	Network object type: Vehicle	Network object keys: 8412
                  Warning	Simulation second 1740.70: Vehicle 8447 (on Static Vehicle Route "12 - 1") reached the end of link "20: JJ_MR" without finding the subsequent link ("10029: JJ3").	Network object type: Vehicle	Network object keys: 8447
                  Warning	Simulation second 1748.00: After 60.00 seconds of waiting for lane change the vehicle 7023 (on Static Vehicle Route "4 - 1") was removed from link "7: MC_R_P" at position 117.437 m.	Network object type: Vehicle	Network object keys: 7023
                  Warning	Simulation second 1762.70: Vehicle 8548 (on Static Vehicle Route "13 - 1") reached the end of link "18: JJ_12THROAD" without finding the subsequent link ("10042: JJ14").	Network object type: Vehicle	Network object keys: 8548
                  Warning	Simulation second 1798.90: Vehicle 8715 (on Static Vehicle Route "12 - 1") reached the end of link "20: JJ_MR" without finding the subsequent link ("10029: JJ3").	Network object type: Vehicle	Network object keys: 8715
                  Warning	Simulation second 1805.30: Vehicle 8703 (on Static Vehicle Route "7 - 1") reached the end of link "13: SN_MC" without finding the subsequent link ("10016: SN_JJ_E").	Network object type: Vehicle	Network object keys: 8703
                  Warning	Simulation second 1809.80: Vehicle 8778 (on Static Vehicle Route "12 - 1") reached the end of link "20: JJ_MR" without finding the subsequent link ("10029: JJ3").	Network object type: Vehicle	Network object keys: 8778
                  Warning	Simulation second 1844.70: Vehicle 8967 (on Static Vehicle Route "12 - 1") reached the end of link "20: JJ_MR" without finding the subsequent link ("10029: JJ3").	Network object type: Vehicle	Network object keys: 8967
                  Warning	Simulation second 1854.60: Vehicle 9020 (on Static Vehicle Route "12 - 1") reached the end of link "20: JJ_MR" without finding the subsequent link ("10029: JJ3").	Network object type: Vehicle	Network object keys: 9020
                  Warning	Simulation second 1855.40: Vehicle 9028 (on Static Vehicle Route "12 - 1") reached the end of link "20: JJ_MR" without finding the subsequent link ("10029: JJ3").	Network object type: Vehicle	Network object keys: 9028
                  Warning	Simulation second 1859.90: Vehicle 9047 (on Static Vehicle Route "10 - 1") reached the end of link "21: JJ_C" without finding the subsequent link ("10028: JJ1").	Network object type: Vehicle	Network object keys: 9047
                  Warning	Simulation second 1876.50: Vehicle 9144 (on Static Vehicle Route "12 - 1") reached the end of link "20: JJ_MR" without finding the subsequent link ("10029: JJ3").	Network object type: Vehicle	Network object keys: 9144
                  Warning	Simulation second 1880.10: Vehicle 9165 (on Static Vehicle Route "13 - 1") reached the end of link "18: JJ_12THROAD" without finding the subsequent link ("10042: JJ14").	Network object type: Vehicle	Network object keys: 9165
                  Warning	Simulation second 1901.40: Vehicle 9257 (on Static Vehicle Route "13 - 1") reached the end of link "18: JJ_12THROAD" without finding the subsequent link ("10042: JJ14").	Network object type: Vehicle	Network object keys: 9257
                  Warning	Simulation second 1945.20: Vehicle 9508 (on Static Vehicle Route "12 - 1") reached the end of link "20: JJ_MR" without finding the subsequent link ("10029: JJ3").	Network object type: Vehicle	Network object keys: 9508
                  Warning	Simulation second 1951.90: Vehicle 9484 (on Static Vehicle Route "7 - 1") reached the end of link "13: SN_MC" without finding the subsequent link ("10016: SN_JJ_E").	Network object type: Vehicle	Network object keys: 9484
                  Warning	Simulation second 1957.90: Vehicle 9563 (on Static Vehicle Route "12 - 1") reached the end of link "20: JJ_MR" without finding the subsequent link ("10029: JJ3").	Network object type: Vehicle	Network object keys: 9563
                  Warning	Simulation second 1970.50: Vehicle 9628 (on Static Vehicle Route "11 - 1") reached the end of link "19: JJ_SN" without finding the subsequent link ("10034: JJ4").	Network object type: Vehicle	Network object keys: 9628
                  Warning	Simulation second 1992.50: Vehicle 9715 (on Static Vehicle Route "1 - 1") reached the end of link "1: MC_Me_P" without finding the subsequent link ("10012: MC_ME_SN").	Network object type: Vehicle	Network object keys: 9715
                  Warning	Simulation second 1995.10: Vehicle 9755 (on Static Vehicle Route "12 - 1") reached the end of link "20: JJ_MR" without finding the subsequent link ("10029: JJ3").	Network object type: Vehicle	Network object keys: 9755
                  Warning	Simulation second 1999.90: Vehicle 9768 (on Static Vehicle Route "11 - 1") reached the end of link "19: JJ_SN" without finding the subsequent link ("10034: JJ4").	Network object type: Vehicle	Network object keys: 9768
                  Warning	Simulation second 2001.20: After 60.00 seconds of waiting for lane change the vehicle 9449 (on Static Vehicle Route "1 - 1") was removed from link "1: MC_Me_P" at position 26.958 m.	Network object type: Vehicle	Network object keys: 9449
                  Warning	Simulation second 2006.60: Vehicle 9804 (on Static Vehicle Route "12 - 1") reached the end of link "20: JJ_MR" without finding the subsequent link ("10029: JJ3").	Network object type: Vehicle	Network object keys: 9804
                  Warning	Simulation second 2016.80: Vehicle 9845 (on Static Vehicle Route "13 - 1") reached the end of link "18: JJ_12THROAD" without finding the subsequent link ("10042: JJ14").	Network object type: Vehicle	Network object keys: 9845
                  Warning	Simulation second 2017.70: Vehicle 9872 (on Static Vehicle Route "12 - 1") reached the end of link "20: JJ_MR" without finding the subsequent link ("10029: JJ3").	Network object type: Vehicle	Network object keys: 9872
                  Warning	Simulation second 2021.20: Vehicle 9888 (on Static Vehicle Route "12 - 1") reached the end of link "20: JJ_MR" without finding the subsequent link ("10029: JJ3").	Network object type: Vehicle	Network object keys: 9888
                  Warning	Simulation second 2023.60: Vehicle 9887 (on Static Vehicle Route "13 - 1") reached the end of link "18: JJ_12THROAD" without finding the subsequent link ("10042: JJ14").	Network object type: Vehicle	Network object keys: 9887
                  Warning	Simulation second 2024.90: Vehicle 9901 (on Static Vehicle Route "12 - 1") reached the end of link "20: JJ_MR" without finding the subsequent link ("10029: JJ3").	Network object type: Vehicle	Network object keys: 9901
                  Warning	Simulation second 2042.60: Vehicle 9994 (on Static Vehicle Route "12 - 1") reached the end of link "20: JJ_MR" without finding the subsequent link ("10029: JJ3").	Network object type: Vehicle	Network object keys: 9994
                  Warning	Simulation second 2042.80: Vehicle 9883 (on Static Vehicle Route "1 - 1") reached the end of link "1: MC_Me_P" without finding the subsequent link ("10012: MC_ME_SN").	Network object type: Vehicle	Network object keys: 9883
                  Warning	Simulation second 2044.70: Vehicle 9980 (on Static Vehicle Route "13 - 1") reached the end of link "18: JJ_12THROAD" without finding the subsequent link ("10042: JJ14").	Network object type: Vehicle	Network object keys: 9980
                  Warning	Simulation second 2046.20: Vehicle 9990 (on Static Vehicle Route "13 - 1") reached the end of link "18: JJ_12THROAD" without finding the subsequent link ("10042: JJ14").	Network object type: Vehicle	Network object keys: 9990
                  Warning	Simulation second 2053.20: Vehicle 10050 (on Static Vehicle Route "12 - 1") reached the end of link "20: JJ_MR" without finding the subsequent link ("10029: JJ3").	Network object type: Vehicle	Network object keys: 10050
                  Warning	Simulation second 2063.20: Vehicle 10114 (on Static Vehicle Route "12 - 1") reached the end of link "20: JJ_MR" without finding the subsequent link ("10029: JJ3").	Network object type: Vehicle	Network object keys: 10114
                  Warning	Simulation second 2066.80: Vehicle 10127 (on Static Vehicle Route "13 - 1") reached the end of link "18: JJ_12THROAD" without finding the subsequent link ("10042: JJ14").	Network object type: Vehicle	Network object keys: 10127
                  Warning	Simulation second 2073.70: Vehicle 10171 (on Static Vehicle Route "13 - 1") reached the end of link "18: JJ_12THROAD" without finding the subsequent link ("10042: JJ14").	Network object type: Vehicle	Network object keys: 10171
                  Warning	Simulation second 2105.40: Vehicle 10339 (on Static Vehicle Route "13 - 1") reached the end of link "18: JJ_12THROAD" without finding the subsequent link ("10042: JJ14").	Network object type: Vehicle	Network object keys: 10339
                  Warning	Simulation second 2116.20: Vehicle 10429 (on Static Vehicle Route "10 - 1") reached the end of link "21: JJ_C" without finding the subsequent link ("10028: JJ1").	Network object type: Vehicle	Network object keys: 10429
                  Warning	Simulation second 2129.20: Vehicle 10473 (on Static Vehicle Route "10 - 1") reached the end of link "21: JJ_C" without finding the subsequent link ("10028: JJ1").	Network object type: Vehicle	Network object keys: 10473
                  Warning	Simulation second 2134.80: After 60.00 seconds of waiting for lane change the vehicle 9407 (on Static Vehicle Route "4 - 1") was removed from link "7: MC_R_P" at position 117.437 m.	Network object type: Vehicle	Network object keys: 9407
                  Warning	Simulation second 2135.80: After 60.00 seconds of waiting for lane change the vehicle 10102 (on Static Vehicle Route "4 - 1") was removed from link "7: MC_R_P" at position 117.437 m.	Network object type: Vehicle	Network object keys: 10102
                  Warning	Simulation second 2140.70: Vehicle 10481 (on Static Vehicle Route "7 - 1") reached the end of link "13: SN_MC" without finding the subsequent link ("10016: SN_JJ_E").	Network object type: Vehicle	Network object keys: 10481
                  Warning	Simulation second 2179.30: Vehicle 10663 (on Static Vehicle Route "12 - 1") reached the end of link "20: JJ_MR" without finding the subsequent link ("10029: JJ3").	Network object type: Vehicle	Network object keys: 10663
                  Warning	Simulation second 2183.40: Vehicle 10692 (on Static Vehicle Route "12 - 1") reached the end of link "20: JJ_MR" without finding the subsequent link ("10029: JJ3").	Network object type: Vehicle	Network object keys: 10692
                  Warning	Simulation second 2202.80: After 60.00 seconds of waiting for lane change the vehicle 10103 (on Static Vehicle Route "4 - 1") was removed from link "7: MC_R_P" at position 117.437 m.	Network object type: Vehicle	Network object keys: 10103
                  Warning	Simulation second 2204.20: Vehicle 10803 (on Static Vehicle Route "12 - 1") reached the end of link "20: JJ_MR" without finding the subsequent link ("10029: JJ3").	Network object type: Vehicle	Network object keys: 10803
                  Warning	Simulation second 2232.40: Vehicle 10937 (on Static Vehicle Route "11 - 1") reached the end of link "19: JJ_SN" without finding the subsequent link ("10034: JJ4").	Network object type: Vehicle	Network object keys: 10937
                  Warning	Simulation second 2237.90: Vehicle 10965 (on Static Vehicle Route "11 - 1") reached the end of link "19: JJ_SN" without finding the subsequent link ("10034: JJ4").	Network object type: Vehicle	Network object keys: 10965
                  Warning	Simulation second 2250.60: Vehicle 11005 (on Static Vehicle Route "1 - 1") reached the end of link "1: MC_Me_P" without finding the subsequent link ("10012: MC_ME_SN").	Network object type: Vehicle	Network object keys: 11005
                  Warning	Simulation second 2265.10: Vehicle 11117 (on Static Vehicle Route "10 - 1") reached the end of link "21: JJ_C" without finding the subsequent link ("10028: JJ1").	Network object type: Vehicle	Network object keys: 11117
                  Warning	Simulation second 2290.50: Vehicle 11227 (on Static Vehicle Route "12 - 1") reached the end of link "20: JJ_MR" without finding the subsequent link ("10029: JJ3").	Network object type: Vehicle	Network object keys: 11227
                  Warning	Simulation second 2291.20: Vehicle 11228 (on Static Vehicle Route "10 - 1") reached the end of link "21: JJ_C" without finding the subsequent link ("10028: JJ1").	Network object type: Vehicle	Network object keys: 11228
                  Warning	Simulation second 2327.90: Vehicle 11390 (on Static Vehicle Route "12 - 1") reached the end of link "20: JJ_MR" without finding the subsequent link ("10029: JJ3").	Network object type: Vehicle	Network object keys: 11390
                  Warning	Simulation second 2329.70: Vehicle 11399 (on Static Vehicle Route "12 - 1") reached the end of link "20: JJ_MR" without finding the subsequent link ("10029: JJ3").	Network object type: Vehicle	Network object keys: 11399
                  Warning	Simulation second 2342.80: Vehicle 11239 (on Static Vehicle Route "1 - 1") reached the end of link "1: MC_Me_P" without finding the subsequent link ("10012: MC_ME_SN").	Network object type: Vehicle	Network object keys: 11239
                  Warning	Simulation second 2350.80: Vehicle 11448 (on Static Vehicle Route "7 - 1") reached the end of link "13: SN_MC" without finding the subsequent link ("10016: SN_JJ_E").	Network object type: Vehicle	Network object keys: 11448
                  Warning	Simulation second 2355.00: Vehicle 11508 (on Static Vehicle Route "10 - 1") reached the end of link "21: JJ_C" without finding the subsequent link ("10028: JJ1").	Network object type: Vehicle	Network object keys: 11508
                  Warning	Simulation second 2369.30: Vehicle 11571 (on Static Vehicle Route "13 - 1") reached the end of link "18: JJ_12THROAD" without finding the subsequent link ("10042: JJ14").	Network object type: Vehicle	Network object keys: 11571
                  Warning	Simulation second 2380.70: Vehicle 11608 (on Static Vehicle Route "12 - 1") reached the end of link "20: JJ_MR" without finding the subsequent link ("10029: JJ3").	Network object type: Vehicle	Network object keys: 11608
                  Warning	Simulation second 2403.60: Vehicle 11723 (on Static Vehicle Route "13 - 1") reached the end of link "18: JJ_12THROAD" without finding the subsequent link ("10042: JJ14").	Network object type: Vehicle	Network object keys: 11723
                  Warning	Simulation second 2439.80: Vehicle 11934 (on Static Vehicle Route "13 - 1") reached the end of link "18: JJ_12THROAD" without finding the subsequent link ("10042: JJ14").	Network object type: Vehicle	Network object keys: 11934
                  Warning	Simulation second 2458.10: Vehicle 12039 (on Static Vehicle Route "10 - 1") reached the end of link "21: JJ_C" without finding the subsequent link ("10028: JJ1").	Network object type: Vehicle	Network object keys: 12039
                  Warning	Simulation second 2470.40: Vehicle 12099 (on Static Vehicle Route "12 - 1") reached the end of link "20: JJ_MR" without finding the subsequent link ("10029: JJ3").	Network object type: Vehicle	Network object keys: 12099
                  Warning	Simulation second 2505.20: Vehicle 12261 (on Static Vehicle Route "12 - 1") reached the end of link "20: JJ_MR" without finding the subsequent link ("10029: JJ3").	Network object type: Vehicle	Network object keys: 12261
                  Warning	Simulation second 2520.60: Vehicle 12321 (on Static Vehicle Route "12 - 1") reached the end of link "20: JJ_MR" without finding the subsequent link ("10029: JJ3").	Network object type: Vehicle	Network object keys: 12321
                  Warning	Simulation second 2548.30: Vehicle 12484 (on Static Vehicle Route "12 - 1") reached the end of link "20: JJ_MR" without finding the subsequent link ("10029: JJ3").	Network object type: Vehicle	Network object keys: 12484
                  Warning	Simulation second 2558.00: Vehicle 12536 (on Static Vehicle Route "12 - 1") reached the end of link "20: JJ_MR" without finding the subsequent link ("10029: JJ3").	Network object type: Vehicle	Network object keys: 12536
                  Warning	Simulation second 2560.50: Vehicle 12537 (on Static Vehicle Route "13 - 1") reached the end of link "18: JJ_12THROAD" without finding the subsequent link ("10042: JJ14").	Network object type: Vehicle	Network object keys: 12537
                  Warning	Simulation second 2570.20: Vehicle 12600 (on Static Vehicle Route "12 - 1") reached the end of link "20: JJ_MR" without finding the subsequent link ("10029: JJ3").	Network object type: Vehicle	Network object keys: 12600
                  Warning	Simulation second 2571.70: Vehicle 12613 (on Static Vehicle Route "12 - 1") reached the end of link "20: JJ_MR" without finding the subsequent link ("10029: JJ3").	Network object type: Vehicle	Network object keys: 12613
                  Warning	Simulation second 2632.40: Vehicle 12892 (on Static Vehicle Route "12 - 1") reached the end of link "20: JJ_MR" without finding the subsequent link ("10029: JJ3").	Network object type: Vehicle	Network object keys: 12892
                  Warning	Simulation second 2646.80: Vehicle 12945 (on Static Vehicle Route "10 - 1") reached the end of link "21: JJ_C" without finding the subsequent link ("10028: JJ1").	Network object type: Vehicle	Network object keys: 12945
                  Warning	Simulation second 2655.10: Vehicle 12985 (on Static Vehicle Route "12 - 1") reached the end of link "20: JJ_MR" without finding the subsequent link ("10029: JJ3").	Network object type: Vehicle	Network object keys: 12985
                  Warning	Simulation second 2671.50: Vehicle 13059 (on Static Vehicle Route "10 - 1") reached the end of link "21: JJ_C" without finding the subsequent link ("10028: JJ1").	Network object type: Vehicle	Network object keys: 13059
                  Warning	Simulation second 2684.10: Vehicle 13112 (on Static Vehicle Route "12 - 1") reached the end of link "20: JJ_MR" without finding the subsequent link ("10029: JJ3").	Network object type: Vehicle	Network object keys: 13112
                  Warning	Simulation second 2695.40: Vehicle 13157 (on Static Vehicle Route "13 - 1") reached the end of link "18: JJ_12THROAD" without finding the subsequent link ("10042: JJ14").	Network object type: Vehicle	Network object keys: 13157
                  Warning	Simulation second 2695.70: Vehicle 12986 (on Static Vehicle Route "1 - 1") reached the end of link "1: MC_Me_P" without finding the subsequent link ("10012: MC_ME_SN").	Network object type: Vehicle	Network object keys: 12986
                  Warning	Simulation second 2733.50: Vehicle 13327 (on Static Vehicle Route "13 - 1") reached the end of link "18: JJ_12THROAD" without finding the subsequent link ("10042: JJ14").	Network object type: Vehicle	Network object keys: 13327
                  Warning	Simulation second 2734.90: Vehicle 13338 (on Static Vehicle Route "10 - 1") reached the end of link "21: JJ_C" without finding the subsequent link ("10028: JJ1").	Network object type: Vehicle	Network object keys: 13338
                  Warning	Simulation second 2742.50: Vehicle 13373 (on Static Vehicle Route "10 - 1") reached the end of link "21: JJ_C" without finding the subsequent link ("10028: JJ1").	Network object type: Vehicle	Network object keys: 13373
                  Warning	Simulation second 2756.10: Vehicle 12977 (on Static Vehicle Route "1 - 1") reached the end of link "1: MC_Me_P" without finding the subsequent link ("10012: MC_ME_SN").	Network object type: Vehicle	Network object keys: 12977
                  Warning	Simulation second 2763.00: Vehicle 13462 (on Static Vehicle Route "10 - 1") reached the end of link "21: JJ_C" without finding the subsequent link ("10028: JJ1").	Network object type: Vehicle	Network object keys: 13462
                  Warning	Simulation second 2786.10: Vehicle 13587 (on Static Vehicle Route "12 - 1") reached the end of link "20: JJ_MR" without finding the subsequent link ("10029: JJ3").	Network object type: Vehicle	Network object keys: 13587
                  Warning	Simulation second 2797.20: Vehicle 13635 (on Static Vehicle Route "12 - 1") reached the end of link "20: JJ_MR" without finding the subsequent link ("10029: JJ3").	Network object type: Vehicle	Network object keys: 13635
                  Warning	Simulation second 2819.80: Vehicle 13662 (on Static Vehicle Route "7 - 1") reached the end of link "13: SN_MC" without finding the subsequent link ("10016: SN_JJ_E").	Network object type: Vehicle	Network object keys: 13662
                  Warning	Simulation second 2873.70: Vehicle 14012 (on Static Vehicle Route "12 - 1") reached the end of link "20: JJ_MR" without finding the subsequent link ("10029: JJ3").	Network object type: Vehicle	Network object keys: 14012
                  Warning	Simulation second 2874.10: Vehicle 14000 (on Static Vehicle Route "11 - 1") reached the end of link "19: JJ_SN" without finding the subsequent link ("10034: JJ4").	Network object type: Vehicle	Network object keys: 14000
                  Warning	Simulation second 2896.40: Vehicle 14124 (on Static Vehicle Route "13 - 1") reached the end of link "18: JJ_12THROAD" without finding the subsequent link ("10042: JJ14").	Network object type: Vehicle	Network object keys: 14124
                  Warning	Simulation second 2934.70: Vehicle 14284 (on Static Vehicle Route "12 - 1") reached the end of link "20: JJ_MR" without finding the subsequent link ("10029: JJ3").	Network object type: Vehicle	Network object keys: 14284
                  Warning	Simulation second 2942.50: Vehicle 14218 (on Static Vehicle Route "1 - 1") reached the end of link "1: MC_Me_P" without finding the subsequent link ("10012: MC_ME_SN").	Network object type: Vehicle	Network object keys: 14218
                  Warning	Simulation second 2968.90: Vehicle 14446 (on Static Vehicle Route "13 - 1") reached the end of link "18: JJ_12THROAD" without finding the subsequent link ("10042: JJ14").	Network object type: Vehicle	Network object keys: 14446
                  Warning	Simulation second 3004.80: After 60.00 seconds of waiting for lane change the vehicle 14149 (on Static Vehicle Route "1 - 1") was removed from link "1: MC_Me_P" at position 26.958 m.	Network object type: Vehicle	Network object keys: 14149
                  Warning	Simulation second 3025.40: Vehicle 14717 (on Static Vehicle Route "1 - 1") reached the end of link "1: MC_Me_P" without finding the subsequent link ("10012: MC_ME_SN").	Network object type: Vehicle	Network object keys: 14717
                  Warning	Simulation second 3043.70: Vehicle 14842 (on Static Vehicle Route "10 - 1") reached the end of link "21: JJ_C" without finding the subsequent link ("10028: JJ1").	Network object type: Vehicle	Network object keys: 14842
                  Warning	Simulation second 3043.90: Vehicle 14799 (on Static Vehicle Route "1 - 1") reached the end of link "1: MC_Me_P" without finding the subsequent link ("10012: MC_ME_SN").	Network object type: Vehicle	Network object keys: 14799
                  Warning	Simulation second 3072.60: Vehicle 14973 (on Static Vehicle Route "11 - 1") reached the end of link "19: JJ_SN" without finding the subsequent link ("10034: JJ4").	Network object type: Vehicle	Network object keys: 14973
                  Warning	Simulation second 3084.60: Vehicle 15022 (on Static Vehicle Route "1 - 1") reached the end of link "1: MC_Me_P" without finding the subsequent link ("10012: MC_ME_SN").	Network object type: Vehicle	Network object keys: 15022
                  Warning	Simulation second 3097.40: Vehicle 15062 (on Static Vehicle Route "2 - 1") reached the end of link "3: MC_SN_P" without finding the subsequent link ("10013: MC_SN_MD").	Network object type: Vehicle	Network object keys: 15062
                  Warning	Simulation second 3099.60: Vehicle 15099 (on Static Vehicle Route "12 - 1") reached the end of link "20: JJ_MR" without finding the subsequent link ("10029: JJ3").	Network object type: Vehicle	Network object keys: 15099
                  Warning	Simulation second 3122.90: Vehicle 15193 (on Static Vehicle Route "13 - 1") reached the end of link "18: JJ_12THROAD" without finding the subsequent link ("10042: JJ14").	Network object type: Vehicle	Network object keys: 15193
                  Warning	Simulation second 3142.00: Vehicle 15005 (on Static Vehicle Route "1 - 1") reached the end of link "1: MC_Me_P" without finding the subsequent link ("10012: MC_ME_SN").	Network object type: Vehicle	Network object keys: 15005
                  Warning	Simulation second 3183.80: Vehicle 15473 (on Static Vehicle Route "12 - 1") reached the end of link "20: JJ_MR" without finding the subsequent link ("10029: JJ3").	Network object type: Vehicle	Network object keys: 15473
                  Warning	Simulation second 3220.60: Vehicle 15644 (on Static Vehicle Route "10 - 1") reached the end of link "21: JJ_C" without finding the subsequent link ("10028: JJ1").	Network object type: Vehicle	Network object keys: 15644
                  Warning	Simulation second 3237.70: Vehicle 15608 (on Static Vehicle Route "1 - 1") reached the end of link "1: MC_Me_P" without finding the subsequent link ("10012: MC_ME_SN").	Network object type: Vehicle	Network object keys: 15608
                  Warning	Simulation second 3240.70: Vehicle 15739 (on Static Vehicle Route "10 - 1") reached the end of link "21: JJ_C" without finding the subsequent link ("10028: JJ1").	Network object type: Vehicle	Network object keys: 15739
                  Warning	Simulation second 3247.60: Vehicle 15765 (on Static Vehicle Route "13 - 1") reached the end of link "18: JJ_12THROAD" without finding the subsequent link ("10042: JJ14").	Network object type: Vehicle	Network object keys: 15765
                  Warning	Simulation second 3254.20: Vehicle 15807 (on Static Vehicle Route "12 - 1") reached the end of link "20: JJ_MR" without finding the subsequent link ("10029: JJ3").	Network object type: Vehicle	Network object keys: 15807
                  Warning	Simulation second 3255.00: After 60.00 seconds of waiting for lane change the vehicle 14033 (on Static Vehicle Route "4 - 1") was removed from link "7: MC_R_P" at position 117.437 m.	Network object type: Vehicle	Network object keys: 14033
                  Warning	Simulation second 3259.20: Vehicle 15820 (on Static Vehicle Route "11 - 1") reached the end of link "19: JJ_SN" without finding the subsequent link ("10034: JJ4").	Network object type: Vehicle	Network object keys: 15820
                  Warning	Simulation second 3279.40: Vehicle 15908 (on Static Vehicle Route "12 - 1") reached the end of link "20: JJ_MR" without finding the subsequent link ("10029: JJ3").	Network object type: Vehicle	Network object keys: 15908
                  Warning	Simulation second 3280.30: Vehicle 15914 (on Static Vehicle Route "12 - 1") reached the end of link "20: JJ_MR" without finding the subsequent link ("10029: JJ3").	Network object type: Vehicle	Network object keys: 15914
                  Warning	Simulation second 3295.80: Vehicle 15968 (on Static Vehicle Route "13 - 1") reached the end of link "18: JJ_12THROAD" without finding the subsequent link ("10042: JJ14").	Network object type: Vehicle	Network object keys: 15968
                  Warning	Simulation second 3329.50: Vehicle 16156 (on Static Vehicle Route "12 - 1") reached the end of link "20: JJ_MR" without finding the subsequent link ("10029: JJ3").	Network object type: Vehicle	Network object keys: 16156
                  Warning	Simulation second 3374.10: Vehicle 16371 (on Static Vehicle Route "12 - 1") reached the end of link "20: JJ_MR" without finding the subsequent link ("10029: JJ3").	Network object type: Vehicle	Network object keys: 16371
                  Warning	Simulation second 3374.80: Vehicle 16379 (on Static Vehicle Route "10 - 1") reached the end of link "21: JJ_C" without finding the subsequent link ("10028: JJ1").	Network object type: Vehicle	Network object keys: 16379
                  Warning	Simulation second 3376.00: Vehicle 16382 (on Static Vehicle Route "12 - 1") reached the end of link "20: JJ_MR" without finding the subsequent link ("10029: JJ3").	Network object type: Vehicle	Network object keys: 16382
                  Warning	Simulation second 3402.40: Vehicle 16499 (on Static Vehicle Route "12 - 1") reached the end of link "20: JJ_MR" without finding the subsequent link ("10029: JJ3").	Network object type: Vehicle	Network object keys: 16499
                  Warning	Simulation second 3405.00: Vehicle 16520 (on Static Vehicle Route "12 - 1") reached the end of link "20: JJ_MR" without finding the subsequent link ("10029: JJ3").	Network object type: Vehicle	Network object keys: 16520
                  Warning	Simulation second 3420.40: Vehicle 16621 (on Static Vehicle Route "12 - 1") reached the end of link "20: JJ_MR" without finding the subsequent link ("10029: JJ3").	Network object type: Vehicle	Network object keys: 16621
                  Warning	Simulation second 3422.90: After 60.00 seconds of waiting for lane change the vehicle 15671 (on Static Vehicle Route "1 - 1") was removed from link "1: MC_Me_P" at position 26.958 m.	Network object type: Vehicle	Network object keys: 15671
                  Warning	Simulation second 3482.30: Vehicle 16952 (on Static Vehicle Route "10 - 1") reached the end of link "21: JJ_C" without finding the subsequent link ("10028: JJ1").	Network object type: Vehicle	Network object keys: 16952
                  Warning	Simulation second 3482.40: Vehicle 16953 (on Static Vehicle Route "12 - 1") reached the end of link "20: JJ_MR" without finding the subsequent link ("10029: JJ3").	Network object type: Vehicle	Network object keys: 16953
                  Warning	Simulation second 3483.40: Vehicle 16705 (on Static Vehicle Route "1 - 1") reached the end of link "1: MC_Me_P" without finding the subsequent link ("10012: MC_ME_SN").	Network object type: Vehicle	Network object keys: 16705
                  Warning	Simulation second 3488.90: After 60.00 seconds of waiting for lane change the vehicle 16034 (on Static Vehicle Route "1 - 1") was removed from link "1: MC_Me_P" at position 26.958 m.	Network object type: Vehicle	Network object keys: 16034
                  Warning	Simulation second 3512.70: Vehicle 17091 (on Static Vehicle Route "12 - 1") reached the end of link "20: JJ_MR" without finding the subsequent link ("10029: JJ3").	Network object type: Vehicle	Network object keys: 17091
                  Warning	Simulation second 3527.10: Vehicle 17162 (on Static Vehicle Route "10 - 1") reached the end of link "21: JJ_C" without finding the subsequent link ("10028: JJ1").	Network object type: Vehicle	Network object keys: 17162
                  Warning	Simulation second 3532.80: Vehicle 17073 (on Static Vehicle Route "1 - 1") reached the end of link "1: MC_Me_P" without finding the subsequent link ("10012: MC_ME_SN").	Network object type: Vehicle	Network object keys: 17073
                  Warning	Simulation second 3536.30: Vehicle 16734 (on Static Vehicle Route "1 - 1") reached the end of link "1: MC_Me_P" without finding the subsequent link ("10012: MC_ME_SN").	Network object type: Vehicle	Network object keys: 16734
                  Warning	Simulation second 3540.90: Vehicle 17223 (on Static Vehicle Route "12 - 1") reached the end of link "20: JJ_MR" without finding the subsequent link ("10029: JJ3").	Network object type: Vehicle	Network object keys: 17223
                  Warning	Simulation second 3552.30: Vehicle 17301 (on Static Vehicle Route "10 - 1") reached the end of link "21: JJ_C" without finding the subsequent link ("10028: JJ1").	Network object type: Vehicle	Network object keys: 17301
                  Warning	Simulation second 3573.30: After 60.00 seconds of waiting for lane change the vehicle 17023 (on Static Vehicle Route "1 - 1") was removed from link "1: MC_Me_P" at position 26.958 m.	Network object type: Vehicle	Network object keys: 17023
                  Warning	Simulation second 3574.80: Vehicle 17447 (on Static Vehicle Route "12 - 1") reached the end of link "20: JJ_MR" without finding the subsequent link ("10029: JJ3").	Network object type: Vehicle	Network object keys: 17447
                  Warning	Simulation second 3581.40: Vehicle 17480 (on Static Vehicle Route "12 - 1") reached the end of link "20: JJ_MR" without finding the subsequent link ("10029: JJ3").	Network object type: Vehicle	Network object keys: 17480
                  Warning	Simulation second 3590.10: Vehicle 17511 (on Static Vehicle Route "12 - 1") reached the end of link "20: JJ_MR" without finding the subsequent link ("10029: JJ3").	Network object type: Vehicle	Network object keys: 17511
                  Warning	Simulation second 3598.20: Vehicle 17074 (on Static Vehicle Route "1 - 1") reached the end of link "1: MC_Me_P" without finding the subsequent link ("10012: MC_ME_SN").	Network object type: Vehicle	Network object keys: 17074
                  Warning	Simulation second 3599.00: Vehicle 17075 (on Static Vehicle Route "1 - 1") reached the end of link "1: MC_Me_P" without finding the subsequent link ("10012: MC_ME_SN").	Network object type: Vehicle	Network object keys: 17075
                  Warning	Vehicle input 2 could not be finished completely (remain: 255 vehicles).	Network object type: Vehicle Input	Network object keys: 2
                  Warning	Vehicle input 3 could not be finished completely (remain: 181 vehicles).	Network object type: Vehicle Input	Network object keys: 3
