                  Warning	The node "1: JJ" used for the evaluation is ignored because it has neither edges nor turns. Please check the modeling of the network or disable the attribute "Use for evaluation" of the node.	Network object type: Node	Network object keys: 1
                  Warning	Simulation second 97.70: Vehicle 325 (on Static Vehicle Route "12 - 1") reached the end of link "20: JJ_MR" without finding the subsequent link ("10029: JJ3").	Network object type: Vehicle	Network object keys: 325
                  Warning	Simulation second 157.90: Vehicle 644 (on Static Vehicle Route "12 - 1") reached the end of link "20: JJ_MR" without finding the subsequent link ("10029: JJ3").	Network object type: Vehicle	Network object keys: 644
                  Warning	Simulation second 231.90: Vehicle 945 (on Static Vehicle Route "11 - 1") reached the end of link "19: JJ_SN" without finding the subsequent link ("10034: JJ4").	Network object type: Vehicle	Network object keys: 945
                  Warning	Simulation second 255.40: Vehicle 1166 (on Static Vehicle Route "1 - 1") reached the end of link "1: MC_Me_P" without finding the subsequent link ("10012: MC_ME_SN").	Network object type: Vehicle	Network object keys: 1166
                  Warning	Simulation second 272.80: Vehicle 1098 (on Static Vehicle Route "12 - 1") reached the end of link "20: JJ_MR" without finding the subsequent link ("10029: JJ3").	Network object type: Vehicle	Network object keys: 1098
                  Warning	Simulation second 289.50: Vehicle 1311 (on Static Vehicle Route "1 - 1") reached the end of link "1: MC_Me_P" without finding the subsequent link ("10012: MC_ME_SN").	Network object type: Vehicle	Network object keys: 1311
                  Warning	Simulation second 290.80: Vehicle 1239 (on Static Vehicle Route "11 - 1") reached the end of link "19: JJ_SN" without finding the subsequent link ("10034: JJ4").	Network object type: Vehicle	Network object keys: 1239
                  Warning	Simulation second 323.60: Vehicle 1039 (on Static Vehicle Route "13 - 1") reached the end of link "18: JJ_12THROAD" without finding the subsequent link ("10042: JJ14").	Network object type: Vehicle	Network object keys: 1039
                  Warning	Simulation second 338.00: Vehicle 1316 (on Static Vehicle Route "12 - 1") reached the end of link "20: JJ_MR" without finding the subsequent link ("10029: JJ3").	Network object type: Vehicle	Network object keys: 1316
                  Warning	Simulation second 344.40: Vehicle 1498 (on Static Vehicle Route "11 - 1") reached the end of link "19: JJ_SN" without finding the subsequent link ("10034: JJ4").	Network object type: Vehicle	Network object keys: 1498
                  Warning	Simulation second 398.80: Vehicle 1688 (on Static Vehicle Route "12 - 1") reached the end of link "20: JJ_MR" without finding the subsequent link ("10029: JJ3").	Network object type: Vehicle	Network object keys: 1688
                  Warning	Simulation second 411.50: Vehicle 1919 (on Static Vehicle Route "1 - 1") reached the end of link "1: MC_Me_P" without finding the subsequent link ("10012: MC_ME_SN").	Network object type: Vehicle	Network object keys: 1919
                  Warning	Simulation second 418.60: Vehicle 1932 (on Static Vehicle Route "10 - 1") reached the end of link "21: JJ_C" without finding the subsequent link ("10028: JJ1").	Network object type: Vehicle	Network object keys: 1932
                  Warning	Simulation second 420.20: Vehicle 1962 (on Static Vehicle Route "10 - 1") reached the end of link "21: JJ_C" without finding the subsequent link ("10028: JJ1").	Network object type: Vehicle	Network object keys: 1962
                  Warning	Simulation second 447.90: Vehicle 1991 (on Static Vehicle Route "13 - 1") reached the end of link "18: JJ_12THROAD" without finding the subsequent link ("10042: JJ14").	Network object type: Vehicle	Network object keys: 1991
                  Warning	Simulation second 479.30: Vehicle 2185 (on Static Vehicle Route "10 - 1") reached the end of link "21: JJ_C" without finding the subsequent link ("10028: JJ1").	Network object type: Vehicle	Network object keys: 2185
                  Warning	Simulation second 512.10: Vehicle 2199 (on Static Vehicle Route "12 - 1") reached the end of link "20: JJ_MR" without finding the subsequent link ("10029: JJ3").	Network object type: Vehicle	Network object keys: 2199
                  Warning	Simulation second 513.80: Vehicle 2210 (on Static Vehicle Route "12 - 1") reached the end of link "20: JJ_MR" without finding the subsequent link ("10029: JJ3").	Network object type: Vehicle	Network object keys: 2210
                  Warning	Simulation second 521.20: Vehicle 2440 (on Static Vehicle Route "1 - 1") reached the end of link "1: MC_Me_P" without finding the subsequent link ("10012: MC_ME_SN").	Network object type: Vehicle	Network object keys: 2440
                  Warning	Simulation second 532.10: Vehicle 2461 (on Static Vehicle Route "11 - 1") reached the end of link "19: JJ_SN" without finding the subsequent link ("10034: JJ4").	Network object type: Vehicle	Network object keys: 2461
                  Warning	Simulation second 536.40: Vehicle 2316 (on Static Vehicle Route "10 - 1") reached the end of link "21: JJ_C" without finding the subsequent link ("10028: JJ1").	Network object type: Vehicle	Network object keys: 2316
                  Warning	Simulation second 564.80: Vehicle 2413 (on Static Vehicle Route "13 - 1") reached the end of link "18: JJ_12THROAD" without finding the subsequent link ("10042: JJ14").	Network object type: Vehicle	Network object keys: 2413
                  Warning	Simulation second 572.10: Vehicle 2519 (on Static Vehicle Route "12 - 1") reached the end of link "20: JJ_MR" without finding the subsequent link ("10029: JJ3").	Network object type: Vehicle	Network object keys: 2519
                  Warning	Simulation second 572.90: Vehicle 2535 (on Static Vehicle Route "12 - 1") reached the end of link "20: JJ_MR" without finding the subsequent link ("10029: JJ3").	Network object type: Vehicle	Network object keys: 2535
                  Warning	Simulation second 573.80: Vehicle 2689 (on Static Vehicle Route "1 - 1") reached the end of link "1: MC_Me_P" without finding the subsequent link ("10012: MC_ME_SN").	Network object type: Vehicle	Network object keys: 2689
                  Warning	Simulation second 574.80: Vehicle 2556 (on Static Vehicle Route "12 - 1") reached the end of link "20: JJ_MR" without finding the subsequent link ("10029: JJ3").	Network object type: Vehicle	Network object keys: 2556
                  Warning	Simulation second 582.00: Vehicle 2579 (on Static Vehicle Route "12 - 1") reached the end of link "20: JJ_MR" without finding the subsequent link ("10029: JJ3").	Network object type: Vehicle	Network object keys: 2579
                  Warning	Simulation second 583.70: Vehicle 2554 (on Static Vehicle Route "12 - 1") reached the end of link "20: JJ_MR" without finding the subsequent link ("10029: JJ3").	Network object type: Vehicle	Network object keys: 2554
                  Warning	Simulation second 586.80: Vehicle 2492 (on Static Vehicle Route "11 - 1") reached the end of link "19: JJ_SN" without finding the subsequent link ("10034: JJ4").	Network object type: Vehicle	Network object keys: 2492
                  Warning	Simulation second 640.80: Vehicle 2879 (on Static Vehicle Route "12 - 1") reached the end of link "20: JJ_MR" without finding the subsequent link ("10029: JJ3").	Network object type: Vehicle	Network object keys: 2879
                  Warning	Simulation second 659.00: Vehicle 2968 (on Static Vehicle Route "10 - 1") reached the end of link "21: JJ_C" without finding the subsequent link ("10028: JJ1").	Network object type: Vehicle	Network object keys: 2968
                  Warning	Simulation second 759.30: After 60.00 seconds of waiting for lane change the vehicle 3073 (on Static Vehicle Route "12 - 1") was removed from link "20: JJ_MR" at position 15.638 m.	Network object type: Vehicle	Network object keys: 3073
                  Warning	Simulation second 763.10: Vehicle 3518 (on Static Vehicle Route "12 - 1") reached the end of link "20: JJ_MR" without finding the subsequent link ("10029: JJ3").	Network object type: Vehicle	Network object keys: 3518
                  Warning	Simulation second 764.40: Vehicle 3287 (on Static Vehicle Route "11 - 1") reached the end of link "19: JJ_SN" without finding the subsequent link ("10034: JJ4").	Network object type: Vehicle	Network object keys: 3287
                  Warning	Simulation second 776.70: Vehicle 3442 (on Static Vehicle Route "10 - 1") reached the end of link "21: JJ_C" without finding the subsequent link ("10028: JJ1").	Network object type: Vehicle	Network object keys: 3442
                  Warning	Simulation second 806.70: Vehicle 3534 (on Static Vehicle Route "13 - 1") reached the end of link "18: JJ_12THROAD" without finding the subsequent link ("10042: JJ14").	Network object type: Vehicle	Network object keys: 3534
                  Warning	Simulation second 809.00: Vehicle 3517 (on Static Vehicle Route "13 - 1") reached the end of link "18: JJ_12THROAD" without finding the subsequent link ("10042: JJ14").	Network object type: Vehicle	Network object keys: 3517
                  Warning	Simulation second 817.90: Vehicle 3595 (on Static Vehicle Route "12 - 1") reached the end of link "20: JJ_MR" without finding the subsequent link ("10029: JJ3").	Network object type: Vehicle	Network object keys: 3595
                  Warning	Simulation second 818.30: Vehicle 3793 (on Static Vehicle Route "7 - 1") reached the end of link "13: SN_MC" without finding the subsequent link ("10016: SN_JJ_E").	Network object type: Vehicle	Network object keys: 3793
                  Warning	Simulation second 828.70: Vehicle 3795 (on Static Vehicle Route "11 - 1") reached the end of link "19: JJ_SN" without finding the subsequent link ("10034: JJ4").	Network object type: Vehicle	Network object keys: 3795
                  Warning	Simulation second 838.10: Vehicle 3701 (on Static Vehicle Route "10 - 1") reached the end of link "21: JJ_C" without finding the subsequent link ("10028: JJ1").	Network object type: Vehicle	Network object keys: 3701
                  Warning	Simulation second 875.10: Vehicle 3928 (on Static Vehicle Route "12 - 1") reached the end of link "20: JJ_MR" without finding the subsequent link ("10029: JJ3").	Network object type: Vehicle	Network object keys: 3928
                  Warning	Simulation second 933.00: Vehicle 4103 (on Static Vehicle Route "13 - 1") reached the end of link "18: JJ_12THROAD" without finding the subsequent link ("10042: JJ14").	Network object type: Vehicle	Network object keys: 4103
                  Warning	Simulation second 973.80: Vehicle 4507 (on Static Vehicle Route "1 - 1") reached the end of link "1: MC_Me_P" without finding the subsequent link ("10012: MC_ME_SN").	Network object type: Vehicle	Network object keys: 4507
                  Warning	Simulation second 1076.40: Vehicle 4822 (on Static Vehicle Route "10 - 1") reached the end of link "21: JJ_C" without finding the subsequent link ("10028: JJ1").	Network object type: Vehicle	Network object keys: 4822
                  Warning	Simulation second 1119.80: Vehicle 5093 (on Static Vehicle Route "12 - 1") reached the end of link "20: JJ_MR" without finding the subsequent link ("10029: JJ3").	Network object type: Vehicle	Network object keys: 5093
                  Warning	Simulation second 1120.90: Vehicle 5152 (on Static Vehicle Route "12 - 1") reached the end of link "20: JJ_MR" without finding the subsequent link ("10029: JJ3").	Network object type: Vehicle	Network object keys: 5152
                  Warning	Simulation second 1154.60: After 60.00 seconds of waiting for lane change the vehicle 5101 (on Static Vehicle Route "12 - 1") was removed from link "20: JJ_MR" at position 15.638 m.	Network object type: Vehicle	Network object keys: 5101
                  Warning	Simulation second 1160.50: Vehicle 5032 (on Static Vehicle Route "13 - 1") reached the end of link "18: JJ_12THROAD" without finding the subsequent link ("10042: JJ14").	Network object type: Vehicle	Network object keys: 5032
                  Warning	Simulation second 1172.10: Vehicle 5153 (on Static Vehicle Route "12 - 1") reached the end of link "20: JJ_MR" without finding the subsequent link ("10029: JJ3").	Network object type: Vehicle	Network object keys: 5153
                  Warning	Simulation second 1174.00: Vehicle 5257 (on Static Vehicle Route "12 - 1") reached the end of link "20: JJ_MR" without finding the subsequent link ("10029: JJ3").	Network object type: Vehicle	Network object keys: 5257
                  Warning	Simulation second 1176.10: Vehicle 5300 (on Static Vehicle Route "12 - 1") reached the end of link "20: JJ_MR" without finding the subsequent link ("10029: JJ3").	Network object type: Vehicle	Network object keys: 5300
                  Warning	Simulation second 1177.70: Vehicle 5094 (on Static Vehicle Route "12 - 1") reached the end of link "20: JJ_MR" without finding the subsequent link ("10029: JJ3").	Network object type: Vehicle	Network object keys: 5094
                  Warning	Simulation second 1262.90: Vehicle 5870 (on Static Vehicle Route "7 - 1") reached the end of link "13: SN_MC" without finding the subsequent link ("10016: SN_JJ_E").	Network object type: Vehicle	Network object keys: 5870
                  Warning	Simulation second 1356.00: Vehicle 6278 (on Static Vehicle Route "7 - 1") reached the end of link "13: SN_MC" without finding the subsequent link ("10016: SN_JJ_E").	Network object type: Vehicle	Network object keys: 6278
                  Warning	Simulation second 1370.00: Vehicle 6307 (on Static Vehicle Route "11 - 1") reached the end of link "19: JJ_SN" without finding the subsequent link ("10034: JJ4").	Network object type: Vehicle	Network object keys: 6307
                  Warning	Simulation second 1372.80: Vehicle 6234 (on Static Vehicle Route "11 - 1") reached the end of link "19: JJ_SN" without finding the subsequent link ("10034: JJ4").	Network object type: Vehicle	Network object keys: 6234
                  Warning	Simulation second 1375.00: Vehicle 6256 (on Static Vehicle Route "10 - 1") reached the end of link "21: JJ_C" without finding the subsequent link ("10028: JJ1").	Network object type: Vehicle	Network object keys: 6256
                  Warning	Simulation second 1383.30: Vehicle 6243 (on Static Vehicle Route "10 - 1") reached the end of link "21: JJ_C" without finding the subsequent link ("10028: JJ1").	Network object type: Vehicle	Network object keys: 6243
                  Warning	Simulation second 1406.60: Vehicle 6377 (on Static Vehicle Route "13 - 1") reached the end of link "18: JJ_12THROAD" without finding the subsequent link ("10042: JJ14").	Network object type: Vehicle	Network object keys: 6377
                  Warning	Simulation second 1408.60: Vehicle 6409 (on Static Vehicle Route "13 - 1") reached the end of link "18: JJ_12THROAD" without finding the subsequent link ("10042: JJ14").	Network object type: Vehicle	Network object keys: 6409
                  Warning	Simulation second 1417.10: Vehicle 6401 (on Static Vehicle Route "12 - 1") reached the end of link "20: JJ_MR" without finding the subsequent link ("10029: JJ3").	Network object type: Vehicle	Network object keys: 6401
                  Warning	Simulation second 1462.80: Vehicle 6608 (on Static Vehicle Route "13 - 1") reached the end of link "18: JJ_12THROAD" without finding the subsequent link ("10042: JJ14").	Network object type: Vehicle	Network object keys: 6608
                  Warning	Simulation second 1479.30: Vehicle 6685 (on Static Vehicle Route "12 - 1") reached the end of link "20: JJ_MR" without finding the subsequent link ("10029: JJ3").	Network object type: Vehicle	Network object keys: 6685
                  Warning	Simulation second 1484.10: Vehicle 6912 (on Static Vehicle Route "1 - 1") reached the end of link "1: MC_Me_P" without finding the subsequent link ("10012: MC_ME_SN").	Network object type: Vehicle	Network object keys: 6912
                  Warning	Simulation second 1486.50: After 60.00 seconds of waiting for lane change the vehicle 6431 (on Static Vehicle Route "12 - 1") was removed from link "20: JJ_MR" at position 15.638 m.	Network object type: Vehicle	Network object keys: 6431
                  Warning	Simulation second 1499.50: Vehicle 6802 (on Static Vehicle Route "10 - 1") reached the end of link "21: JJ_C" without finding the subsequent link ("10028: JJ1").	Network object type: Vehicle	Network object keys: 6802
                  Warning	Simulation second 1524.00: Vehicle 6892 (on Static Vehicle Route "13 - 1") reached the end of link "18: JJ_12THROAD" without finding the subsequent link ("10042: JJ14").	Network object type: Vehicle	Network object keys: 6892
                  Warning	Simulation second 1539.90: Vehicle 7124 (on Static Vehicle Route "7 - 1") reached the end of link "13: SN_MC" without finding the subsequent link ("10016: SN_JJ_E").	Network object type: Vehicle	Network object keys: 7124
                  Warning	Simulation second 1542.40: Vehicle 7059 (on Static Vehicle Route "12 - 1") reached the end of link "20: JJ_MR" without finding the subsequent link ("10029: JJ3").	Network object type: Vehicle	Network object keys: 7059
                  Warning	Simulation second 1590.30: Vehicle 7308 (on Static Vehicle Route "13 - 1") reached the end of link "18: JJ_12THROAD" without finding the subsequent link ("10042: JJ14").	Network object type: Vehicle	Network object keys: 7308
                  Warning	Simulation second 1644.60: Vehicle 7511 (on Static Vehicle Route "13 - 1") reached the end of link "18: JJ_12THROAD" without finding the subsequent link ("10042: JJ14").	Network object type: Vehicle	Network object keys: 7511
                  Warning	Simulation second 1688.20: After 60.00 seconds of waiting for lane change the vehicle 7585 (on Static Vehicle Route "10 - 1") was removed from link "21: JJ_C" at position 19.773 m.	Network object type: Vehicle	Network object keys: 7585
                  Warning	Simulation second 1715.80: Vehicle 7979 (on Static Vehicle Route "10 - 1") reached the end of link "21: JJ_C" without finding the subsequent link ("10028: JJ1").	Network object type: Vehicle	Network object keys: 7979
                  Warning	Simulation second 1726.60: Vehicle 8032 (on Static Vehicle Route "11 - 1") reached the end of link "19: JJ_SN" without finding the subsequent link ("10034: JJ4").	Network object type: Vehicle	Network object keys: 8032
                  Warning	Simulation second 1728.90: Vehicle 8042 (on Static Vehicle Route "11 - 1") reached the end of link "19: JJ_SN" without finding the subsequent link ("10034: JJ4").	Network object type: Vehicle	Network object keys: 8042
                  Warning	Simulation second 1738.50: Vehicle 7951 (on Static Vehicle Route "10 - 1") reached the end of link "21: JJ_C" without finding the subsequent link ("10028: JJ1").	Network object type: Vehicle	Network object keys: 7951
                  Warning	Simulation second 1789.70: Vehicle 8260 (on Static Vehicle Route "11 - 1") reached the end of link "19: JJ_SN" without finding the subsequent link ("10034: JJ4").	Network object type: Vehicle	Network object keys: 8260
                  Warning	Simulation second 1793.20: Vehicle 8309 (on Static Vehicle Route "11 - 1") reached the end of link "19: JJ_SN" without finding the subsequent link ("10034: JJ4").	Network object type: Vehicle	Network object keys: 8309
                  Warning	Simulation second 1805.30: Vehicle 8395 (on Static Vehicle Route "7 - 1") reached the end of link "13: SN_MC" without finding the subsequent link ("10016: SN_JJ_E").	Network object type: Vehicle	Network object keys: 8395
                  Warning	Simulation second 1821.00: Vehicle 8381 (on Static Vehicle Route "13 - 1") reached the end of link "18: JJ_12THROAD" without finding the subsequent link ("10042: JJ14").	Network object type: Vehicle	Network object keys: 8381
                  Warning	Simulation second 1828.00: Vehicle 8537 (on Static Vehicle Route "2 - 1") reached the end of link "3: MC_SN_P" without finding the subsequent link ("10013: MC_SN_MD").	Network object type: Vehicle	Network object keys: 8537
                  Warning	Simulation second 1892.20: Vehicle 8594 (on Static Vehicle Route "13 - 1") reached the end of link "18: JJ_12THROAD" without finding the subsequent link ("10042: JJ14").	Network object type: Vehicle	Network object keys: 8594
                  Warning	Simulation second 1903.00: Vehicle 8595 (on Static Vehicle Route "13 - 1") reached the end of link "18: JJ_12THROAD" without finding the subsequent link ("10042: JJ14").	Network object type: Vehicle	Network object keys: 8595
                  Warning	Simulation second 1951.90: Vehicle 9135 (on Static Vehicle Route "7 - 1") reached the end of link "13: SN_MC" without finding the subsequent link ("10016: SN_JJ_E").	Network object type: Vehicle	Network object keys: 9135
                  Warning	Simulation second 1953.70: Vehicle 9003 (on Static Vehicle Route "12 - 1") reached the end of link "20: JJ_MR" without finding the subsequent link ("10029: JJ3").	Network object type: Vehicle	Network object keys: 9003
                  Warning	Simulation second 1955.40: Vehicle 8953 (on Static Vehicle Route "12 - 1") reached the end of link "20: JJ_MR" without finding the subsequent link ("10029: JJ3").	Network object type: Vehicle	Network object keys: 8953
                  Warning	Simulation second 2033.40: Vehicle 9430 (on Static Vehicle Route "11 - 1") reached the end of link "19: JJ_SN" without finding the subsequent link ("10034: JJ4").	Network object type: Vehicle	Network object keys: 9430
                  Warning	Simulation second 2035.10: Vehicle 9386 (on Static Vehicle Route "11 - 1") reached the end of link "19: JJ_SN" without finding the subsequent link ("10034: JJ4").	Network object type: Vehicle	Network object keys: 9386
                  Warning	Simulation second 2074.50: Vehicle 9588 (on Static Vehicle Route "12 - 1") reached the end of link "20: JJ_MR" without finding the subsequent link ("10029: JJ3").	Network object type: Vehicle	Network object keys: 9588
                  Warning	Simulation second 2089.70: Vehicle 9584 (on Static Vehicle Route "11 - 1") reached the end of link "19: JJ_SN" without finding the subsequent link ("10034: JJ4").	Network object type: Vehicle	Network object keys: 9584
                  Warning	Simulation second 2098.30: Vehicle 9672 (on Static Vehicle Route "10 - 1") reached the end of link "21: JJ_C" without finding the subsequent link ("10028: JJ1").	Network object type: Vehicle	Network object keys: 9672
                  Warning	Simulation second 2138.50: Vehicle 10062 (on Static Vehicle Route "1 - 1") reached the end of link "1: MC_Me_P" without finding the subsequent link ("10012: MC_ME_SN").	Network object type: Vehicle	Network object keys: 10062
                  Warning	Simulation second 2140.70: Vehicle 10040 (on Static Vehicle Route "7 - 1") reached the end of link "13: SN_MC" without finding the subsequent link ("10016: SN_JJ_E").	Network object type: Vehicle	Network object keys: 10040
                  Warning	Simulation second 2143.80: Vehicle 10072 (on Static Vehicle Route "13 - 1") reached the end of link "18: JJ_12THROAD" without finding the subsequent link ("10042: JJ14").	Network object type: Vehicle	Network object keys: 10072
                  Warning	Simulation second 2207.90: Vehicle 10321 (on Static Vehicle Route "11 - 1") reached the end of link "19: JJ_SN" without finding the subsequent link ("10034: JJ4").	Network object type: Vehicle	Network object keys: 10321
                  Warning	Simulation second 2254.20: Vehicle 10443 (on Static Vehicle Route "12 - 1") reached the end of link "20: JJ_MR" without finding the subsequent link ("10029: JJ3").	Network object type: Vehicle	Network object keys: 10443
                  Warning	Simulation second 2256.70: Vehicle 10444 (on Static Vehicle Route "12 - 1") reached the end of link "20: JJ_MR" without finding the subsequent link ("10029: JJ3").	Network object type: Vehicle	Network object keys: 10444
                  Warning	Simulation second 2315.80: Vehicle 10717 (on Static Vehicle Route "12 - 1") reached the end of link "20: JJ_MR" without finding the subsequent link ("10029: JJ3").	Network object type: Vehicle	Network object keys: 10717
                  Warning	Simulation second 2324.30: Vehicle 10755 (on Static Vehicle Route "11 - 1") reached the end of link "19: JJ_SN" without finding the subsequent link ("10034: JJ4").	Network object type: Vehicle	Network object keys: 10755
                  Warning	Simulation second 2350.80: Vehicle 11020 (on Static Vehicle Route "7 - 1") reached the end of link "13: SN_MC" without finding the subsequent link ("10016: SN_JJ_E").	Network object type: Vehicle	Network object keys: 11020
                  Warning	Simulation second 2387.90: Vehicle 10946 (on Static Vehicle Route "11 - 1") reached the end of link "19: JJ_SN" without finding the subsequent link ("10034: JJ4").	Network object type: Vehicle	Network object keys: 10946
                  Warning	Simulation second 2407.90: Vehicle 11087 (on Static Vehicle Route "9 - 1") reached the end of link "22: JJ_SAS" without finding the subsequent link ("10027: JJ2").	Network object type: Vehicle	Network object keys: 11087
                  Warning	Simulation second 2425.60: Vehicle 11173 (on Static Vehicle Route "13 - 1") reached the end of link "18: JJ_12THROAD" without finding the subsequent link ("10042: JJ14").	Network object type: Vehicle	Network object keys: 11173
                  Warning	Simulation second 2476.30: Vehicle 11647 (on Static Vehicle Route "1 - 1") reached the end of link "1: MC_Me_P" without finding the subsequent link ("10012: MC_ME_SN").	Network object type: Vehicle	Network object keys: 11647
                  Warning	Simulation second 2493.80: Vehicle 11554 (on Static Vehicle Route "12 - 1") reached the end of link "20: JJ_MR" without finding the subsequent link ("10029: JJ3").	Network object type: Vehicle	Network object keys: 11554
                  Warning	Simulation second 2517.70: Vehicle 11653 (on Static Vehicle Route "10 - 1") reached the end of link "21: JJ_C" without finding the subsequent link ("10028: JJ1").	Network object type: Vehicle	Network object keys: 11653
                  Warning	Simulation second 2561.30: After 60.00 seconds of waiting for lane change the vehicle 11536 (on Static Vehicle Route "12 - 1") was removed from link "20: JJ_MR" at position 15.638 m.	Network object type: Vehicle	Network object keys: 11536
                  Warning	Simulation second 2564.50: Vehicle 11709 (on Static Vehicle Route "11 - 1") reached the end of link "19: JJ_SN" without finding the subsequent link ("10034: JJ4").	Network object type: Vehicle	Network object keys: 11709
                  Warning	Simulation second 2573.80: Vehicle 12022 (on Static Vehicle Route "11 - 1") reached the end of link "19: JJ_SN" without finding the subsequent link ("10034: JJ4").	Network object type: Vehicle	Network object keys: 12022
                  Warning	Simulation second 2605.30: Vehicle 12069 (on Static Vehicle Route "13 - 1") reached the end of link "18: JJ_12THROAD" without finding the subsequent link ("10042: JJ14").	Network object type: Vehicle	Network object keys: 12069
                  Warning	Simulation second 2663.20: Vehicle 12507 (on Static Vehicle Route "1 - 1") reached the end of link "1: MC_Me_P" without finding the subsequent link ("10012: MC_ME_SN").	Network object type: Vehicle	Network object keys: 12507
                  Warning	Simulation second 2701.40: Vehicle 12495 (on Static Vehicle Route "10 - 1") reached the end of link "21: JJ_C" without finding the subsequent link ("10028: JJ1").	Network object type: Vehicle	Network object keys: 12495
                  Warning	Simulation second 2722.50: Vehicle 12351 (on Static Vehicle Route "13 - 1") reached the end of link "18: JJ_12THROAD" without finding the subsequent link ("10042: JJ14").	Network object type: Vehicle	Network object keys: 12351
                  Warning	Simulation second 2735.60: Vehicle 12676 (on Static Vehicle Route "12 - 1") reached the end of link "20: JJ_MR" without finding the subsequent link ("10029: JJ3").	Network object type: Vehicle	Network object keys: 12676
                  Warning	Simulation second 2739.80: Vehicle 12683 (on Static Vehicle Route "12 - 1") reached the end of link "20: JJ_MR" without finding the subsequent link ("10029: JJ3").	Network object type: Vehicle	Network object keys: 12683
                  Warning	Simulation second 2758.20: Vehicle 12768 (on Static Vehicle Route "10 - 1") reached the end of link "21: JJ_C" without finding the subsequent link ("10028: JJ1").	Network object type: Vehicle	Network object keys: 12768
                  Warning	Simulation second 2792.10: Vehicle 12911 (on Static Vehicle Route "12 - 1") reached the end of link "20: JJ_MR" without finding the subsequent link ("10029: JJ3").	Network object type: Vehicle	Network object keys: 12911
                  Warning	Simulation second 2793.70: Vehicle 12934 (on Static Vehicle Route "12 - 1") reached the end of link "20: JJ_MR" without finding the subsequent link ("10029: JJ3").	Network object type: Vehicle	Network object keys: 12934
                  Warning	Simulation second 2811.80: Vehicle 13107 (on Static Vehicle Route "11 - 1") reached the end of link "19: JJ_SN" without finding the subsequent link ("10034: JJ4").	Network object type: Vehicle	Network object keys: 13107
                  Warning	Simulation second 2819.80: Vehicle 13160 (on Static Vehicle Route "7 - 1") reached the end of link "13: SN_MC" without finding the subsequent link ("10016: SN_JJ_E").	Network object type: Vehicle	Network object keys: 13160
                  Warning	Simulation second 2824.90: Vehicle 13262 (on Static Vehicle Route "1 - 1") reached the end of link "1: MC_Me_P" without finding the subsequent link ("10012: MC_ME_SN").	Network object type: Vehicle	Network object keys: 13262
                  Warning	Simulation second 2926.60: Vehicle 13652 (on Static Vehicle Route "11 - 1") reached the end of link "19: JJ_SN" without finding the subsequent link ("10034: JJ4").	Network object type: Vehicle	Network object keys: 13652
                  Warning	Simulation second 2950.80: After 60.00 seconds of waiting for lane change the vehicle 13353 (on Static Vehicle Route "10 - 1") was removed from link "21: JJ_C" at position 19.773 m.	Network object type: Vehicle	Network object keys: 13353
                  Warning	Simulation second 2994.70: Vehicle 13993 (on Static Vehicle Route "11 - 1") reached the end of link "19: JJ_SN" without finding the subsequent link ("10034: JJ4").	Network object type: Vehicle	Network object keys: 13993
                  Warning	Simulation second 3007.10: Vehicle 14122 (on Static Vehicle Route "1 - 1") reached the end of link "1: MC_Me_P" without finding the subsequent link ("10012: MC_ME_SN").	Network object type: Vehicle	Network object keys: 14122
                  Warning	Simulation second 3031.70: Vehicle 14221 (on Static Vehicle Route "1 - 1") reached the end of link "1: MC_Me_P" without finding the subsequent link ("10012: MC_ME_SN").	Network object type: Vehicle	Network object keys: 14221
                  Warning	Simulation second 3037.50: Vehicle 14089 (on Static Vehicle Route "12 - 1") reached the end of link "20: JJ_MR" without finding the subsequent link ("10029: JJ3").	Network object type: Vehicle	Network object keys: 14089
                  Warning	Simulation second 3065.20: Vehicle 14395 (on Static Vehicle Route "1 - 1") reached the end of link "1: MC_Me_P" without finding the subsequent link ("10012: MC_ME_SN").	Network object type: Vehicle	Network object keys: 14395
                  Warning	Simulation second 3066.80: After 60.00 seconds of waiting for lane change the vehicle 14097 (on Static Vehicle Route "12 - 1") was removed from link "20: JJ_MR" at position 15.638 m.	Network object type: Vehicle	Network object keys: 14097
                  Warning	Simulation second 3109.30: Vehicle 14574 (on Static Vehicle Route "11 - 1") reached the end of link "19: JJ_SN" without finding the subsequent link ("10034: JJ4").	Network object type: Vehicle	Network object keys: 14574
                  Warning	Simulation second 3153.60: Vehicle 14613 (on Static Vehicle Route "12 - 1") reached the end of link "20: JJ_MR" without finding the subsequent link ("10029: JJ3").	Network object type: Vehicle	Network object keys: 14613
                  Warning	Simulation second 3165.00: Vehicle 14830 (on Static Vehicle Route "11 - 1") reached the end of link "19: JJ_SN" without finding the subsequent link ("10034: JJ4").	Network object type: Vehicle	Network object keys: 14830
                  Warning	Simulation second 3179.20: Vehicle 14855 (on Static Vehicle Route "10 - 1") reached the end of link "21: JJ_C" without finding the subsequent link ("10028: JJ1").	Network object type: Vehicle	Network object keys: 14855
                  Warning	Simulation second 3216.80: Vehicle 15087 (on Static Vehicle Route "1 - 1") reached the end of link "1: MC_Me_P" without finding the subsequent link ("10012: MC_ME_SN").	Network object type: Vehicle	Network object keys: 15087
                  Warning	Simulation second 3229.30: Vehicle 14928 (on Static Vehicle Route "11 - 1") reached the end of link "19: JJ_SN" without finding the subsequent link ("10034: JJ4").	Network object type: Vehicle	Network object keys: 14928
                  Warning	Simulation second 3235.50: Vehicle 15164 (on Static Vehicle Route "11 - 1") reached the end of link "19: JJ_SN" without finding the subsequent link ("10034: JJ4").	Network object type: Vehicle	Network object keys: 15164
                  Warning	Simulation second 3237.00: Vehicle 15177 (on Static Vehicle Route "11 - 1") reached the end of link "19: JJ_SN" without finding the subsequent link ("10034: JJ4").	Network object type: Vehicle	Network object keys: 15177
                  Warning	Simulation second 3237.40: Vehicle 15049 (on Static Vehicle Route "10 - 1") reached the end of link "21: JJ_C" without finding the subsequent link ("10028: JJ1").	Network object type: Vehicle	Network object keys: 15049
                  Warning	Simulation second 3259.50: Vehicle 15343 (on Static Vehicle Route "11 - 1") reached the end of link "19: JJ_SN" without finding the subsequent link ("10034: JJ4").	Network object type: Vehicle	Network object keys: 15343
                  Warning	Simulation second 3263.00: Vehicle 15096 (on Static Vehicle Route "13 - 1") reached the end of link "18: JJ_12THROAD" without finding the subsequent link ("10042: JJ14").	Network object type: Vehicle	Network object keys: 15096
                  Warning	Simulation second 3283.90: Vehicle 15417 (on Static Vehicle Route "11 - 1") reached the end of link "19: JJ_SN" without finding the subsequent link ("10034: JJ4").	Network object type: Vehicle	Network object keys: 15417
                  Warning	Simulation second 3349.50: Vehicle 15720 (on Static Vehicle Route "13 - 1") reached the end of link "18: JJ_12THROAD" without finding the subsequent link ("10042: JJ14").	Network object type: Vehicle	Network object keys: 15720
                  Warning	Simulation second 3353.10: Vehicle 15725 (on Static Vehicle Route "13 - 1") reached the end of link "18: JJ_12THROAD" without finding the subsequent link ("10042: JJ14").	Network object type: Vehicle	Network object keys: 15725
                  Warning	Simulation second 3416.40: Vehicle 16011 (on Static Vehicle Route "10 - 1") reached the end of link "21: JJ_C" without finding the subsequent link ("10028: JJ1").	Network object type: Vehicle	Network object keys: 16011
                  Warning	Simulation second 3453.70: Vehicle 16020 (on Static Vehicle Route "12 - 1") reached the end of link "20: JJ_MR" without finding the subsequent link ("10029: JJ3").	Network object type: Vehicle	Network object keys: 16020
                  Warning	Simulation second 3458.40: Vehicle 16036 (on Static Vehicle Route "12 - 1") reached the end of link "20: JJ_MR" without finding the subsequent link ("10029: JJ3").	Network object type: Vehicle	Network object keys: 16036
                  Warning	Simulation second 3472.00: Vehicle 16305 (on Static Vehicle Route "11 - 1") reached the end of link "19: JJ_SN" without finding the subsequent link ("10034: JJ4").	Network object type: Vehicle	Network object keys: 16305
                  Warning	Simulation second 3532.90: Vehicle 16369 (on Static Vehicle Route "11 - 1") reached the end of link "19: JJ_SN" without finding the subsequent link ("10034: JJ4").	Network object type: Vehicle	Network object keys: 16369
                  Warning	Simulation second 3587.00: Vehicle 16863 (on Static Vehicle Route "11 - 1") reached the end of link "19: JJ_SN" without finding the subsequent link ("10034: JJ4").	Network object type: Vehicle	Network object keys: 16863
                  Warning	Simulation second 3595.70: Vehicle 16913 (on Static Vehicle Route "10 - 1") reached the end of link "21: JJ_C" without finding the subsequent link ("10028: JJ1").	Network object type: Vehicle	Network object keys: 16913
                  Warning	Simulation second 3597.50: Vehicle 16801 (on Static Vehicle Route "10 - 1") reached the end of link "21: JJ_C" without finding the subsequent link ("10028: JJ1").	Network object type: Vehicle	Network object keys: 16801
                  Warning	Vehicle input 10 could not be finished completely (remain: 613 vehicles).	Network object type: Vehicle Input	Network object keys: 10
                  Warning	Vehicle input 14 could not be finished completely (remain: 428 vehicles).	Network object type: Vehicle Input	Network object keys: 14
