                  Warning	The node "1: JJ" used for the evaluation is ignored because it has neither edges nor turns. Please check the modeling of the network or disable the attribute "Use for evaluation" of the node.	Network object type: Node	Network object keys: 1
                  Warning	Simulation second 20.90: Vehicle 63 (on Static Vehicle Route "13 - 1") reached the end of link "18: JJ_12THROAD" without finding the subsequent link ("10042: JJ14").	Network object type: Vehicle	Network object keys: 63
                  Warning	Simulation second 78.60: Vehicle 315 (on Static Vehicle Route "12 - 1") reached the end of link "20: JJ_MR" without finding the subsequent link ("10029: JJ3").	Network object type: Vehicle	Network object keys: 315
                  Warning	Simulation second 97.40: Vehicle 362 (on Static Vehicle Route "13 - 1") reached the end of link "18: JJ_12THROAD" without finding the subsequent link ("10042: JJ14").	Network object type: Vehicle	Network object keys: 362
                  Warning	Simulation second 103.10: Vehicle 415 (on Static Vehicle Route "12 - 1") reached the end of link "20: JJ_MR" without finding the subsequent link ("10029: JJ3").	Network object type: Vehicle	Network object keys: 415
                  Warning	Simulation second 106.40: Vehicle 428 (on Static Vehicle Route "10 - 1") reached the end of link "21: JJ_C" without finding the subsequent link ("10028: JJ1").	Network object type: Vehicle	Network object keys: 428
                  Warning	Simulation second 111.40: Vehicle 458 (on Static Vehicle Route "10 - 1") reached the end of link "21: JJ_C" without finding the subsequent link ("10028: JJ1").	Network object type: Vehicle	Network object keys: 458
                  Warning	Simulation second 128.40: Vehicle 484 (on Static Vehicle Route "7 - 1") reached the end of link "13: SN_MC" without finding the subsequent link ("10016: SN_JJ_E").	Network object type: Vehicle	Network object keys: 484
                  Warning	Simulation second 136.20: Vehicle 602 (on Static Vehicle Route "10 - 1") reached the end of link "21: JJ_C" without finding the subsequent link ("10028: JJ1").	Network object type: Vehicle	Network object keys: 602
                  Warning	Simulation second 140.30: Vehicle 621 (on Static Vehicle Route "1 - 1") reached the end of link "1: MC_Me_P" without finding the subsequent link ("10012: MC_ME_SN").	Network object type: Vehicle	Network object keys: 621
                  Warning	Simulation second 153.50: Vehicle 689 (on Static Vehicle Route "12 - 1") reached the end of link "20: JJ_MR" without finding the subsequent link ("10029: JJ3").	Network object type: Vehicle	Network object keys: 689
                  Warning	Simulation second 155.20: Vehicle 672 (on Static Vehicle Route "13 - 1") reached the end of link "18: JJ_12THROAD" without finding the subsequent link ("10042: JJ14").	Network object type: Vehicle	Network object keys: 672
                  Warning	Simulation second 157.60: Vehicle 676 (on Static Vehicle Route "13 - 1") reached the end of link "18: JJ_12THROAD" without finding the subsequent link ("10042: JJ14").	Network object type: Vehicle	Network object keys: 676
                  Warning	Simulation second 166.10: Vehicle 740 (on Static Vehicle Route "12 - 1") reached the end of link "20: JJ_MR" without finding the subsequent link ("10029: JJ3").	Network object type: Vehicle	Network object keys: 740
                  Warning	Simulation second 197.00: After 60.00 seconds of waiting for lane change the vehicle 603 (on Static Vehicle Route "7 - 1") was removed from link "13: SN_MC" at position 22.551 m.	Network object type: Vehicle	Network object keys: 603
                  Warning	Simulation second 199.00: Vehicle 833 (on Static Vehicle Route "13 - 1") reached the end of link "18: JJ_12THROAD" without finding the subsequent link ("10042: JJ14").	Network object type: Vehicle	Network object keys: 833
                  Warning	Simulation second 202.10: Vehicle 878 (on Static Vehicle Route "13 - 1") reached the end of link "18: JJ_12THROAD" without finding the subsequent link ("10042: JJ14").	Network object type: Vehicle	Network object keys: 878
                  Warning	Simulation second 207.10: Vehicle 903 (on Static Vehicle Route "12 - 1") reached the end of link "20: JJ_MR" without finding the subsequent link ("10029: JJ3").	Network object type: Vehicle	Network object keys: 903
                  Warning	Simulation second 207.80: Vehicle 905 (on Static Vehicle Route "12 - 1") reached the end of link "20: JJ_MR" without finding the subsequent link ("10029: JJ3").	Network object type: Vehicle	Network object keys: 905
                  Warning	Simulation second 210.30: Vehicle 898 (on Static Vehicle Route "1 - 1") reached the end of link "1: MC_Me_P" without finding the subsequent link ("10012: MC_ME_SN").	Network object type: Vehicle	Network object keys: 898
                  Warning	Simulation second 214.40: Vehicle 909 (on Static Vehicle Route "1 - 1") reached the end of link "1: MC_Me_P" without finding the subsequent link ("10012: MC_ME_SN").	Network object type: Vehicle	Network object keys: 909
                  Warning	Simulation second 226.60: Vehicle 978 (on Static Vehicle Route "1 - 1") reached the end of link "1: MC_Me_P" without finding the subsequent link ("10012: MC_ME_SN").	Network object type: Vehicle	Network object keys: 978
                  Warning	Simulation second 228.10: Vehicle 582 (on Static Vehicle Route "7 - 1") reached the end of link "13: SN_MC" without finding the subsequent link ("10016: SN_JJ_E").	Network object type: Vehicle	Network object keys: 582
                  Warning	Simulation second 247.70: Vehicle 1084 (on Static Vehicle Route "1 - 1") reached the end of link "1: MC_Me_P" without finding the subsequent link ("10012: MC_ME_SN").	Network object type: Vehicle	Network object keys: 1084
                  Warning	Simulation second 254.70: Vehicle 1170 (on Static Vehicle Route "12 - 1") reached the end of link "20: JJ_MR" without finding the subsequent link ("10029: JJ3").	Network object type: Vehicle	Network object keys: 1170
                  Warning	Vehicle input 8 could not be finished completely (remain: 12 vehicles).	Network object type: Vehicle Input	Network object keys: 8
                  Warning	Vehicle input 9 could not be finished completely (remain: 17 vehicles).	Network object type: Vehicle Input	Network object keys: 9
