                  Warning	The node "1: JJ" used for the evaluation is ignored because it has neither edges nor turns. Please check the modeling of the network or disable the attribute "Use for evaluation" of the node.	Network object type: Node	Network object keys: 1
                  Warning	Simulation second 97.70: Vehicle 324 (on Static Vehicle Route "12 - 1") reached the end of link "20: JJ_MR" without finding the subsequent link ("10029: JJ3").	Network object type: Vehicle	Network object keys: 324
                  Warning	Simulation second 157.90: Vehicle 638 (on Static Vehicle Route "12 - 1") reached the end of link "20: JJ_MR" without finding the subsequent link ("10029: JJ3").	Network object type: Vehicle	Network object keys: 638
                  Warning	Simulation second 179.50: Vehicle 781 (on Static Vehicle Route "1 - 1") reached the end of link "1: MC_Me_P" without finding the subsequent link ("10012: MC_ME_SN").	Network object type: Vehicle	Network object keys: 781
                  Warning	Simulation second 226.70: Vehicle 995 (on Static Vehicle Route "1 - 1") reached the end of link "1: MC_Me_P" without finding the subsequent link ("10012: MC_ME_SN").	Network object type: Vehicle	Network object keys: 995
                  Warning	Simulation second 231.90: Vehicle 763 (on Static Vehicle Route "7 - 1") reached the end of link "13: SN_MC" without finding the subsequent link ("10016: SN_JJ_E").	Network object type: Vehicle	Network object keys: 763
                  Warning	Simulation second 231.90: Vehicle 846 (on Static Vehicle Route "7 - 1") reached the end of link "13: SN_MC" without finding the subsequent link ("10016: SN_JJ_E").	Network object type: Vehicle	Network object keys: 846
                  Warning	Simulation second 231.90: Vehicle 938 (on Static Vehicle Route "11 - 1") reached the end of link "19: JJ_SN" without finding the subsequent link ("10034: JJ4").	Network object type: Vehicle	Network object keys: 938
                  Warning	Simulation second 245.50: Vehicle 1114 (on Static Vehicle Route "1 - 1") reached the end of link "1: MC_Me_P" without finding the subsequent link ("10012: MC_ME_SN").	Network object type: Vehicle	Network object keys: 1114
                  Warning	Simulation second 272.80: Vehicle 1092 (on Static Vehicle Route "12 - 1") reached the end of link "20: JJ_MR" without finding the subsequent link ("10029: JJ3").	Network object type: Vehicle	Network object keys: 1092
                  Warning	Simulation second 290.80: Vehicle 1234 (on Static Vehicle Route "11 - 1") reached the end of link "19: JJ_SN" without finding the subsequent link ("10034: JJ4").	Network object type: Vehicle	Network object keys: 1234
                  Warning	Simulation second 323.60: Vehicle 1029 (on Static Vehicle Route "13 - 1") reached the end of link "18: JJ_12THROAD" without finding the subsequent link ("10042: JJ14").	Network object type: Vehicle	Network object keys: 1029
                  Warning	Simulation second 329.10: After 60.00 seconds of waiting for lane change the vehicle 1034 (on Static Vehicle Route "4 - 1") was removed from link "7: MC_R_P" at position 117.437 m.	Network object type: Vehicle	Network object keys: 1034
                  Warning	Simulation second 338.00: Vehicle 1300 (on Static Vehicle Route "12 - 1") reached the end of link "20: JJ_MR" without finding the subsequent link ("10029: JJ3").	Network object type: Vehicle	Network object keys: 1300
                  Warning	Simulation second 344.40: Vehicle 1483 (on Static Vehicle Route "11 - 1") reached the end of link "19: JJ_SN" without finding the subsequent link ("10034: JJ4").	Network object type: Vehicle	Network object keys: 1483
                  Warning	Simulation second 398.80: Vehicle 1680 (on Static Vehicle Route "12 - 1") reached the end of link "20: JJ_MR" without finding the subsequent link ("10029: JJ3").	Network object type: Vehicle	Network object keys: 1680
                  Warning	Simulation second 416.10: Vehicle 1892 (on Static Vehicle Route "1 - 1") reached the end of link "1: MC_Me_P" without finding the subsequent link ("10012: MC_ME_SN").	Network object type: Vehicle	Network object keys: 1892
                  Warning	Simulation second 416.70: Vehicle 1773 (on Static Vehicle Route "7 - 1") reached the end of link "13: SN_MC" without finding the subsequent link ("10016: SN_JJ_E").	Network object type: Vehicle	Network object keys: 1773
                  Warning	Simulation second 418.60: Vehicle 1888 (on Static Vehicle Route "10 - 1") reached the end of link "21: JJ_C" without finding the subsequent link ("10028: JJ1").	Network object type: Vehicle	Network object keys: 1888
                  Warning	Simulation second 420.20: Vehicle 1926 (on Static Vehicle Route "10 - 1") reached the end of link "21: JJ_C" without finding the subsequent link ("10028: JJ1").	Network object type: Vehicle	Network object keys: 1926
                  Warning	Simulation second 447.90: Vehicle 1955 (on Static Vehicle Route "13 - 1") reached the end of link "18: JJ_12THROAD" without finding the subsequent link ("10042: JJ14").	Network object type: Vehicle	Network object keys: 1955
                  Warning	Simulation second 456.50: After 60.00 seconds of waiting for lane change the vehicle 1774 (on Static Vehicle Route "4 - 1") was removed from link "7: MC_R_P" at position 117.437 m.	Network object type: Vehicle	Network object keys: 1774
                  Warning	Simulation second 460.20: After 60.00 seconds of waiting for lane change the vehicle 1228 (on Static Vehicle Route "4 - 1") was removed from link "7: MC_R_P" at position 117.437 m.	Network object type: Vehicle	Network object keys: 1228
                  Warning	Simulation second 479.30: Vehicle 2125 (on Static Vehicle Route "10 - 1") reached the end of link "21: JJ_C" without finding the subsequent link ("10028: JJ1").	Network object type: Vehicle	Network object keys: 2125
                  Warning	Simulation second 483.80: Vehicle 1991 (on Static Vehicle Route "7 - 1") reached the end of link "13: SN_MC" without finding the subsequent link ("10016: SN_JJ_E").	Network object type: Vehicle	Network object keys: 1991
                  Warning	Simulation second 512.10: Vehicle 2138 (on Static Vehicle Route "12 - 1") reached the end of link "20: JJ_MR" without finding the subsequent link ("10029: JJ3").	Network object type: Vehicle	Network object keys: 2138
                  Warning	Simulation second 513.80: Vehicle 2151 (on Static Vehicle Route "12 - 1") reached the end of link "20: JJ_MR" without finding the subsequent link ("10029: JJ3").	Network object type: Vehicle	Network object keys: 2151
                  Warning	Simulation second 532.10: Vehicle 2397 (on Static Vehicle Route "11 - 1") reached the end of link "19: JJ_SN" without finding the subsequent link ("10034: JJ4").	Network object type: Vehicle	Network object keys: 2397
                  Warning	Simulation second 536.40: Vehicle 2260 (on Static Vehicle Route "10 - 1") reached the end of link "21: JJ_C" without finding the subsequent link ("10028: JJ1").	Network object type: Vehicle	Network object keys: 2260
                  Warning	Simulation second 564.80: Vehicle 2362 (on Static Vehicle Route "13 - 1") reached the end of link "18: JJ_12THROAD" without finding the subsequent link ("10042: JJ14").	Network object type: Vehicle	Network object keys: 2362
                  Warning	Simulation second 568.50: Vehicle 2578 (on Static Vehicle Route "1 - 1") reached the end of link "1: MC_Me_P" without finding the subsequent link ("10012: MC_ME_SN").	Network object type: Vehicle	Network object keys: 2578
                  Warning	Simulation second 572.10: Vehicle 2451 (on Static Vehicle Route "12 - 1") reached the end of link "20: JJ_MR" without finding the subsequent link ("10029: JJ3").	Network object type: Vehicle	Network object keys: 2451
                  Warning	Simulation second 572.90: Vehicle 2466 (on Static Vehicle Route "12 - 1") reached the end of link "20: JJ_MR" without finding the subsequent link ("10029: JJ3").	Network object type: Vehicle	Network object keys: 2466
                  Warning	Simulation second 574.80: Vehicle 2496 (on Static Vehicle Route "12 - 1") reached the end of link "20: JJ_MR" without finding the subsequent link ("10029: JJ3").	Network object type: Vehicle	Network object keys: 2496
                  Warning	Simulation second 582.00: Vehicle 2521 (on Static Vehicle Route "12 - 1") reached the end of link "20: JJ_MR" without finding the subsequent link ("10029: JJ3").	Network object type: Vehicle	Network object keys: 2521
                  Warning	Simulation second 583.70: Vehicle 2493 (on Static Vehicle Route "12 - 1") reached the end of link "20: JJ_MR" without finding the subsequent link ("10029: JJ3").	Network object type: Vehicle	Network object keys: 2493
                  Warning	Simulation second 586.80: Vehicle 2423 (on Static Vehicle Route "11 - 1") reached the end of link "19: JJ_SN" without finding the subsequent link ("10034: JJ4").	Network object type: Vehicle	Network object keys: 2423
                  Warning	Simulation second 639.90: Vehicle 2957 (on Static Vehicle Route "1 - 1") reached the end of link "1: MC_Me_P" without finding the subsequent link ("10012: MC_ME_SN").	Network object type: Vehicle	Network object keys: 2957
                  Warning	Simulation second 640.80: Vehicle 2826 (on Static Vehicle Route "12 - 1") reached the end of link "20: JJ_MR" without finding the subsequent link ("10029: JJ3").	Network object type: Vehicle	Network object keys: 2826
                  Warning	Simulation second 658.80: Vehicle 2808 (on Static Vehicle Route "7 - 1") reached the end of link "13: SN_MC" without finding the subsequent link ("10016: SN_JJ_E").	Network object type: Vehicle	Network object keys: 2808
                  Warning	Simulation second 659.00: Vehicle 2914 (on Static Vehicle Route "10 - 1") reached the end of link "21: JJ_C" without finding the subsequent link ("10028: JJ1").	Network object type: Vehicle	Network object keys: 2914
                  Warning	Simulation second 710.10: Vehicle 2823 (on Static Vehicle Route "7 - 1") reached the end of link "13: SN_MC" without finding the subsequent link ("10016: SN_JJ_E").	Network object type: Vehicle	Network object keys: 2823
                  Warning	Simulation second 745.40: After 60.00 seconds of waiting for lane change the vehicle 2677 (on Static Vehicle Route "4 - 1") was removed from link "7: MC_R_P" at position 117.437 m.	Network object type: Vehicle	Network object keys: 2677
                  Warning	Simulation second 759.30: After 60.00 seconds of waiting for lane change the vehicle 3015 (on Static Vehicle Route "12 - 1") was removed from link "20: JJ_MR" at position 15.638 m.	Network object type: Vehicle	Network object keys: 3015
                  Warning	Simulation second 763.10: Vehicle 3413 (on Static Vehicle Route "12 - 1") reached the end of link "20: JJ_MR" without finding the subsequent link ("10029: JJ3").	Network object type: Vehicle	Network object keys: 3413
                  Warning	Simulation second 764.40: Vehicle 3207 (on Static Vehicle Route "11 - 1") reached the end of link "19: JJ_SN" without finding the subsequent link ("10034: JJ4").	Network object type: Vehicle	Network object keys: 3207
                  Warning	Simulation second 775.70: Vehicle 3310 (on Static Vehicle Route "7 - 1") reached the end of link "13: SN_MC" without finding the subsequent link ("10016: SN_JJ_E").	Network object type: Vehicle	Network object keys: 3310
                  Warning	Simulation second 776.70: Vehicle 3346 (on Static Vehicle Route "10 - 1") reached the end of link "21: JJ_C" without finding the subsequent link ("10028: JJ1").	Network object type: Vehicle	Network object keys: 3346
                  Warning	Simulation second 784.00: Vehicle 3369 (on Static Vehicle Route "1 - 1") reached the end of link "1: MC_Me_P" without finding the subsequent link ("10012: MC_ME_SN").	Network object type: Vehicle	Network object keys: 3369
                  Warning	Simulation second 793.00: Vehicle 3582 (on Static Vehicle Route "1 - 1") reached the end of link "1: MC_Me_P" without finding the subsequent link ("10012: MC_ME_SN").	Network object type: Vehicle	Network object keys: 3582
                  Warning	Simulation second 806.70: Vehicle 3422 (on Static Vehicle Route "13 - 1") reached the end of link "18: JJ_12THROAD" without finding the subsequent link ("10042: JJ14").	Network object type: Vehicle	Network object keys: 3422
                  Warning	Simulation second 809.00: Vehicle 3412 (on Static Vehicle Route "13 - 1") reached the end of link "18: JJ_12THROAD" without finding the subsequent link ("10042: JJ14").	Network object type: Vehicle	Network object keys: 3412
                  Warning	Simulation second 816.90: After 60.00 seconds of waiting for lane change the vehicle 3407 (on Static Vehicle Route "6 - 1") was removed from link "14: SN_ME_P" at position 47.037 m.	Network object type: Vehicle	Network object keys: 3407
                  Warning	Simulation second 817.90: Vehicle 3485 (on Static Vehicle Route "12 - 1") reached the end of link "20: JJ_MR" without finding the subsequent link ("10029: JJ3").	Network object type: Vehicle	Network object keys: 3485
                  Warning	Simulation second 828.70: Vehicle 3689 (on Static Vehicle Route "11 - 1") reached the end of link "19: JJ_SN" without finding the subsequent link ("10034: JJ4").	Network object type: Vehicle	Network object keys: 3689
                  Warning	Simulation second 838.10: Vehicle 3586 (on Static Vehicle Route "10 - 1") reached the end of link "21: JJ_C" without finding the subsequent link ("10028: JJ1").	Network object type: Vehicle	Network object keys: 3586
                  Warning	Simulation second 875.10: Vehicle 3811 (on Static Vehicle Route "12 - 1") reached the end of link "20: JJ_MR" without finding the subsequent link ("10029: JJ3").	Network object type: Vehicle	Network object keys: 3811
                  Warning	Simulation second 900.30: Vehicle 3409 (on Static Vehicle Route "1 - 1") reached the end of link "1: MC_Me_P" without finding the subsequent link ("10012: MC_ME_SN").	Network object type: Vehicle	Network object keys: 3409
                  Warning	Simulation second 903.50: Vehicle 3666 (on Static Vehicle Route "1 - 1") reached the end of link "1: MC_Me_P" without finding the subsequent link ("10012: MC_ME_SN").	Network object type: Vehicle	Network object keys: 3666
                  Warning	Simulation second 923.90: After 60.00 seconds of waiting for lane change the vehicle 2846 (on Static Vehicle Route "4 - 1") was removed from link "7: MC_R_P" at position 117.437 m.	Network object type: Vehicle	Network object keys: 2846
                  Warning	Simulation second 933.00: Vehicle 3969 (on Static Vehicle Route "13 - 1") reached the end of link "18: JJ_12THROAD" without finding the subsequent link ("10042: JJ14").	Network object type: Vehicle	Network object keys: 3969
                  Warning	Simulation second 992.10: Vehicle 4413 (on Static Vehicle Route "2 - 1") reached the end of link "3: MC_SN_P" without finding the subsequent link ("10013: MC_SN_MD").	Network object type: Vehicle	Network object keys: 4413
                  Warning	Simulation second 1018.60: Vehicle 4341 (on Static Vehicle Route "7 - 1") reached the end of link "13: SN_MC" without finding the subsequent link ("10016: SN_JJ_E").	Network object type: Vehicle	Network object keys: 4341
                  Warning	Simulation second 1036.00: Vehicle 4683 (on Static Vehicle Route "1 - 1") reached the end of link "1: MC_Me_P" without finding the subsequent link ("10012: MC_ME_SN").	Network object type: Vehicle	Network object keys: 4683
                  Warning	Simulation second 1076.40: Vehicle 4667 (on Static Vehicle Route "10 - 1") reached the end of link "21: JJ_C" without finding the subsequent link ("10028: JJ1").	Network object type: Vehicle	Network object keys: 4667
                  Warning	Simulation second 1119.80: Vehicle 4920 (on Static Vehicle Route "12 - 1") reached the end of link "20: JJ_MR" without finding the subsequent link ("10029: JJ3").	Network object type: Vehicle	Network object keys: 4920
                  Warning	Simulation second 1120.90: Vehicle 4980 (on Static Vehicle Route "12 - 1") reached the end of link "20: JJ_MR" without finding the subsequent link ("10029: JJ3").	Network object type: Vehicle	Network object keys: 4980
                  Warning	Simulation second 1154.60: After 60.00 seconds of waiting for lane change the vehicle 4929 (on Static Vehicle Route "12 - 1") was removed from link "20: JJ_MR" at position 15.638 m.	Network object type: Vehicle	Network object keys: 4929
                  Warning	Simulation second 1160.50: Vehicle 4852 (on Static Vehicle Route "13 - 1") reached the end of link "18: JJ_12THROAD" without finding the subsequent link ("10042: JJ14").	Network object type: Vehicle	Network object keys: 4852
                  Warning	Simulation second 1172.10: Vehicle 4981 (on Static Vehicle Route "12 - 1") reached the end of link "20: JJ_MR" without finding the subsequent link ("10029: JJ3").	Network object type: Vehicle	Network object keys: 4981
                  Warning	Simulation second 1174.00: Vehicle 5068 (on Static Vehicle Route "12 - 1") reached the end of link "20: JJ_MR" without finding the subsequent link ("10029: JJ3").	Network object type: Vehicle	Network object keys: 5068
                  Warning	Simulation second 1176.10: Vehicle 5109 (on Static Vehicle Route "12 - 1") reached the end of link "20: JJ_MR" without finding the subsequent link ("10029: JJ3").	Network object type: Vehicle	Network object keys: 5109
                  Warning	Simulation second 1177.70: Vehicle 4921 (on Static Vehicle Route "12 - 1") reached the end of link "20: JJ_MR" without finding the subsequent link ("10029: JJ3").	Network object type: Vehicle	Network object keys: 4921
                  Warning	Simulation second 1199.40: Vehicle 5296 (on Static Vehicle Route "1 - 1") reached the end of link "1: MC_Me_P" without finding the subsequent link ("10012: MC_ME_SN").	Network object type: Vehicle	Network object keys: 5296
                  Warning	Simulation second 1221.40: Vehicle 5506 (on Static Vehicle Route "1 - 1") reached the end of link "1: MC_Me_P" without finding the subsequent link ("10012: MC_ME_SN").	Network object type: Vehicle	Network object keys: 5506
                  Warning	Simulation second 1254.50: Vehicle 5477 (on Static Vehicle Route "7 - 1") reached the end of link "13: SN_MC" without finding the subsequent link ("10016: SN_JJ_E").	Network object type: Vehicle	Network object keys: 5477
                  Warning	Simulation second 1257.20: Vehicle 5560 (on Static Vehicle Route "1 - 1") reached the end of link "1: MC_Me_P" without finding the subsequent link ("10012: MC_ME_SN").	Network object type: Vehicle	Network object keys: 5560
                  Warning	Simulation second 1258.10: Vehicle 5210 (on Static Vehicle Route "1 - 1") reached the end of link "1: MC_Me_P" without finding the subsequent link ("10012: MC_ME_SN").	Network object type: Vehicle	Network object keys: 5210
                  Warning	Simulation second 1269.00: After 60.00 seconds of waiting for lane change the vehicle 5272 (on Static Vehicle Route "1 - 1") was removed from link "1: MC_Me_P" at position 26.958 m.	Network object type: Vehicle	Network object keys: 5272
                  Warning	Simulation second 1288.80: After 60.00 seconds of waiting for lane change the vehicle 5576 (on Static Vehicle Route "1 - 1") was removed from link "1: MC_Me_P" at position 26.958 m.	Network object type: Vehicle	Network object keys: 5576
                  Warning	Simulation second 1354.90: Vehicle 6103 (on Static Vehicle Route "1 - 1") reached the end of link "1: MC_Me_P" without finding the subsequent link ("10012: MC_ME_SN").	Network object type: Vehicle	Network object keys: 6103
                  Warning	Simulation second 1368.90: Vehicle 5766 (on Static Vehicle Route "7 - 1") reached the end of link "13: SN_MC" without finding the subsequent link ("10016: SN_JJ_E").	Network object type: Vehicle	Network object keys: 5766
                  Warning	Simulation second 1370.00: Vehicle 6118 (on Static Vehicle Route "11 - 1") reached the end of link "19: JJ_SN" without finding the subsequent link ("10034: JJ4").	Network object type: Vehicle	Network object keys: 6118
                  Warning	Simulation second 1372.80: Vehicle 6043 (on Static Vehicle Route "11 - 1") reached the end of link "19: JJ_SN" without finding the subsequent link ("10034: JJ4").	Network object type: Vehicle	Network object keys: 6043
                  Warning	Simulation second 1375.00: Vehicle 6065 (on Static Vehicle Route "10 - 1") reached the end of link "21: JJ_C" without finding the subsequent link ("10028: JJ1").	Network object type: Vehicle	Network object keys: 6065
                  Warning	Simulation second 1375.70: Vehicle 5945 (on Static Vehicle Route "7 - 1") reached the end of link "13: SN_MC" without finding the subsequent link ("10016: SN_JJ_E").	Network object type: Vehicle	Network object keys: 5945
                  Warning	Simulation second 1383.30: Vehicle 6053 (on Static Vehicle Route "10 - 1") reached the end of link "21: JJ_C" without finding the subsequent link ("10028: JJ1").	Network object type: Vehicle	Network object keys: 6053
                  Warning	Simulation second 1383.60: After 60.00 seconds of waiting for lane change the vehicle 5389 (on Static Vehicle Route "4 - 1") was removed from link "7: MC_R_P" at position 117.437 m.	Network object type: Vehicle	Network object keys: 5389
                  Warning	Simulation second 1393.10: Vehicle 6274 (on Static Vehicle Route "1 - 1") reached the end of link "1: MC_Me_P" without finding the subsequent link ("10012: MC_ME_SN").	Network object type: Vehicle	Network object keys: 6274
                  Warning	Simulation second 1397.60: Vehicle 6277 (on Static Vehicle Route "1 - 1") reached the end of link "1: MC_Me_P" without finding the subsequent link ("10012: MC_ME_SN").	Network object type: Vehicle	Network object keys: 6277
                  Warning	Simulation second 1404.20: After 60.00 seconds of waiting for lane change the vehicle 5413 (on Static Vehicle Route "4 - 1") was removed from link "7: MC_R_P" at position 117.437 m.	Network object type: Vehicle	Network object keys: 5413
                  Warning	Simulation second 1405.80: Vehicle 6301 (on Static Vehicle Route "1 - 1") reached the end of link "1: MC_Me_P" without finding the subsequent link ("10012: MC_ME_SN").	Network object type: Vehicle	Network object keys: 6301
                  Warning	Simulation second 1406.60: Vehicle 6164 (on Static Vehicle Route "13 - 1") reached the end of link "18: JJ_12THROAD" without finding the subsequent link ("10042: JJ14").	Network object type: Vehicle	Network object keys: 6164
                  Warning	Simulation second 1408.60: Vehicle 6195 (on Static Vehicle Route "13 - 1") reached the end of link "18: JJ_12THROAD" without finding the subsequent link ("10042: JJ14").	Network object type: Vehicle	Network object keys: 6195
                  Warning	Simulation second 1417.10: Vehicle 6187 (on Static Vehicle Route "12 - 1") reached the end of link "20: JJ_MR" without finding the subsequent link ("10029: JJ3").	Network object type: Vehicle	Network object keys: 6187
                  Warning	Simulation second 1462.80: Vehicle 6369 (on Static Vehicle Route "13 - 1") reached the end of link "18: JJ_12THROAD" without finding the subsequent link ("10042: JJ14").	Network object type: Vehicle	Network object keys: 6369
                  Warning	Simulation second 1479.30: Vehicle 6441 (on Static Vehicle Route "12 - 1") reached the end of link "20: JJ_MR" without finding the subsequent link ("10029: JJ3").	Network object type: Vehicle	Network object keys: 6441
                  Warning	Simulation second 1486.50: After 60.00 seconds of waiting for lane change the vehicle 6212 (on Static Vehicle Route "12 - 1") was removed from link "20: JJ_MR" at position 15.638 m.	Network object type: Vehicle	Network object keys: 6212
                  Warning	Simulation second 1499.50: Vehicle 6573 (on Static Vehicle Route "10 - 1") reached the end of link "21: JJ_C" without finding the subsequent link ("10028: JJ1").	Network object type: Vehicle	Network object keys: 6573
                  Warning	Simulation second 1500.00: Vehicle 6500 (on Static Vehicle Route "7 - 1") reached the end of link "13: SN_MC" without finding the subsequent link ("10016: SN_JJ_E").	Network object type: Vehicle	Network object keys: 6500
                  Warning	Simulation second 1519.00: Vehicle 6681 (on Static Vehicle Route "1 - 1") reached the end of link "1: MC_Me_P" without finding the subsequent link ("10012: MC_ME_SN").	Network object type: Vehicle	Network object keys: 6681
                  Warning	Simulation second 1524.00: Vehicle 6668 (on Static Vehicle Route "13 - 1") reached the end of link "18: JJ_12THROAD" without finding the subsequent link ("10042: JJ14").	Network object type: Vehicle	Network object keys: 6668
                  Warning	Simulation second 1542.40: Vehicle 6834 (on Static Vehicle Route "12 - 1") reached the end of link "20: JJ_MR" without finding the subsequent link ("10029: JJ3").	Network object type: Vehicle	Network object keys: 6834
                  Warning	Simulation second 1590.30: Vehicle 7077 (on Static Vehicle Route "13 - 1") reached the end of link "18: JJ_12THROAD" without finding the subsequent link ("10042: JJ14").	Network object type: Vehicle	Network object keys: 7077
                  Warning	Simulation second 1618.00: After 60.00 seconds of waiting for lane change the vehicle 7009 (on Static Vehicle Route "1 - 1") was removed from link "1: MC_Me_P" at position 26.958 m.	Network object type: Vehicle	Network object keys: 7009
                  Warning	Simulation second 1644.60: Vehicle 7254 (on Static Vehicle Route "13 - 1") reached the end of link "18: JJ_12THROAD" without finding the subsequent link ("10042: JJ14").	Network object type: Vehicle	Network object keys: 7254
                  Warning	Simulation second 1677.30: Vehicle 7370 (on Static Vehicle Route "7 - 1") reached the end of link "13: SN_MC" without finding the subsequent link ("10016: SN_JJ_E").	Network object type: Vehicle	Network object keys: 7370
                  Warning	Simulation second 1677.40: Vehicle 7297 (on Static Vehicle Route "7 - 1") reached the end of link "13: SN_MC" without finding the subsequent link ("10016: SN_JJ_E").	Network object type: Vehicle	Network object keys: 7297
                  Warning	Simulation second 1688.20: After 60.00 seconds of waiting for lane change the vehicle 7342 (on Static Vehicle Route "10 - 1") was removed from link "21: JJ_C" at position 19.773 m.	Network object type: Vehicle	Network object keys: 7342
                  Warning	Simulation second 1699.60: Vehicle 7629 (on Static Vehicle Route "1 - 1") reached the end of link "1: MC_Me_P" without finding the subsequent link ("10012: MC_ME_SN").	Network object type: Vehicle	Network object keys: 7629
                  Warning	Simulation second 1704.40: Vehicle 7660 (on Static Vehicle Route "1 - 1") reached the end of link "1: MC_Me_P" without finding the subsequent link ("10012: MC_ME_SN").	Network object type: Vehicle	Network object keys: 7660
                  Warning	Simulation second 1715.80: Vehicle 7704 (on Static Vehicle Route "10 - 1") reached the end of link "21: JJ_C" without finding the subsequent link ("10028: JJ1").	Network object type: Vehicle	Network object keys: 7704
                  Warning	Simulation second 1726.60: Vehicle 7741 (on Static Vehicle Route "11 - 1") reached the end of link "19: JJ_SN" without finding the subsequent link ("10034: JJ4").	Network object type: Vehicle	Network object keys: 7741
                  Warning	Simulation second 1728.90: Vehicle 7749 (on Static Vehicle Route "11 - 1") reached the end of link "19: JJ_SN" without finding the subsequent link ("10034: JJ4").	Network object type: Vehicle	Network object keys: 7749
                  Warning	Simulation second 1738.50: Vehicle 7682 (on Static Vehicle Route "10 - 1") reached the end of link "21: JJ_C" without finding the subsequent link ("10028: JJ1").	Network object type: Vehicle	Network object keys: 7682
                  Warning	Simulation second 1767.40: After 60.00 seconds of waiting for lane change the vehicle 6746 (on Static Vehicle Route "4 - 1") was removed from link "7: MC_R_P" at position 117.437 m.	Network object type: Vehicle	Network object keys: 6746
                  Warning	Simulation second 1789.70: Vehicle 7959 (on Static Vehicle Route "11 - 1") reached the end of link "19: JJ_SN" without finding the subsequent link ("10034: JJ4").	Network object type: Vehicle	Network object keys: 7959
                  Warning	Simulation second 1793.20: Vehicle 7995 (on Static Vehicle Route "11 - 1") reached the end of link "19: JJ_SN" without finding the subsequent link ("10034: JJ4").	Network object type: Vehicle	Network object keys: 7995
                  Warning	Simulation second 1809.00: Vehicle 7953 (on Static Vehicle Route "1 - 1") reached the end of link "1: MC_Me_P" without finding the subsequent link ("10012: MC_ME_SN").	Network object type: Vehicle	Network object keys: 7953
                  Warning	Simulation second 1821.00: Vehicle 8072 (on Static Vehicle Route "13 - 1") reached the end of link "18: JJ_12THROAD" without finding the subsequent link ("10042: JJ14").	Network object type: Vehicle	Network object keys: 8072
                  Warning	Simulation second 1892.20: Vehicle 8296 (on Static Vehicle Route "13 - 1") reached the end of link "18: JJ_12THROAD" without finding the subsequent link ("10042: JJ14").	Network object type: Vehicle	Network object keys: 8296
                  Warning	Simulation second 1903.00: Vehicle 8297 (on Static Vehicle Route "13 - 1") reached the end of link "18: JJ_12THROAD" without finding the subsequent link ("10042: JJ14").	Network object type: Vehicle	Network object keys: 8297
                  Warning	Simulation second 1905.30: After 60.00 seconds of waiting for lane change the vehicle 8303 (on Static Vehicle Route "6 - 1") was removed from link "14: SN_ME_P" at position 47.037 m.	Network object type: Vehicle	Network object keys: 8303
                  Warning	Simulation second 1908.50: After 60.00 seconds of waiting for lane change the vehicle 8330 (on Static Vehicle Route "6 - 1") was removed from link "14: SN_ME_P" at position 47.037 m.	Network object type: Vehicle	Network object keys: 8330
                  Warning	Simulation second 1923.10: Vehicle 8498 (on Static Vehicle Route "7 - 1") reached the end of link "13: SN_MC" without finding the subsequent link ("10016: SN_JJ_E").	Network object type: Vehicle	Network object keys: 8498
                  Warning	Simulation second 1953.70: Vehicle 8659 (on Static Vehicle Route "12 - 1") reached the end of link "20: JJ_MR" without finding the subsequent link ("10029: JJ3").	Network object type: Vehicle	Network object keys: 8659
                  Warning	Simulation second 1955.40: Vehicle 8615 (on Static Vehicle Route "12 - 1") reached the end of link "20: JJ_MR" without finding the subsequent link ("10029: JJ3").	Network object type: Vehicle	Network object keys: 8615
                  Warning	Simulation second 2015.90: After 60.00 seconds of waiting for lane change the vehicle 8821 (on Static Vehicle Route "6 - 2") was removed from link "14: SN_ME_P" at position 65.206 m.	Network object type: Vehicle	Network object keys: 8821
                  Warning	Simulation second 2033.40: Vehicle 9055 (on Static Vehicle Route "11 - 1") reached the end of link "19: JJ_SN" without finding the subsequent link ("10034: JJ4").	Network object type: Vehicle	Network object keys: 9055
                  Warning	Simulation second 2035.10: Vehicle 9025 (on Static Vehicle Route "11 - 1") reached the end of link "19: JJ_SN" without finding the subsequent link ("10034: JJ4").	Network object type: Vehicle	Network object keys: 9025
                  Warning	Simulation second 2074.50: Vehicle 9176 (on Static Vehicle Route "12 - 1") reached the end of link "20: JJ_MR" without finding the subsequent link ("10029: JJ3").	Network object type: Vehicle	Network object keys: 9176
                  Warning	Simulation second 2089.70: Vehicle 9174 (on Static Vehicle Route "11 - 1") reached the end of link "19: JJ_SN" without finding the subsequent link ("10034: JJ4").	Network object type: Vehicle	Network object keys: 9174
                  Warning	Simulation second 2098.30: Vehicle 9273 (on Static Vehicle Route "10 - 1") reached the end of link "21: JJ_C" without finding the subsequent link ("10028: JJ1").	Network object type: Vehicle	Network object keys: 9273
                     Note	Stop the simulation? : &Yes
                  Warning	Vehicle input 2 could not be finished completely (remain: 174 vehicles).	Network object type: Vehicle Input	Network object keys: 2
                  Warning	Vehicle input 3 could not be finished completely (remain: 47 vehicles).	Network object type: Vehicle Input	Network object keys: 3
                  Warning	Vehicle input 7 could not be finished completely (remain: 12 vehicles).	Network object type: Vehicle Input	Network object keys: 7
                  Warning	Vehicle input 8 could not be finished completely (remain: 96 vehicles).	Network object type: Vehicle Input	Network object keys: 8
                  Warning	Vehicle input 9 could not be finished completely (remain: 101 vehicles).	Network object type: Vehicle Input	Network object keys: 9
                  Warning	Vehicle input 10 could not be finished completely (remain: 360 vehicles).	Network object type: Vehicle Input	Network object keys: 10
                  Warning	Vehicle input 12 could not be finished completely (remain: 53 vehicles).	Network object type: Vehicle Input	Network object keys: 12
                  Warning	Vehicle input 13 could not be finished completely (remain: 13 vehicles).	Network object type: Vehicle Input	Network object keys: 13
                  Warning	Vehicle input 14 could not be finished completely (remain: 230 vehicles).	Network object type: Vehicle Input	Network object keys: 14
