                  Warning	The node "1: JJ" used for the evaluation is ignored because it has neither edges nor turns. Please check the modeling of the network or disable the attribute "Use for evaluation" of the node.	Network object type: Node	Network object keys: 1
                  Warning	Simulation second 116.90: Vehicle 468 (on Static Vehicle Route "11 - 1") reached the end of link "19: JJ_SN" without finding the subsequent link ("10034: JJ4").	Network object type: Vehicle	Network object keys: 468
                  Warning	Simulation second 128.40: Vehicle 484 (on Static Vehicle Route "7 - 1") reached the end of link "13: SN_MC" without finding the subsequent link ("10016: SN_JJ_E").	Network object type: Vehicle	Network object keys: 484
                  Warning	Simulation second 136.50: Vehicle 503 (on Static Vehicle Route "10 - 1") reached the end of link "21: JJ_C" without finding the subsequent link ("10028: JJ1").	Network object type: Vehicle	Network object keys: 503
                  Warning	Simulation second 140.30: Vehicle 618 (on Static Vehicle Route "1 - 1") reached the end of link "1: MC_Me_P" without finding the subsequent link ("10012: MC_ME_SN").	Network object type: Vehicle	Network object keys: 618
                  Warning	Simulation second 179.30: After 60.00 seconds of waiting for lane change the vehicle 498 (on Static Vehicle Route "12 - 1") was removed from link "20: JJ_MR" at position 15.638 m.	Network object type: Vehicle	Network object keys: 498
                  Warning	Simulation second 197.00: After 60.00 seconds of waiting for lane change the vehicle 600 (on Static Vehicle Route "7 - 1") was removed from link "13: SN_MC" at position 22.551 m.	Network object type: Vehicle	Network object keys: 600
                  Warning	Simulation second 201.50: Vehicle 831 (on Static Vehicle Route "13 - 1") reached the end of link "18: JJ_12THROAD" without finding the subsequent link ("10042: JJ14").	Network object type: Vehicle	Network object keys: 831
                  Warning	Simulation second 207.20: Vehicle 415 (on Static Vehicle Route "12 - 1") reached the end of link "20: JJ_MR" without finding the subsequent link ("10029: JJ3").	Network object type: Vehicle	Network object keys: 415
                  Warning	Simulation second 207.30: Vehicle 399 (on Static Vehicle Route "12 - 1") reached the end of link "20: JJ_MR" without finding the subsequent link ("10029: JJ3").	Network object type: Vehicle	Network object keys: 399
                  Warning	Simulation second 210.30: Vehicle 859 (on Static Vehicle Route "1 - 1") reached the end of link "1: MC_Me_P" without finding the subsequent link ("10012: MC_ME_SN").	Network object type: Vehicle	Network object keys: 859
                  Warning	Simulation second 214.40: Vehicle 869 (on Static Vehicle Route "1 - 1") reached the end of link "1: MC_Me_P" without finding the subsequent link ("10012: MC_ME_SN").	Network object type: Vehicle	Network object keys: 869
                  Warning	Simulation second 226.60: Vehicle 949 (on Static Vehicle Route "1 - 1") reached the end of link "1: MC_Me_P" without finding the subsequent link ("10012: MC_ME_SN").	Network object type: Vehicle	Network object keys: 949
                  Warning	Simulation second 228.10: Vehicle 582 (on Static Vehicle Route "7 - 1") reached the end of link "13: SN_MC" without finding the subsequent link ("10016: SN_JJ_E").	Network object type: Vehicle	Network object keys: 582
                  Warning	Simulation second 230.50: Vehicle 993 (on Static Vehicle Route "12 - 1") reached the end of link "20: JJ_MR" without finding the subsequent link ("10029: JJ3").	Network object type: Vehicle	Network object keys: 993
                  Warning	Simulation second 247.70: Vehicle 1051 (on Static Vehicle Route "1 - 1") reached the end of link "1: MC_Me_P" without finding the subsequent link ("10012: MC_ME_SN").	Network object type: Vehicle	Network object keys: 1051
                  Warning	Simulation second 265.00: Vehicle 1168 (on Static Vehicle Route "11 - 1") reached the end of link "19: JJ_SN" without finding the subsequent link ("10034: JJ4").	Network object type: Vehicle	Network object keys: 1168
                  Warning	Simulation second 275.70: After 60.00 seconds of waiting for lane change the vehicle 896 (on Static Vehicle Route "13 - 1") was removed from link "18: JJ_12THROAD" at position 12.902 m.	Network object type: Vehicle	Network object keys: 896
                  Warning	Simulation second 277.30: Vehicle 773 (on Static Vehicle Route "10 - 1") reached the end of link "21: JJ_C" without finding the subsequent link ("10028: JJ1").	Network object type: Vehicle	Network object keys: 773
                  Warning	Simulation second 284.00: After 60.00 seconds of waiting for lane change the vehicle 854 (on Static Vehicle Route "4 - 1") was removed from link "7: MC_R_P" at position 117.437 m.	Network object type: Vehicle	Network object keys: 854
                  Warning	Simulation second 307.60: After 60.00 seconds of waiting for lane change the vehicle 1063 (on Static Vehicle Route "4 - 1") was removed from link "7: MC_R_P" at position 117.437 m.	Network object type: Vehicle	Network object keys: 1063
                  Warning	Simulation second 319.90: After 60.00 seconds of waiting for lane change the vehicle 1150 (on Static Vehicle Route "12 - 1") was removed from link "20: JJ_MR" at position 15.638 m.	Network object type: Vehicle	Network object keys: 1150
                  Warning	Simulation second 321.00: Vehicle 900 (on Static Vehicle Route "13 - 1") reached the end of link "18: JJ_12THROAD" without finding the subsequent link ("10042: JJ14").	Network object type: Vehicle	Network object keys: 900
                  Warning	Simulation second 321.70: After 60.00 seconds of waiting for lane change the vehicle 1156 (on Static Vehicle Route "12 - 1") was removed from link "20: JJ_MR" at position 15.638 m.	Network object type: Vehicle	Network object keys: 1156
                  Warning	Simulation second 346.30: Vehicle 1126 (on Static Vehicle Route "12 - 1") reached the end of link "20: JJ_MR" without finding the subsequent link ("10029: JJ3").	Network object type: Vehicle	Network object keys: 1126
                  Warning	Simulation second 349.10: Vehicle 1201 (on Static Vehicle Route "12 - 1") reached the end of link "20: JJ_MR" without finding the subsequent link ("10029: JJ3").	Network object type: Vehicle	Network object keys: 1201
                  Warning	Simulation second 365.60: Vehicle 1560 (on Static Vehicle Route "12 - 1") reached the end of link "20: JJ_MR" without finding the subsequent link ("10029: JJ3").	Network object type: Vehicle	Network object keys: 1560
                  Warning	Simulation second 374.50: Vehicle 1388 (on Static Vehicle Route "11 - 1") reached the end of link "19: JJ_SN" without finding the subsequent link ("10034: JJ4").	Network object type: Vehicle	Network object keys: 1388
                  Warning	Simulation second 376.40: Vehicle 1526 (on Static Vehicle Route "11 - 1") reached the end of link "19: JJ_SN" without finding the subsequent link ("10034: JJ4").	Network object type: Vehicle	Network object keys: 1526
                  Warning	Simulation second 400.70: After 60.00 seconds of waiting for lane change the vehicle 1449 (on Static Vehicle Route "13 - 1") was removed from link "18: JJ_12THROAD" at position 12.902 m.	Network object type: Vehicle	Network object keys: 1449
                  Warning	Simulation second 401.70: After 60.00 seconds of waiting for lane change the vehicle 1154 (on Static Vehicle Route "4 - 1") was removed from link "7: MC_R_P" at position 117.437 m.	Network object type: Vehicle	Network object keys: 1154
                  Warning	Simulation second 419.50: After 60.00 seconds of waiting for lane change the vehicle 1544 (on Static Vehicle Route "12 - 1") was removed from link "20: JJ_MR" at position 15.638 m.	Network object type: Vehicle	Network object keys: 1544
                  Warning	Simulation second 450.50: Vehicle 1886 (on Static Vehicle Route "11 - 1") reached the end of link "19: JJ_SN" without finding the subsequent link ("10034: JJ4").	Network object type: Vehicle	Network object keys: 1886
                  Warning	Simulation second 459.80: After 60.00 seconds of waiting for lane change the vehicle 1699 (on Static Vehicle Route "7 - 1") was removed from link "13: SN_MC" at position 22.569 m.	Network object type: Vehicle	Network object keys: 1699
                  Warning	Simulation second 479.00: After 60.00 seconds of waiting for lane change the vehicle 1778 (on Static Vehicle Route "10 - 1") was removed from link "21: JJ_C" at position 19.773 m.	Network object type: Vehicle	Network object keys: 1778
                  Warning	Simulation second 479.50: Vehicle 1839 (on Static Vehicle Route "12 - 1") reached the end of link "20: JJ_MR" without finding the subsequent link ("10029: JJ3").	Network object type: Vehicle	Network object keys: 1839
                  Warning	Simulation second 484.70: Vehicle 1757 (on Static Vehicle Route "7 - 1") reached the end of link "13: SN_MC" without finding the subsequent link ("10016: SN_JJ_E").	Network object type: Vehicle	Network object keys: 1757
                  Warning	Simulation second 502.70: Vehicle 2154 (on Static Vehicle Route "12 - 1") reached the end of link "20: JJ_MR" without finding the subsequent link ("10029: JJ3").	Network object type: Vehicle	Network object keys: 2154
                  Warning	Simulation second 530.10: Vehicle 2039 (on Static Vehicle Route "1 - 1") reached the end of link "1: MC_Me_P" without finding the subsequent link ("10012: MC_ME_SN").	Network object type: Vehicle	Network object keys: 2039
                  Warning	Simulation second 546.80: Vehicle 2370 (on Static Vehicle Route "1 - 1") reached the end of link "1: MC_Me_P" without finding the subsequent link ("10012: MC_ME_SN").	Network object type: Vehicle	Network object keys: 2370
                  Warning	Simulation second 556.70: After 60.00 seconds of waiting for lane change the vehicle 2096 (on Static Vehicle Route "4 - 1") was removed from link "7: MC_R_P" at position 117.437 m.	Network object type: Vehicle	Network object keys: 2096
                  Warning	Simulation second 601.60: Vehicle 2008 (on Static Vehicle Route "13 - 1") reached the end of link "18: JJ_12THROAD" without finding the subsequent link ("10042: JJ14").	Network object type: Vehicle	Network object keys: 2008
                  Warning	Simulation second 626.10: Vehicle 2384 (on Static Vehicle Route "2 - 1") reached the end of link "3: MC_SN_P" without finding the subsequent link ("10013: MC_SN_MD").	Network object type: Vehicle	Network object keys: 2384
                  Warning	Simulation second 645.20: After 60.00 seconds of waiting for lane change the vehicle 2520 (on Static Vehicle Route "11 - 1") was removed from link "19: JJ_SN" at position 24.407 m.	Network object type: Vehicle	Network object keys: 2520
                  Warning	Simulation second 668.20: Vehicle 2889 (on Static Vehicle Route "1 - 1") reached the end of link "1: MC_Me_P" without finding the subsequent link ("10012: MC_ME_SN").	Network object type: Vehicle	Network object keys: 2889
                  Warning	Simulation second 725.20: After 60.00 seconds of waiting for lane change the vehicle 2873 (on Static Vehicle Route "6 - 1") was removed from link "14: SN_ME_P" at position 47.037 m.	Network object type: Vehicle	Network object keys: 2873
                  Warning	Simulation second 726.30: After 60.00 seconds of waiting for lane change the vehicle 2841 (on Static Vehicle Route "2 - 1") was removed from link "3: MC_SN_P" at position 33.252 m.	Network object type: Vehicle	Network object keys: 2841
                  Warning	Simulation second 729.20: After 60.00 seconds of waiting for lane change the vehicle 2875 (on Static Vehicle Route "6 - 2") was removed from link "14: SN_ME_P" at position 65.206 m.	Network object type: Vehicle	Network object keys: 2875
                  Warning	Simulation second 794.50: Vehicle 2970 (on Static Vehicle Route "11 - 1") reached the end of link "19: JJ_SN" without finding the subsequent link ("10034: JJ4").	Network object type: Vehicle	Network object keys: 2970
                  Warning	Simulation second 795.80: Vehicle 3035 (on Static Vehicle Route "11 - 1") reached the end of link "19: JJ_SN" without finding the subsequent link ("10034: JJ4").	Network object type: Vehicle	Network object keys: 3035
                  Warning	Simulation second 811.50: Vehicle 2981 (on Static Vehicle Route "10 - 1") reached the end of link "21: JJ_C" without finding the subsequent link ("10028: JJ1").	Network object type: Vehicle	Network object keys: 2981
                  Warning	Simulation second 819.00: After 60.00 seconds of waiting for lane change the vehicle 3178 (on Static Vehicle Route "7 - 1") was removed from link "13: SN_MC" at position 22.569 m.	Network object type: Vehicle	Network object keys: 3178
                  Warning	Simulation second 824.50: After 60.00 seconds of waiting for lane change the vehicle 3215 (on Static Vehicle Route "12 - 1") was removed from link "20: JJ_MR" at position 15.638 m.	Network object type: Vehicle	Network object keys: 3215
                  Warning	Simulation second 833.80: Vehicle 3525 (on Static Vehicle Route "12 - 1") reached the end of link "20: JJ_MR" without finding the subsequent link ("10029: JJ3").	Network object type: Vehicle	Network object keys: 3525
                  Warning	Simulation second 850.60: After 60.00 seconds of waiting for lane change the vehicle 3308 (on Static Vehicle Route "6 - 1") was removed from link "14: SN_ME_P" at position 47.037 m.	Network object type: Vehicle	Network object keys: 3308
                  Warning	Simulation second 863.70: After 60.00 seconds of waiting for lane change the vehicle 3377 (on Static Vehicle Route "2 - 1") was removed from link "3: MC_SN_P" at position 33.252 m.	Network object type: Vehicle	Network object keys: 3377
                  Warning	Simulation second 864.10: Vehicle 3183 (on Static Vehicle Route "13 - 1") reached the end of link "18: JJ_12THROAD" without finding the subsequent link ("10042: JJ14").	Network object type: Vehicle	Network object keys: 3183
                  Warning	Simulation second 874.20: Vehicle 3269 (on Static Vehicle Route "13 - 1") reached the end of link "18: JJ_12THROAD" without finding the subsequent link ("10042: JJ14").	Network object type: Vehicle	Network object keys: 3269
                  Warning	Simulation second 875.90: Vehicle 3229 (on Static Vehicle Route "13 - 1") reached the end of link "18: JJ_12THROAD" without finding the subsequent link ("10042: JJ14").	Network object type: Vehicle	Network object keys: 3229
                  Warning	Simulation second 897.30: Vehicle 3770 (on Static Vehicle Route "12 - 1") reached the end of link "20: JJ_MR" without finding the subsequent link ("10029: JJ3").	Network object type: Vehicle	Network object keys: 3770
                  Warning	Simulation second 914.40: Vehicle 3408 (on Static Vehicle Route "11 - 1") reached the end of link "19: JJ_SN" without finding the subsequent link ("10034: JJ4").	Network object type: Vehicle	Network object keys: 3408
                  Warning	Simulation second 934.30: Vehicle 3934 (on Static Vehicle Route "1 - 1") reached the end of link "1: MC_Me_P" without finding the subsequent link ("10012: MC_ME_SN").	Network object type: Vehicle	Network object keys: 3934
                  Warning	Simulation second 935.30: Vehicle 3924 (on Static Vehicle Route "11 - 1") reached the end of link "19: JJ_SN" without finding the subsequent link ("10034: JJ4").	Network object type: Vehicle	Network object keys: 3924
                  Warning	Simulation second 960.90: After 60.00 seconds of waiting for lane change the vehicle 3791 (on Static Vehicle Route "12 - 1") was removed from link "20: JJ_MR" at position 15.638 m.	Network object type: Vehicle	Network object keys: 3791
                  Warning	Simulation second 977.40: After 60.00 seconds of waiting for lane change the vehicle 3729 (on Static Vehicle Route "2 - 1") was removed from link "3: MC_SN_P" at position 33.252 m.	Network object type: Vehicle	Network object keys: 3729
                  Warning	Simulation second 992.00: Vehicle 3834 (on Static Vehicle Route "7 - 1") reached the end of link "13: SN_MC" without finding the subsequent link ("10016: SN_JJ_E").	Network object type: Vehicle	Network object keys: 3834
                  Warning	Simulation second 1023.90: After 60.00 seconds of waiting for lane change the vehicle 4010 (on Static Vehicle Route "11 - 1") was removed from link "19: JJ_SN" at position 24.407 m.	Network object type: Vehicle	Network object keys: 4010
                  Warning	Simulation second 1069.10: Vehicle 4420 (on Static Vehicle Route "1 - 1") reached the end of link "1: MC_Me_P" without finding the subsequent link ("10012: MC_ME_SN").	Network object type: Vehicle	Network object keys: 4420
                  Warning	Simulation second 1088.70: After 60.00 seconds of waiting for lane change the vehicle 3942 (on Static Vehicle Route "6 - 1") was removed from link "14: SN_ME_P" at position 47.037 m.	Network object type: Vehicle	Network object keys: 3942
                  Warning	Simulation second 1156.20: Vehicle 4425 (on Static Vehicle Route "12 - 1") reached the end of link "20: JJ_MR" without finding the subsequent link ("10029: JJ3").	Network object type: Vehicle	Network object keys: 4425
                  Warning	Simulation second 1158.10: After 60.00 seconds of waiting for lane change the vehicle 4537 (on Static Vehicle Route "11 - 1") was removed from link "19: JJ_SN" at position 24.407 m.	Network object type: Vehicle	Network object keys: 4537
                  Warning	Simulation second 1161.50: Vehicle 4807 (on Static Vehicle Route "1 - 1") reached the end of link "1: MC_Me_P" without finding the subsequent link ("10012: MC_ME_SN").	Network object type: Vehicle	Network object keys: 4807
                  Warning	Simulation second 1161.90: After 60.00 seconds of waiting for lane change the vehicle 4586 (on Static Vehicle Route "10 - 1") was removed from link "21: JJ_C" at position 19.773 m.	Network object type: Vehicle	Network object keys: 4586
                  Warning	Simulation second 1168.90: After 60.00 seconds of waiting for lane change the vehicle 4592 (on Static Vehicle Route "11 - 1") was removed from link "19: JJ_SN" at position 24.407 m.	Network object type: Vehicle	Network object keys: 4592
                  Warning	Simulation second 1170.00: Vehicle 4501 (on Static Vehicle Route "12 - 1") reached the end of link "20: JJ_MR" without finding the subsequent link ("10029: JJ3").	Network object type: Vehicle	Network object keys: 4501
                  Warning	Simulation second 1174.50: Vehicle 4884 (on Static Vehicle Route "1 - 1") reached the end of link "1: MC_Me_P" without finding the subsequent link ("10012: MC_ME_SN").	Network object type: Vehicle	Network object keys: 4884
                  Warning	Simulation second 1176.50: Vehicle 4853 (on Static Vehicle Route "1 - 1") reached the end of link "1: MC_Me_P" without finding the subsequent link ("10012: MC_ME_SN").	Network object type: Vehicle	Network object keys: 4853
                  Warning	Simulation second 1177.10: Vehicle 4908 (on Static Vehicle Route "1 - 1") reached the end of link "1: MC_Me_P" without finding the subsequent link ("10012: MC_ME_SN").	Network object type: Vehicle	Network object keys: 4908
                  Warning	Simulation second 1179.60: Vehicle 4790 (on Static Vehicle Route "1 - 1") reached the end of link "1: MC_Me_P" without finding the subsequent link ("10012: MC_ME_SN").	Network object type: Vehicle	Network object keys: 4790
                  Warning	Simulation second 1209.50: Vehicle 5051 (on Static Vehicle Route "11 - 1") reached the end of link "19: JJ_SN" without finding the subsequent link ("10034: JJ4").	Network object type: Vehicle	Network object keys: 5051
                  Warning	Simulation second 1218.30: Vehicle 4902 (on Static Vehicle Route "10 - 1") reached the end of link "21: JJ_C" without finding the subsequent link ("10028: JJ1").	Network object type: Vehicle	Network object keys: 4902
                  Warning	Simulation second 1220.70: After 60.00 seconds of waiting for lane change the vehicle 4588 (on Static Vehicle Route "6 - 1") was removed from link "14: SN_ME_P" at position 47.037 m.	Network object type: Vehicle	Network object keys: 4588
                  Warning	Simulation second 1285.70: After 60.00 seconds of waiting for lane change the vehicle 4603 (on Static Vehicle Route "6 - 1") was removed from link "14: SN_ME_P" at position 47.037 m.	Network object type: Vehicle	Network object keys: 4603
                  Warning	Simulation second 1287.10: Vehicle 5039 (on Static Vehicle Route "12 - 1") reached the end of link "20: JJ_MR" without finding the subsequent link ("10029: JJ3").	Network object type: Vehicle	Network object keys: 5039
                  Warning	Simulation second 1298.90: After 60.00 seconds of waiting for lane change the vehicle 5155 (on Static Vehicle Route "11 - 1") was removed from link "19: JJ_SN" at position 24.407 m.	Network object type: Vehicle	Network object keys: 5155
                  Warning	Simulation second 1300.50: Vehicle 5341 (on Static Vehicle Route "12 - 1") reached the end of link "20: JJ_MR" without finding the subsequent link ("10029: JJ3").	Network object type: Vehicle	Network object keys: 5341
                  Warning	Simulation second 1301.10: Vehicle 5319 (on Static Vehicle Route "1 - 1") reached the end of link "1: MC_Me_P" without finding the subsequent link ("10012: MC_ME_SN").	Network object type: Vehicle	Network object keys: 5319
                  Warning	Simulation second 1310.60: Vehicle 5228 (on Static Vehicle Route "1 - 1") reached the end of link "1: MC_Me_P" without finding the subsequent link ("10012: MC_ME_SN").	Network object type: Vehicle	Network object keys: 5228
                  Warning	Simulation second 1319.40: Vehicle 5111 (on Static Vehicle Route "11 - 1") reached the end of link "19: JJ_SN" without finding the subsequent link ("10034: JJ4").	Network object type: Vehicle	Network object keys: 5111
                  Warning	Simulation second 1335.70: After 60.00 seconds of waiting for lane change the vehicle 5230 (on Static Vehicle Route "7 - 1") was removed from link "13: SN_MC" at position 22.569 m.	Network object type: Vehicle	Network object keys: 5230
                  Warning	Simulation second 1340.10: Vehicle 5446 (on Static Vehicle Route "11 - 1") reached the end of link "19: JJ_SN" without finding the subsequent link ("10034: JJ4").	Network object type: Vehicle	Network object keys: 5446
                  Warning	Simulation second 1341.50: Vehicle 5463 (on Static Vehicle Route "11 - 1") reached the end of link "19: JJ_SN" without finding the subsequent link ("10034: JJ4").	Network object type: Vehicle	Network object keys: 5463
                  Warning	Simulation second 1353.80: Vehicle 5153 (on Static Vehicle Route "10 - 1") reached the end of link "21: JJ_C" without finding the subsequent link ("10028: JJ1").	Network object type: Vehicle	Network object keys: 5153
                  Warning	Simulation second 1385.30: Vehicle 5619 (on Static Vehicle Route "7 - 1") reached the end of link "13: SN_MC" without finding the subsequent link ("10016: SN_JJ_E").	Network object type: Vehicle	Network object keys: 5619
                  Warning	Simulation second 1460.00: Vehicle 5526 (on Static Vehicle Route "11 - 1") reached the end of link "19: JJ_SN" without finding the subsequent link ("10034: JJ4").	Network object type: Vehicle	Network object keys: 5526
                  Warning	Simulation second 1464.20: Vehicle 5605 (on Static Vehicle Route "11 - 1") reached the end of link "19: JJ_SN" without finding the subsequent link ("10034: JJ4").	Network object type: Vehicle	Network object keys: 5605
                  Warning	Simulation second 1487.30: After 60.00 seconds of waiting for lane change the vehicle 5722 (on Static Vehicle Route "6 - 1") was removed from link "14: SN_ME_P" at position 44.590 m.	Network object type: Vehicle	Network object keys: 5722
                  Warning	Simulation second 1491.10: Vehicle 5683 (on Static Vehicle Route "7 - 1") reached the end of link "13: SN_MC" without finding the subsequent link ("10016: SN_JJ_E").	Network object type: Vehicle	Network object keys: 5683
                  Warning	Simulation second 1492.20: After 60.00 seconds of waiting for lane change the vehicle 5834 (on Static Vehicle Route "6 - 1") was removed from link "14: SN_ME_P" at position 47.037 m.	Network object type: Vehicle	Network object keys: 5834
                  Warning	Simulation second 1492.90: Vehicle 5650 (on Static Vehicle Route "10 - 1") reached the end of link "21: JJ_C" without finding the subsequent link ("10028: JJ1").	Network object type: Vehicle	Network object keys: 5650
                  Warning	Simulation second 1496.00: Vehicle 5682 (on Static Vehicle Route "7 - 1") reached the end of link "13: SN_MC" without finding the subsequent link ("10016: SN_JJ_E").	Network object type: Vehicle	Network object keys: 5682
                  Warning	Simulation second 1535.40: Vehicle 6248 (on Static Vehicle Route "1 - 1") reached the end of link "1: MC_Me_P" without finding the subsequent link ("10012: MC_ME_SN").	Network object type: Vehicle	Network object keys: 6248
                  Warning	Simulation second 1539.90: Vehicle 6277 (on Static Vehicle Route "11 - 1") reached the end of link "19: JJ_SN" without finding the subsequent link ("10034: JJ4").	Network object type: Vehicle	Network object keys: 6277
                  Warning	Simulation second 1544.30: Vehicle 6263 (on Static Vehicle Route "1 - 1") reached the end of link "1: MC_Me_P" without finding the subsequent link ("10012: MC_ME_SN").	Network object type: Vehicle	Network object keys: 6263
                  Warning	Simulation second 1549.30: Vehicle 5936 (on Static Vehicle Route "13 - 1") reached the end of link "18: JJ_12THROAD" without finding the subsequent link ("10042: JJ14").	Network object type: Vehicle	Network object keys: 5936
                  Warning	Simulation second 1563.90: Vehicle 5978 (on Static Vehicle Route "12 - 1") reached the end of link "20: JJ_MR" without finding the subsequent link ("10029: JJ3").	Network object type: Vehicle	Network object keys: 5978
                  Warning	Simulation second 1570.90: Vehicle 6260 (on Static Vehicle Route "1 - 1") reached the end of link "1: MC_Me_P" without finding the subsequent link ("10012: MC_ME_SN").	Network object type: Vehicle	Network object keys: 6260
                  Warning	Simulation second 1574.30: After 60.00 seconds of waiting for lane change the vehicle 5651 (on Static Vehicle Route "10 - 1") was removed from link "21: JJ_C" at position 19.773 m.	Network object type: Vehicle	Network object keys: 5651
                  Warning	Simulation second 1580.10: After 60.00 seconds of waiting for lane change the vehicle 6216 (on Static Vehicle Route "10 - 1") was removed from link "21: JJ_C" at position 19.773 m.	Network object type: Vehicle	Network object keys: 6216
                  Warning	Simulation second 1594.60: Vehicle 6238 (on Static Vehicle Route "11 - 1") reached the end of link "19: JJ_SN" without finding the subsequent link ("10034: JJ4").	Network object type: Vehicle	Network object keys: 6238
                  Warning	Simulation second 1613.10: Vehicle 6206 (on Static Vehicle Route "7 - 1") reached the end of link "13: SN_MC" without finding the subsequent link ("10016: SN_JJ_E").	Network object type: Vehicle	Network object keys: 6206
                  Warning	Simulation second 1615.00: After 60.00 seconds of waiting for lane change the vehicle 6362 (on Static Vehicle Route "2 - 1") was removed from link "3: MC_SN_P" at position 33.252 m.	Network object type: Vehicle	Network object keys: 6362
                  Warning	Simulation second 1626.20: Vehicle 6215 (on Static Vehicle Route "10 - 1") reached the end of link "21: JJ_C" without finding the subsequent link ("10028: JJ1").	Network object type: Vehicle	Network object keys: 6215
                  Warning	Simulation second 1688.70: Vehicle 6884 (on Static Vehicle Route "13 - 1") reached the end of link "18: JJ_12THROAD" without finding the subsequent link ("10042: JJ14").	Network object type: Vehicle	Network object keys: 6884
                  Warning	Simulation second 1699.50: After 60.00 seconds of waiting for lane change the vehicle 6708 (on Static Vehicle Route "7 - 1") was removed from link "13: SN_MC" at position 22.569 m.	Network object type: Vehicle	Network object keys: 6708
                  Warning	Simulation second 1751.90: After 60.00 seconds of waiting for lane change the vehicle 6944 (on Static Vehicle Route "6 - 1") was removed from link "14: SN_ME_P" at position 46.937 m.	Network object type: Vehicle	Network object keys: 6944
                  Warning	Simulation second 1760.90: After 60.00 seconds of waiting for lane change the vehicle 6952 (on Static Vehicle Route "6 - 1") was removed from link "14: SN_ME_P" at position 47.037 m.	Network object type: Vehicle	Network object keys: 6952
                  Warning	Simulation second 1823.20: After 60.00 seconds of waiting for lane change the vehicle 7237 (on Static Vehicle Route "7 - 1") was removed from link "13: SN_MC" at position 22.569 m.	Network object type: Vehicle	Network object keys: 7237
                  Warning	Simulation second 1853.10: Vehicle 7656 (on Static Vehicle Route "12 - 1") reached the end of link "20: JJ_MR" without finding the subsequent link ("10029: JJ3").	Network object type: Vehicle	Network object keys: 7656
                  Warning	Simulation second 1864.60: Vehicle 7296 (on Static Vehicle Route "11 - 1") reached the end of link "19: JJ_SN" without finding the subsequent link ("10034: JJ4").	Network object type: Vehicle	Network object keys: 7296
                  Warning	Simulation second 1865.60: Vehicle 7497 (on Static Vehicle Route "11 - 1") reached the end of link "19: JJ_SN" without finding the subsequent link ("10034: JJ4").	Network object type: Vehicle	Network object keys: 7497
                  Warning	Simulation second 1880.30: After 60.00 seconds of waiting for lane change the vehicle 7028 (on Static Vehicle Route "6 - 1") was removed from link "14: SN_ME_P" at position 47.037 m.	Network object type: Vehicle	Network object keys: 7028
                  Warning	Simulation second 1946.30: Vehicle 7595 (on Static Vehicle Route "13 - 1") reached the end of link "18: JJ_12THROAD" without finding the subsequent link ("10042: JJ14").	Network object type: Vehicle	Network object keys: 7595
                  Warning	Simulation second 1954.70: Vehicle 8042 (on Static Vehicle Route "1 - 1") reached the end of link "1: MC_Me_P" without finding the subsequent link ("10012: MC_ME_SN").	Network object type: Vehicle	Network object keys: 8042
                  Warning	Simulation second 1956.70: Vehicle 8066 (on Static Vehicle Route "13 - 1") reached the end of link "18: JJ_12THROAD" without finding the subsequent link ("10042: JJ14").	Network object type: Vehicle	Network object keys: 8066
                  Warning	Simulation second 1959.40: Vehicle 8087 (on Static Vehicle Route "1 - 1") reached the end of link "1: MC_Me_P" without finding the subsequent link ("10012: MC_ME_SN").	Network object type: Vehicle	Network object keys: 8087
                  Warning	Simulation second 1961.90: Vehicle 7669 (on Static Vehicle Route "12 - 1") reached the end of link "20: JJ_MR" without finding the subsequent link ("10029: JJ3").	Network object type: Vehicle	Network object keys: 7669
                  Warning	Simulation second 1964.30: Vehicle 7680 (on Static Vehicle Route "12 - 1") reached the end of link "20: JJ_MR" without finding the subsequent link ("10029: JJ3").	Network object type: Vehicle	Network object keys: 7680
                  Warning	Simulation second 1966.50: After 60.00 seconds of waiting for lane change the vehicle 7824 (on Static Vehicle Route "10 - 1") was removed from link "21: JJ_C" at position 19.773 m.	Network object type: Vehicle	Network object keys: 7824
                  Warning	Simulation second 1969.60: After 60.00 seconds of waiting for lane change the vehicle 7343 (on Static Vehicle Route "6 - 1") was removed from link "14: SN_ME_P" at position 47.037 m.	Network object type: Vehicle	Network object keys: 7343
                  Warning	Simulation second 1988.50: Vehicle 8269 (on Static Vehicle Route "12 - 1") reached the end of link "20: JJ_MR" without finding the subsequent link ("10029: JJ3").	Network object type: Vehicle	Network object keys: 8269
                  Warning	Simulation second 1990.90: Vehicle 8288 (on Static Vehicle Route "12 - 1") reached the end of link "20: JJ_MR" without finding the subsequent link ("10029: JJ3").	Network object type: Vehicle	Network object keys: 8288
                  Warning	Simulation second 1991.90: Vehicle 8289 (on Static Vehicle Route "12 - 1") reached the end of link "20: JJ_MR" without finding the subsequent link ("10029: JJ3").	Network object type: Vehicle	Network object keys: 8289
                  Warning	Simulation second 2028.20: Vehicle 8193 (on Static Vehicle Route "10 - 1") reached the end of link "21: JJ_C" without finding the subsequent link ("10028: JJ1").	Network object type: Vehicle	Network object keys: 8193
                  Warning	Simulation second 2098.50: Vehicle 8346 (on Static Vehicle Route "12 - 1") reached the end of link "20: JJ_MR" without finding the subsequent link ("10029: JJ3").	Network object type: Vehicle	Network object keys: 8346
                  Warning	Simulation second 2105.50: Vehicle 8511 (on Static Vehicle Route "1 - 1") reached the end of link "1: MC_Me_P" without finding the subsequent link ("10012: MC_ME_SN").	Network object type: Vehicle	Network object keys: 8511
                  Warning	Simulation second 2105.60: After 60.00 seconds of waiting for lane change the vehicle 8480 (on Static Vehicle Route "1 - 1") was removed from link "1: MC_Me_P" at position 26.958 m.	Network object type: Vehicle	Network object keys: 8480
                  Warning	Simulation second 2107.20: Vehicle 8568 (on Static Vehicle Route "1 - 1") reached the end of link "1: MC_Me_P" without finding the subsequent link ("10012: MC_ME_SN").	Network object type: Vehicle	Network object keys: 8568
                  Warning	Simulation second 2108.50: Vehicle 8544 (on Static Vehicle Route "1 - 1") reached the end of link "1: MC_Me_P" without finding the subsequent link ("10012: MC_ME_SN").	Network object type: Vehicle	Network object keys: 8544
                  Warning	Simulation second 2110.50: After 60.00 seconds of waiting for lane change the vehicle 8503 (on Static Vehicle Route "10 - 1") was removed from link "21: JJ_C" at position 19.773 m.	Network object type: Vehicle	Network object keys: 8503
                  Warning	Simulation second 2126.70: Vehicle 8764 (on Static Vehicle Route "12 - 1") reached the end of link "20: JJ_MR" without finding the subsequent link ("10029: JJ3").	Network object type: Vehicle	Network object keys: 8764
                  Warning	Simulation second 2128.80: After 60.00 seconds of waiting for lane change the vehicle 8566 (on Static Vehicle Route "4 - 1") was removed from link "7: MC_R_P" at position 117.437 m.	Network object type: Vehicle	Network object keys: 8566
                  Warning	Simulation second 2168.20: Vehicle 8564 (on Static Vehicle Route "10 - 1") reached the end of link "21: JJ_C" without finding the subsequent link ("10028: JJ1").	Network object type: Vehicle	Network object keys: 8564
                  Warning	Simulation second 2175.50: After 60.00 seconds of waiting for lane change the vehicle 8532 (on Static Vehicle Route "10 - 1") was removed from link "21: JJ_C" at position 19.773 m.	Network object type: Vehicle	Network object keys: 8532
                  Warning	Simulation second 2202.50: Vehicle 8704 (on Static Vehicle Route "13 - 1") reached the end of link "18: JJ_12THROAD" without finding the subsequent link ("10042: JJ14").	Network object type: Vehicle	Network object keys: 8704
                  Warning	Simulation second 2205.10: After 60.00 seconds of waiting for lane change the vehicle 8803 (on Static Vehicle Route "12 - 1") was removed from link "20: JJ_MR" at position 15.638 m.	Network object type: Vehicle	Network object keys: 8803
                  Warning	Simulation second 2227.80: After 60.00 seconds of waiting for lane change the vehicle 8633 (on Static Vehicle Route "6 - 1") was removed from link "14: SN_ME_P" at position 47.037 m.	Network object type: Vehicle	Network object keys: 8633
                  Warning	Simulation second 2236.30: Vehicle 8797 (on Static Vehicle Route "12 - 1") reached the end of link "20: JJ_MR" without finding the subsequent link ("10029: JJ3").	Network object type: Vehicle	Network object keys: 8797
                  Warning	Simulation second 2237.90: Vehicle 8821 (on Static Vehicle Route "12 - 1") reached the end of link "20: JJ_MR" without finding the subsequent link ("10029: JJ3").	Network object type: Vehicle	Network object keys: 8821
                  Warning	Simulation second 2252.60: After 60.00 seconds of waiting for lane change the vehicle 9009 (on Static Vehicle Route "11 - 1") was removed from link "19: JJ_SN" at position 24.407 m.	Network object type: Vehicle	Network object keys: 9009
                  Warning	Simulation second 2254.30: After 60.00 seconds of waiting for lane change the vehicle 8991 (on Static Vehicle Route "10 - 1") was removed from link "21: JJ_C" at position 19.773 m.	Network object type: Vehicle	Network object keys: 8991
                  Warning	Simulation second 2263.60: After 60.00 seconds of waiting for lane change the vehicle 9039 (on Static Vehicle Route "2 - 1") was removed from link "3: MC_SN_P" at position 33.252 m.	Network object type: Vehicle	Network object keys: 9039
                  Warning	Simulation second 2266.10: Vehicle 8886 (on Static Vehicle Route "11 - 1") reached the end of link "19: JJ_SN" without finding the subsequent link ("10034: JJ4").	Network object type: Vehicle	Network object keys: 8886
                  Warning	Simulation second 2271.10: Vehicle 8899 (on Static Vehicle Route "11 - 1") reached the end of link "19: JJ_SN" without finding the subsequent link ("10034: JJ4").	Network object type: Vehicle	Network object keys: 8899
                  Warning	Simulation second 2273.00: Vehicle 8985 (on Static Vehicle Route "11 - 1") reached the end of link "19: JJ_SN" without finding the subsequent link ("10034: JJ4").	Network object type: Vehicle	Network object keys: 8985
                  Warning	Simulation second 2277.60: Vehicle 8999 (on Static Vehicle Route "11 - 1") reached the end of link "19: JJ_SN" without finding the subsequent link ("10034: JJ4").	Network object type: Vehicle	Network object keys: 8999
                  Warning	Simulation second 2284.20: After 60.00 seconds of waiting for lane change the vehicle 8867 (on Static Vehicle Route "1 - 1") was removed from link "1: MC_Me_P" at position 26.958 m.	Network object type: Vehicle	Network object keys: 8867
                  Warning	Simulation second 2305.40: Vehicle 9375 (on Static Vehicle Route "10 - 1") reached the end of link "21: JJ_C" without finding the subsequent link ("10028: JJ1").	Network object type: Vehicle	Network object keys: 9375
                  Warning	Simulation second 2310.70: After 60.00 seconds of waiting for lane change the vehicle 9245 (on Static Vehicle Route "13 - 1") was removed from link "18: JJ_12THROAD" at position 12.902 m.	Network object type: Vehicle	Network object keys: 9245
                  Warning	Simulation second 2321.30: After 60.00 seconds of waiting for lane change the vehicle 9286 (on Static Vehicle Route "10 - 1") was removed from link "21: JJ_C" at position 19.773 m.	Network object type: Vehicle	Network object keys: 9286
                  Warning	Simulation second 2344.30: Vehicle 9192 (on Static Vehicle Route "13 - 1") reached the end of link "18: JJ_12THROAD" without finding the subsequent link ("10042: JJ14").	Network object type: Vehicle	Network object keys: 9192
                  Warning	Simulation second 2354.90: After 60.00 seconds of waiting for lane change the vehicle 9141 (on Static Vehicle Route "1 - 1") was removed from link "1: MC_Me_P" at position 26.958 m.	Network object type: Vehicle	Network object keys: 9141
                  Warning	Simulation second 2356.60: Vehicle 9188 (on Static Vehicle Route "13 - 1") reached the end of link "18: JJ_12THROAD" without finding the subsequent link ("10042: JJ14").	Network object type: Vehicle	Network object keys: 9188
                  Warning	Simulation second 2371.90: After 60.00 seconds of waiting for lane change the vehicle 9402 (on Static Vehicle Route "6 - 1") was removed from link "14: SN_ME_P" at position 47.037 m.	Network object type: Vehicle	Network object keys: 9402
                  Warning	Simulation second 2373.50: After 60.00 seconds of waiting for lane change the vehicle 9425 (on Static Vehicle Route "6 - 2") was removed from link "14: SN_ME_P" at position 65.206 m.	Network object type: Vehicle	Network object keys: 9425
                  Warning	Simulation second 2378.60: After 60.00 seconds of waiting for lane change the vehicle 9468 (on Static Vehicle Route "11 - 1") was removed from link "19: JJ_SN" at position 24.407 m.	Network object type: Vehicle	Network object keys: 9468
                  Warning	Simulation second 2415.40: Vehicle 9883 (on Static Vehicle Route "11 - 1") reached the end of link "19: JJ_SN" without finding the subsequent link ("10034: JJ4").	Network object type: Vehicle	Network object keys: 9883
                  Warning	Simulation second 2435.70: Vehicle 9583 (on Static Vehicle Route "10 - 1") reached the end of link "21: JJ_C" without finding the subsequent link ("10028: JJ1").	Network object type: Vehicle	Network object keys: 9583
                  Warning	Simulation second 2448.80: Vehicle 9618 (on Static Vehicle Route "2 - 1") reached the end of link "3: MC_SN_P" without finding the subsequent link ("10013: MC_SN_MD").	Network object type: Vehicle	Network object keys: 9618
                  Warning	Simulation second 2473.40: After 60.00 seconds of waiting for lane change the vehicle 9868 (on Static Vehicle Route "7 - 1") was removed from link "13: SN_MC" at position 22.569 m.	Network object type: Vehicle	Network object keys: 9868
                  Warning	Simulation second 2475.60: Vehicle 9764 (on Static Vehicle Route "1 - 1") reached the end of link "1: MC_Me_P" without finding the subsequent link ("10012: MC_ME_SN").	Network object type: Vehicle	Network object keys: 9764
                  Warning	Simulation second 2478.10: Vehicle 9800 (on Static Vehicle Route "1 - 1") reached the end of link "1: MC_Me_P" without finding the subsequent link ("10012: MC_ME_SN").	Network object type: Vehicle	Network object keys: 9800
                  Warning	Simulation second 2480.70: Vehicle 9805 (on Static Vehicle Route "1 - 1") reached the end of link "1: MC_Me_P" without finding the subsequent link ("10012: MC_ME_SN").	Network object type: Vehicle	Network object keys: 9805
                  Warning	Simulation second 2485.10: Vehicle 9916 (on Static Vehicle Route "1 - 1") reached the end of link "1: MC_Me_P" without finding the subsequent link ("10012: MC_ME_SN").	Network object type: Vehicle	Network object keys: 9916
                  Warning	Simulation second 2485.50: After 60.00 seconds of waiting for lane change the vehicle 9925 (on Static Vehicle Route "7 - 1") was removed from link "13: SN_MC" at position 22.569 m.	Network object type: Vehicle	Network object keys: 9925
                  Warning	Simulation second 2497.80: After 60.00 seconds of waiting for lane change the vehicle 10006 (on Static Vehicle Route "11 - 1") was removed from link "19: JJ_SN" at position 24.407 m.	Network object type: Vehicle	Network object keys: 10006
                  Warning	Simulation second 2502.20: Vehicle 9864 (on Static Vehicle Route "12 - 1") reached the end of link "20: JJ_MR" without finding the subsequent link ("10029: JJ3").	Network object type: Vehicle	Network object keys: 9864
                  Warning	Simulation second 2516.20: After 60.00 seconds of waiting for lane change the vehicle 10096 (on Static Vehicle Route "10 - 1") was removed from link "21: JJ_C" at position 19.773 m.	Network object type: Vehicle	Network object keys: 10096
                  Warning	Simulation second 2524.20: After 60.00 seconds of waiting for lane change the vehicle 10103 (on Static Vehicle Route "10 - 1") was removed from link "21: JJ_C" at position 19.773 m.	Network object type: Vehicle	Network object keys: 10103
                  Warning	Simulation second 2538.90: Vehicle 10028 (on Static Vehicle Route "11 - 1") reached the end of link "19: JJ_SN" without finding the subsequent link ("10034: JJ4").	Network object type: Vehicle	Network object keys: 10028
                  Warning	Simulation second 2540.20: After 60.00 seconds of waiting for lane change the vehicle 10169 (on Static Vehicle Route "2 - 1") was removed from link "3: MC_SN_P" at position 33.252 m.	Network object type: Vehicle	Network object keys: 10169
                  Warning	Simulation second 2542.50: Vehicle 10282 (on Static Vehicle Route "11 - 1") reached the end of link "19: JJ_SN" without finding the subsequent link ("10034: JJ4").	Network object type: Vehicle	Network object keys: 10282
                  Warning	Simulation second 2550.80: Vehicle 10289 (on Static Vehicle Route "11 - 1") reached the end of link "19: JJ_SN" without finding the subsequent link ("10034: JJ4").	Network object type: Vehicle	Network object keys: 10289
                  Warning	Simulation second 2570.40: Vehicle 10095 (on Static Vehicle Route "10 - 1") reached the end of link "21: JJ_C" without finding the subsequent link ("10028: JJ1").	Network object type: Vehicle	Network object keys: 10095
                  Warning	Simulation second 2597.50: After 60.00 seconds of waiting for lane change the vehicle 10365 (on Static Vehicle Route "1 - 1") was removed from link "1: MC_Me_P" at position 26.958 m.	Network object type: Vehicle	Network object keys: 10365
                  Warning	Simulation second 2608.60: After 60.00 seconds of waiting for lane change the vehicle 10403 (on Static Vehicle Route "6 - 1") was removed from link "14: SN_ME_P" at position 47.037 m.	Network object type: Vehicle	Network object keys: 10403
                  Warning	Simulation second 2609.70: After 60.00 seconds of waiting for lane change the vehicle 10387 (on Static Vehicle Route "6 - 1") was removed from link "14: SN_ME_P" at position 47.037 m.	Network object type: Vehicle	Network object keys: 10387
                  Warning	Simulation second 2613.70: Vehicle 10340 (on Static Vehicle Route "1 - 1") reached the end of link "1: MC_Me_P" without finding the subsequent link ("10012: MC_ME_SN").	Network object type: Vehicle	Network object keys: 10340
                  Warning	Simulation second 2613.80: Vehicle 10304 (on Static Vehicle Route "1 - 1") reached the end of link "1: MC_Me_P" without finding the subsequent link ("10012: MC_ME_SN").	Network object type: Vehicle	Network object keys: 10304
                  Warning	Simulation second 2615.80: Vehicle 10301 (on Static Vehicle Route "13 - 1") reached the end of link "18: JJ_12THROAD" without finding the subsequent link ("10042: JJ14").	Network object type: Vehicle	Network object keys: 10301
                  Warning	Simulation second 2642.00: After 60.00 seconds of waiting for lane change the vehicle 10137 (on Static Vehicle Route "10 - 1") was removed from link "21: JJ_C" at position 19.773 m.	Network object type: Vehicle	Network object keys: 10137
                  Warning	Simulation second 2727.30: After 60.00 seconds of waiting for lane change the vehicle 10879 (on Static Vehicle Route "7 - 1") was removed from link "13: SN_MC" at position 22.569 m.	Network object type: Vehicle	Network object keys: 10879
                  Warning	Simulation second 2733.20: After 60.00 seconds of waiting for lane change the vehicle 10458 (on Static Vehicle Route "6 - 1") was removed from link "14: SN_ME_P" at position 47.037 m.	Network object type: Vehicle	Network object keys: 10458
                  Warning	Simulation second 2734.90: After 60.00 seconds of waiting for lane change the vehicle 10899 (on Static Vehicle Route "12 - 1") was removed from link "20: JJ_MR" at position 15.638 m.	Network object type: Vehicle	Network object keys: 10899
                  Warning	Simulation second 2745.20: Vehicle 10833 (on Static Vehicle Route "1 - 1") reached the end of link "1: MC_Me_P" without finding the subsequent link ("10012: MC_ME_SN").	Network object type: Vehicle	Network object keys: 10833
                  Warning	Simulation second 2746.70: Vehicle 11059 (on Static Vehicle Route "1 - 1") reached the end of link "1: MC_Me_P" without finding the subsequent link ("10012: MC_ME_SN").	Network object type: Vehicle	Network object keys: 11059
                  Warning	Simulation second 2748.60: Vehicle 10956 (on Static Vehicle Route "1 - 1") reached the end of link "1: MC_Me_P" without finding the subsequent link ("10012: MC_ME_SN").	Network object type: Vehicle	Network object keys: 10956
                  Warning	Simulation second 2751.70: Vehicle 10960 (on Static Vehicle Route "1 - 1") reached the end of link "1: MC_Me_P" without finding the subsequent link ("10012: MC_ME_SN").	Network object type: Vehicle	Network object keys: 10960
                  Warning	Simulation second 2753.10: After 60.00 seconds of waiting for lane change the vehicle 10972 (on Static Vehicle Route "12 - 1") was removed from link "20: JJ_MR" at position 15.638 m.	Network object type: Vehicle	Network object keys: 10972
                  Warning	Simulation second 2756.80: Vehicle 10942 (on Static Vehicle Route "1 - 1") reached the end of link "1: MC_Me_P" without finding the subsequent link ("10012: MC_ME_SN").	Network object type: Vehicle	Network object keys: 10942
                  Warning	Simulation second 2757.50: Vehicle 11062 (on Static Vehicle Route "1 - 1") reached the end of link "1: MC_Me_P" without finding the subsequent link ("10012: MC_ME_SN").	Network object type: Vehicle	Network object keys: 11062
                  Warning	Simulation second 2761.10: Vehicle 11016 (on Static Vehicle Route "1 - 1") reached the end of link "1: MC_Me_P" without finding the subsequent link ("10012: MC_ME_SN").	Network object type: Vehicle	Network object keys: 11016
                  Warning	Simulation second 2773.60: Vehicle 10947 (on Static Vehicle Route "12 - 1") reached the end of link "20: JJ_MR" without finding the subsequent link ("10029: JJ3").	Network object type: Vehicle	Network object keys: 10947
                  Warning	Simulation second 2774.50: After 60.00 seconds of waiting for lane change the vehicle 10842 (on Static Vehicle Route "10 - 1") was removed from link "21: JJ_C" at position 19.773 m.	Network object type: Vehicle	Network object keys: 10842
                  Warning	Simulation second 2778.40: Vehicle 10946 (on Static Vehicle Route "12 - 1") reached the end of link "20: JJ_MR" without finding the subsequent link ("10029: JJ3").	Network object type: Vehicle	Network object keys: 10946
                  Warning	Simulation second 2781.80: After 60.00 seconds of waiting for lane change the vehicle 11119 (on Static Vehicle Route "10 - 1") was removed from link "21: JJ_C" at position 19.773 m.	Network object type: Vehicle	Network object keys: 11119
                  Warning	Simulation second 2808.90: Vehicle 11033 (on Static Vehicle Route "11 - 1") reached the end of link "19: JJ_SN" without finding the subsequent link ("10034: JJ4").	Network object type: Vehicle	Network object keys: 11033
                  Warning	Simulation second 2825.40: After 60.00 seconds of waiting for lane change the vehicle 11280 (on Static Vehicle Route "13 - 1") was removed from link "18: JJ_12THROAD" at position 12.902 m.	Network object type: Vehicle	Network object keys: 11280
                  Warning	Simulation second 2839.20: Vehicle 11112 (on Static Vehicle Route "10 - 1") reached the end of link "21: JJ_C" without finding the subsequent link ("10028: JJ1").	Network object type: Vehicle	Network object keys: 11112
                  Warning	Simulation second 2844.30: After 60.00 seconds of waiting for lane change the vehicle 11364 (on Static Vehicle Route "1 - 1") was removed from link "1: MC_Me_P" at position 26.958 m.	Network object type: Vehicle	Network object keys: 11364
                  Warning	Simulation second 2869.50: Vehicle 11498 (on Static Vehicle Route "1 - 1") reached the end of link "1: MC_Me_P" without finding the subsequent link ("10012: MC_ME_SN").	Network object type: Vehicle	Network object keys: 11498
                  Warning	Simulation second 2872.00: Vehicle 11517 (on Static Vehicle Route "1 - 1") reached the end of link "1: MC_Me_P" without finding the subsequent link ("10012: MC_ME_SN").	Network object type: Vehicle	Network object keys: 11517
                  Warning	Simulation second 2877.40: Vehicle 11319 (on Static Vehicle Route "13 - 1") reached the end of link "18: JJ_12THROAD" without finding the subsequent link ("10042: JJ14").	Network object type: Vehicle	Network object keys: 11319
                  Warning	Simulation second 2882.20: Vehicle 11620 (on Static Vehicle Route "13 - 1") reached the end of link "18: JJ_12THROAD" without finding the subsequent link ("10042: JJ14").	Network object type: Vehicle	Network object keys: 11620
                  Warning	Simulation second 2883.10: Vehicle 11330 (on Static Vehicle Route "7 - 1") reached the end of link "13: SN_MC" without finding the subsequent link ("10016: SN_JJ_E").	Network object type: Vehicle	Network object keys: 11330
                  Warning	Simulation second 2885.80: Vehicle 11630 (on Static Vehicle Route "13 - 1") reached the end of link "18: JJ_12THROAD" without finding the subsequent link ("10042: JJ14").	Network object type: Vehicle	Network object keys: 11630
                  Warning	Simulation second 2908.60: Vehicle 11442 (on Static Vehicle Route "12 - 1") reached the end of link "20: JJ_MR" without finding the subsequent link ("10029: JJ3").	Network object type: Vehicle	Network object keys: 11442
                  Warning	Simulation second 2913.10: After 60.00 seconds of waiting for lane change the vehicle 11614 (on Static Vehicle Route "10 - 1") was removed from link "21: JJ_C" at position 19.773 m.	Network object type: Vehicle	Network object keys: 11614
                  Warning	Simulation second 2921.00: Vehicle 11444 (on Static Vehicle Route "12 - 1") reached the end of link "20: JJ_MR" without finding the subsequent link ("10029: JJ3").	Network object type: Vehicle	Network object keys: 11444
                  Warning	Simulation second 2925.70: Vehicle 11458 (on Static Vehicle Route "12 - 1") reached the end of link "20: JJ_MR" without finding the subsequent link ("10029: JJ3").	Network object type: Vehicle	Network object keys: 11458
                  Warning	Simulation second 2936.80: After 60.00 seconds of waiting for lane change the vehicle 11474 (on Static Vehicle Route "1 - 1") was removed from link "1: MC_Me_P" at position 26.958 m.	Network object type: Vehicle	Network object keys: 11474
                  Warning	Simulation second 2950.00: Vehicle 11665 (on Static Vehicle Route "11 - 1") reached the end of link "19: JJ_SN" without finding the subsequent link ("10034: JJ4").	Network object type: Vehicle	Network object keys: 11665
                  Warning	Simulation second 2962.10: Vehicle 11966 (on Static Vehicle Route "11 - 1") reached the end of link "19: JJ_SN" without finding the subsequent link ("10034: JJ4").	Network object type: Vehicle	Network object keys: 11966
                  Warning	Simulation second 2965.40: Vehicle 11985 (on Static Vehicle Route "11 - 1") reached the end of link "19: JJ_SN" without finding the subsequent link ("10034: JJ4").	Network object type: Vehicle	Network object keys: 11985
                  Warning	Simulation second 2982.70: Vehicle 12108 (on Static Vehicle Route "10 - 1") reached the end of link "21: JJ_C" without finding the subsequent link ("10028: JJ1").	Network object type: Vehicle	Network object keys: 12108
                  Warning	Simulation second 2983.50: After 60.00 seconds of waiting for lane change the vehicle 11564 (on Static Vehicle Route "6 - 1") was removed from link "14: SN_ME_P" at position 47.037 m.	Network object type: Vehicle	Network object keys: 11564
                  Warning	Simulation second 2985.00: After 60.00 seconds of waiting for lane change the vehicle 11825 (on Static Vehicle Route "13 - 1") was removed from link "18: JJ_12THROAD" at position 12.902 m.	Network object type: Vehicle	Network object keys: 11825
                  Warning	Simulation second 3012.70: Vehicle 11638 (on Static Vehicle Route "13 - 1") reached the end of link "18: JJ_12THROAD" without finding the subsequent link ("10042: JJ14").	Network object type: Vehicle	Network object keys: 11638
                  Warning	Simulation second 3021.20: Vehicle 12275 (on Static Vehicle Route "1 - 1") reached the end of link "1: MC_Me_P" without finding the subsequent link ("10012: MC_ME_SN").	Network object type: Vehicle	Network object keys: 12275
                  Warning	Simulation second 3025.60: Vehicle 11801 (on Static Vehicle Route "13 - 1") reached the end of link "18: JJ_12THROAD" without finding the subsequent link ("10042: JJ14").	Network object type: Vehicle	Network object keys: 11801
                  Warning	Simulation second 3030.20: Vehicle 12296 (on Static Vehicle Route "1 - 1") reached the end of link "1: MC_Me_P" without finding the subsequent link ("10012: MC_ME_SN").	Network object type: Vehicle	Network object keys: 12296
                  Warning	Simulation second 3078.20: Vehicle 12104 (on Static Vehicle Route "11 - 1") reached the end of link "19: JJ_SN" without finding the subsequent link ("10034: JJ4").	Network object type: Vehicle	Network object keys: 12104
                  Warning	Simulation second 3084.30: After 60.00 seconds of waiting for lane change the vehicle 12276 (on Static Vehicle Route "1 - 1") was removed from link "1: MC_Me_P" at position 26.958 m.	Network object type: Vehicle	Network object keys: 12276
                  Warning	Simulation second 3115.30: After 60.00 seconds of waiting for lane change the vehicle 12055 (on Static Vehicle Route "12 - 1") was removed from link "20: JJ_MR" at position 15.638 m.	Network object type: Vehicle	Network object keys: 12055
                  Warning	Simulation second 3142.60: After 60.00 seconds of waiting for lane change the vehicle 12492 (on Static Vehicle Route "4 - 1") was removed from link "7: MC_R_P" at position 117.437 m.	Network object type: Vehicle	Network object keys: 12492
                  Warning	Simulation second 3162.70: Vehicle 12760 (on Static Vehicle Route "1 - 1") reached the end of link "1: MC_Me_P" without finding the subsequent link ("10012: MC_ME_SN").	Network object type: Vehicle	Network object keys: 12760
                  Warning	Simulation second 3165.80: After 60.00 seconds of waiting for lane change the vehicle 12557 (on Static Vehicle Route "11 - 1") was removed from link "19: JJ_SN" at position 24.407 m.	Network object type: Vehicle	Network object keys: 12557
                  Warning	Simulation second 3170.20: After 60.00 seconds of waiting for lane change the vehicle 12578 (on Static Vehicle Route "11 - 1") was removed from link "19: JJ_SN" at position 24.407 m.	Network object type: Vehicle	Network object keys: 12578
                  Warning	Simulation second 3180.70: Vehicle 12815 (on Static Vehicle Route "1 - 1") reached the end of link "1: MC_Me_P" without finding the subsequent link ("10012: MC_ME_SN").	Network object type: Vehicle	Network object keys: 12815
                  Warning	Simulation second 3181.90: After 60.00 seconds of waiting for lane change the vehicle 12526 (on Static Vehicle Route "12 - 1") was removed from link "20: JJ_MR" at position 15.638 m.	Network object type: Vehicle	Network object keys: 12526
                  Warning	Simulation second 3193.70: After 60.00 seconds of waiting for lane change the vehicle 12658 (on Static Vehicle Route "10 - 1") was removed from link "21: JJ_C" at position 19.773 m.	Network object type: Vehicle	Network object keys: 12658
                  Warning	Simulation second 3237.20: After 60.00 seconds of waiting for lane change the vehicle 12752 (on Static Vehicle Route "1 - 1") was removed from link "1: MC_Me_P" at position 26.958 m.	Network object type: Vehicle	Network object keys: 12752
                  Warning	Simulation second 3245.30: Vehicle 12689 (on Static Vehicle Route "10 - 1") reached the end of link "21: JJ_C" without finding the subsequent link ("10028: JJ1").	Network object type: Vehicle	Network object keys: 12689
                  Warning	Simulation second 3258.60: After 60.00 seconds of waiting for lane change the vehicle 12853 (on Static Vehicle Route "6 - 1") was removed from link "14: SN_ME_P" at position 47.037 m.	Network object type: Vehicle	Network object keys: 12853
                  Warning	Simulation second 3259.90: After 60.00 seconds of waiting for lane change the vehicle 12886 (on Static Vehicle Route "6 - 1") was removed from link "14: SN_ME_P" at position 47.037 m.	Network object type: Vehicle	Network object keys: 12886
                  Warning	Simulation second 3264.00: After 60.00 seconds of waiting for lane change the vehicle 12909 (on Static Vehicle Route "6 - 1") was removed from link "14: SN_ME_P" at position 47.037 m.	Network object type: Vehicle	Network object keys: 12909
                  Warning	Vehicle input 3 could not be finished completely (remain: 78 vehicles).	Network object type: Vehicle Input	Network object keys: 3
                  Warning	Vehicle input 4 could not be finished completely (remain: 278 vehicles).	Network object type: Vehicle Input	Network object keys: 4
                  Warning	Vehicle input 5 could not be finished completely (remain: 323 vehicles).	Network object type: Vehicle Input	Network object keys: 5
                  Warning	Vehicle input 6 could not be finished completely (remain: 157 vehicles).	Network object type: Vehicle Input	Network object keys: 6
                  Warning	Vehicle input 7 could not be finished completely (remain: 268 vehicles).	Network object type: Vehicle Input	Network object keys: 7
                  Warning	Vehicle input 8 could not be finished completely (remain: 191 vehicles).	Network object type: Vehicle Input	Network object keys: 8
                  Warning	Vehicle input 9 could not be finished completely (remain: 414 vehicles).	Network object type: Vehicle Input	Network object keys: 9
                  Warning	Vehicle input 10 could not be finished completely (remain: 642 vehicles).	Network object type: Vehicle Input	Network object keys: 10
                  Warning	Vehicle input 12 could not be finished completely (remain: 284 vehicles).	Network object type: Vehicle Input	Network object keys: 12
                  Warning	Vehicle input 13 could not be finished completely (remain: 61 vehicles).	Network object type: Vehicle Input	Network object keys: 13
                  Warning	Vehicle input 14 could not be finished completely (remain: 438 vehicles).	Network object type: Vehicle Input	Network object keys: 14
