                  Warning	The node "1: JJ" used for the evaluation is ignored because it has neither edges nor turns. Please check the modeling of the network or disable the attribute "Use for evaluation" of the node.	Network object type: Node	Network object keys: 1
                  Warning	Simulation second 20.90: Vehicle 63 (on Static Vehicle Route "13 - 1") reached the end of link "18: JJ_12THROAD" without finding the subsequent link ("10042: JJ14").	Network object type: Vehicle	Network object keys: 63
                  Warning	Simulation second 78.60: Vehicle 321 (on Static Vehicle Route "12 - 1") reached the end of link "20: JJ_MR" without finding the subsequent link ("10029: JJ3").	Network object type: Vehicle	Network object keys: 321
                  Warning	Simulation second 97.40: Vehicle 372 (on Static Vehicle Route "13 - 1") reached the end of link "18: JJ_12THROAD" without finding the subsequent link ("10042: JJ14").	Network object type: Vehicle	Network object keys: 372
                  Warning	Simulation second 103.10: Vehicle 423 (on Static Vehicle Route "12 - 1") reached the end of link "20: JJ_MR" without finding the subsequent link ("10029: JJ3").	Network object type: Vehicle	Network object keys: 423
                  Warning	Simulation second 106.40: Vehicle 438 (on Static Vehicle Route "10 - 1") reached the end of link "21: JJ_C" without finding the subsequent link ("10028: JJ1").	Network object type: Vehicle	Network object keys: 438
                  Warning	Simulation second 111.40: Vehicle 469 (on Static Vehicle Route "10 - 1") reached the end of link "21: JJ_C" without finding the subsequent link ("10028: JJ1").	Network object type: Vehicle	Network object keys: 469
                  Warning	Simulation second 136.20: Vehicle 616 (on Static Vehicle Route "10 - 1") reached the end of link "21: JJ_C" without finding the subsequent link ("10028: JJ1").	Network object type: Vehicle	Network object keys: 616
                  Warning	Simulation second 140.30: Vehicle 638 (on Static Vehicle Route "1 - 1") reached the end of link "1: MC_Me_P" without finding the subsequent link ("10012: MC_ME_SN").	Network object type: Vehicle	Network object keys: 638
                  Warning	Simulation second 153.50: Vehicle 706 (on Static Vehicle Route "12 - 1") reached the end of link "20: JJ_MR" without finding the subsequent link ("10029: JJ3").	Network object type: Vehicle	Network object keys: 706
                  Warning	Simulation second 155.20: Vehicle 687 (on Static Vehicle Route "13 - 1") reached the end of link "18: JJ_12THROAD" without finding the subsequent link ("10042: JJ14").	Network object type: Vehicle	Network object keys: 687
                  Warning	Simulation second 157.60: Vehicle 691 (on Static Vehicle Route "13 - 1") reached the end of link "18: JJ_12THROAD" without finding the subsequent link ("10042: JJ14").	Network object type: Vehicle	Network object keys: 691
                  Warning	Simulation second 166.10: Vehicle 766 (on Static Vehicle Route "12 - 1") reached the end of link "20: JJ_MR" without finding the subsequent link ("10029: JJ3").	Network object type: Vehicle	Network object keys: 766
                  Warning	Simulation second 199.00: Vehicle 881 (on Static Vehicle Route "13 - 1") reached the end of link "18: JJ_12THROAD" without finding the subsequent link ("10042: JJ14").	Network object type: Vehicle	Network object keys: 881
                  Warning	Simulation second 202.10: Vehicle 931 (on Static Vehicle Route "13 - 1") reached the end of link "18: JJ_12THROAD" without finding the subsequent link ("10042: JJ14").	Network object type: Vehicle	Network object keys: 931
                  Warning	Simulation second 207.10: Vehicle 967 (on Static Vehicle Route "12 - 1") reached the end of link "20: JJ_MR" without finding the subsequent link ("10029: JJ3").	Network object type: Vehicle	Network object keys: 967
                  Warning	Simulation second 207.80: Vehicle 969 (on Static Vehicle Route "12 - 1") reached the end of link "20: JJ_MR" without finding the subsequent link ("10029: JJ3").	Network object type: Vehicle	Network object keys: 969
                  Warning	Simulation second 210.30: Vehicle 959 (on Static Vehicle Route "1 - 1") reached the end of link "1: MC_Me_P" without finding the subsequent link ("10012: MC_ME_SN").	Network object type: Vehicle	Network object keys: 959
                  Warning	Simulation second 214.40: Vehicle 975 (on Static Vehicle Route "1 - 1") reached the end of link "1: MC_Me_P" without finding the subsequent link ("10012: MC_ME_SN").	Network object type: Vehicle	Network object keys: 975
                  Warning	Simulation second 226.60: Vehicle 1038 (on Static Vehicle Route "1 - 1") reached the end of link "1: MC_Me_P" without finding the subsequent link ("10012: MC_ME_SN").	Network object type: Vehicle	Network object keys: 1038
                  Warning	Simulation second 247.70: Vehicle 1132 (on Static Vehicle Route "1 - 1") reached the end of link "1: MC_Me_P" without finding the subsequent link ("10012: MC_ME_SN").	Network object type: Vehicle	Network object keys: 1132
                  Warning	Vehicle input 4 could not be finished completely (remain: 3 vehicles).	Network object type: Vehicle Input	Network object keys: 4
