                  Warning	Simulation second 79.50: After 60.00 seconds of waiting for lane change the vehicle 46 (on Static Vehicle Route "4 - 1") was removed from link "3: 12TH_CHAPASAN" at position 51.917 m.	Network object type: Vehicle	Network object keys: 46
                  Warning	Simulation second 124.00: Vehicle 231 (on Static Vehicle Route "2 - 1") reached the end of link "1: 12TH_DALLE" without finding the subsequent link ("10010: 12TH_12").	Network object type: Vehicle	Network object keys: 231
                  Warning	Simulation second 186.10: After 60.00 seconds of waiting for lane change the vehicle 244 (on Static Vehicle Route "4 - 1") was removed from link "3: 12TH_CHAPASAN" at position 51.917 m.	Network object type: Vehicle	Network object keys: 244
                  Warning	Simulation second 217.10: After 60.00 seconds of waiting for lane change the vehicle 349 (on Static Vehicle Route "1 - 1") was removed from link "5: 12TH_JJ" at position 46.460 m.	Network object type: Vehicle	Network object keys: 349
                  Warning	Simulation second 287.00: After 60.00 seconds of waiting for lane change the vehicle 388 (on Static Vehicle Route "1 - 1") was removed from link "5: 12TH_JJ" at position 46.460 m.	Network object type: Vehicle	Network object keys: 388
                  Warning	Simulation second 299.70: After 60.00 seconds of waiting for lane change the vehicle 245 (on Static Vehicle Route "4 - 1") was removed from link "3: 12TH_CHAPASAN" at position 51.917 m.	Network object type: Vehicle	Network object keys: 245
                  Warning	Simulation second 357.10: After 60.00 seconds of waiting for lane change the vehicle 512 (on Static Vehicle Route "1 - 1") was removed from link "5: 12TH_JJ" at position 46.460 m.	Network object type: Vehicle	Network object keys: 512
                  Warning	Simulation second 541.70: After 60.00 seconds of waiting for lane change the vehicle 1398 (on Static Vehicle Route "4 - 1") was removed from link "3: 12TH_CHAPASAN" at position 51.917 m.	Network object type: Vehicle	Network object keys: 1398
                  Warning	Simulation second 547.30: After 60.00 seconds of waiting for lane change the vehicle 1396 (on Static Vehicle Route "4 - 1") was removed from link "3: 12TH_CHAPASAN" at position 51.917 m.	Network object type: Vehicle	Network object keys: 1396
                  Warning	Simulation second 695.60: After 60.00 seconds of waiting for lane change the vehicle 1551 (on Static Vehicle Route "1 - 1") was removed from link "5: 12TH_JJ" at position 46.460 m.	Network object type: Vehicle	Network object keys: 1551
                  Warning	Simulation second 783.10: After 60.00 seconds of waiting for lane change the vehicle 1912 (on Static Vehicle Route "4 - 1") was removed from link "3: 12TH_CHAPASAN" at position 51.917 m.	Network object type: Vehicle	Network object keys: 1912
                  Warning	Simulation second 849.60: After 60.00 seconds of waiting for lane change the vehicle 2136 (on Static Vehicle Route "3 - 1") was removed from link "7: 12TH_BOM" at position 62.634 m.	Network object type: Vehicle	Network object keys: 2136
                  Warning	Simulation second 854.80: After 60.00 seconds of waiting for lane change the vehicle 2075 (on Static Vehicle Route "4 - 1") was removed from link "3: 12TH_CHAPASAN" at position 51.917 m.	Network object type: Vehicle	Network object keys: 2075
                  Warning	Simulation second 860.70: After 60.00 seconds of waiting for lane change the vehicle 2196 (on Static Vehicle Route "2 - 1") was removed from link "1: 12TH_DALLE" at position 35.972 m.	Network object type: Vehicle	Network object keys: 2196
                  Warning	Simulation second 922.50: After 60.00 seconds of waiting for lane change the vehicle 2139 (on Static Vehicle Route "4 - 1") was removed from link "3: 12TH_CHAPASAN" at position 51.917 m.	Network object type: Vehicle	Network object keys: 2139
                  Warning	Simulation second 925.70: After 60.00 seconds of waiting for lane change the vehicle 2313 (on Static Vehicle Route "2 - 1") was removed from link "1: 12TH_DALLE" at position 35.972 m.	Network object type: Vehicle	Network object keys: 2313
                  Warning	Simulation second 1210.50: After 60.00 seconds of waiting for lane change the vehicle 3199 (on Static Vehicle Route "2 - 1") was removed from link "1: 12TH_DALLE" at position 35.972 m.	Network object type: Vehicle	Network object keys: 3199
                  Warning	Simulation second 1211.70: After 60.00 seconds of waiting for lane change the vehicle 3167 (on Static Vehicle Route "3 - 1") was removed from link "7: 12TH_BOM" at position 62.634 m.	Network object type: Vehicle	Network object keys: 3167
                  Warning	Simulation second 1214.30: After 60.00 seconds of waiting for lane change the vehicle 3137 (on Static Vehicle Route "3 - 1") was removed from link "7: 12TH_BOM" at position 62.634 m.	Network object type: Vehicle	Network object keys: 3137
                  Warning	Simulation second 1231.30: After 60.00 seconds of waiting for lane change the vehicle 3270 (on Static Vehicle Route "1 - 1") was removed from link "5: 12TH_JJ" at position 46.460 m.	Network object type: Vehicle	Network object keys: 3270
                  Warning	Simulation second 1379.90: After 60.00 seconds of waiting for lane change the vehicle 3462 (on Static Vehicle Route "4 - 1") was removed from link "3: 12TH_CHAPASAN" at position 51.917 m.	Network object type: Vehicle	Network object keys: 3462
                  Warning	Simulation second 1667.30: After 60.00 seconds of waiting for lane change the vehicle 4507 (on Static Vehicle Route "1 - 1") was removed from link "5: 12TH_JJ" at position 46.460 m.	Network object type: Vehicle	Network object keys: 4507
                  Warning	Simulation second 1736.30: After 60.00 seconds of waiting for lane change the vehicle 4529 (on Static Vehicle Route "1 - 1") was removed from link "5: 12TH_JJ" at position 46.460 m.	Network object type: Vehicle	Network object keys: 4529
                  Warning	Simulation second 1862.40: After 60.00 seconds of waiting for lane change the vehicle 5125 (on Static Vehicle Route "2 - 1") was removed from link "1: 12TH_DALLE" at position 35.972 m.	Network object type: Vehicle	Network object keys: 5125
                  Warning	Simulation second 1932.90: After 60.00 seconds of waiting for lane change the vehicle 5329 (on Static Vehicle Route "2 - 1") was removed from link "1: 12TH_DALLE" at position 35.972 m.	Network object type: Vehicle	Network object keys: 5329
                  Warning	Simulation second 2055.10: After 60.00 seconds of waiting for lane change the vehicle 5685 (on Static Vehicle Route "2 - 1") was removed from link "1: 12TH_DALLE" at position 35.972 m.	Network object type: Vehicle	Network object keys: 5685
                  Warning	Simulation second 2071.20: After 60.00 seconds of waiting for lane change the vehicle 5795 (on Static Vehicle Route "1 - 1") was removed from link "5: 12TH_JJ" at position 46.460 m.	Network object type: Vehicle	Network object keys: 5795
                  Warning	Simulation second 2149.50: After 60.00 seconds of waiting for lane change the vehicle 5891 (on Static Vehicle Route "3 - 1") was removed from link "7: 12TH_BOM" at position 62.634 m.	Network object type: Vehicle	Network object keys: 5891
                  Warning	Simulation second 2164.00: Vehicle 6190 (on Static Vehicle Route "2 - 1") reached the end of link "1: 12TH_DALLE" without finding the subsequent link ("10010: 12TH_12").	Network object type: Vehicle	Network object keys: 6190
                  Warning	Simulation second 2220.80: After 60.00 seconds of waiting for lane change the vehicle 5991 (on Static Vehicle Route "3 - 1") was removed from link "7: 12TH_BOM" at position 62.634 m.	Network object type: Vehicle	Network object keys: 5991
                  Warning	Simulation second 2578.00: After 60.00 seconds of waiting for lane change the vehicle 7017 (on Static Vehicle Route "4 - 1") was removed from link "3: 12TH_CHAPASAN" at position 51.917 m.	Network object type: Vehicle	Network object keys: 7017
                  Warning	Simulation second 2691.40: After 60.00 seconds of waiting for lane change the vehicle 7327 (on Static Vehicle Route "4 - 1") was removed from link "3: 12TH_CHAPASAN" at position 51.917 m.	Network object type: Vehicle	Network object keys: 7327
                  Warning	Simulation second 2769.40: After 60.00 seconds of waiting for lane change the vehicle 7648 (on Static Vehicle Route "4 - 1") was removed from link "3: 12TH_CHAPASAN" at position 51.917 m.	Network object type: Vehicle	Network object keys: 7648
                  Warning	Simulation second 2836.70: After 60.00 seconds of waiting for lane change the vehicle 7852 (on Static Vehicle Route "4 - 1") was removed from link "3: 12TH_CHAPASAN" at position 51.917 m.	Network object type: Vehicle	Network object keys: 7852
                  Warning	Simulation second 2988.80: After 60.00 seconds of waiting for lane change the vehicle 8500 (on Static Vehicle Route "1 - 1") was removed from link "5: 12TH_JJ" at position 46.460 m.	Network object type: Vehicle	Network object keys: 8500
                  Warning	Simulation second 2993.50: After 60.00 seconds of waiting for lane change the vehicle 7901 (on Static Vehicle Route "4 - 1") was removed from link "3: 12TH_CHAPASAN" at position 51.917 m.	Network object type: Vehicle	Network object keys: 7901
                  Warning	Simulation second 3076.30: After 60.00 seconds of waiting for lane change the vehicle 8744 (on Static Vehicle Route "2 - 1") was removed from link "1: 12TH_DALLE" at position 35.972 m.	Network object type: Vehicle	Network object keys: 8744
                  Warning	Simulation second 3105.70: After 60.00 seconds of waiting for lane change the vehicle 8374 (on Static Vehicle Route "4 - 1") was removed from link "3: 12TH_CHAPASAN" at position 51.917 m.	Network object type: Vehicle	Network object keys: 8374
                  Warning	Simulation second 3311.50: After 60.00 seconds of waiting for lane change the vehicle 9273 (on Static Vehicle Route "4 - 1") was removed from link "3: 12TH_CHAPASAN" at position 51.917 m.	Network object type: Vehicle	Network object keys: 9273
                  Warning	Simulation second 3331.80: After 60.00 seconds of waiting for lane change the vehicle 9111 (on Static Vehicle Route "1 - 1") was removed from link "5: 12TH_JJ" at position 46.460 m.	Network object type: Vehicle	Network object keys: 9111
                  Warning	Simulation second 3417.20: After 60.00 seconds of waiting for lane change the vehicle 9296 (on Static Vehicle Route "4 - 1") was removed from link "3: 12TH_CHAPASAN" at position 51.917 m.	Network object type: Vehicle	Network object keys: 9296
                  Warning	Simulation second 3466.90: After 60.00 seconds of waiting for lane change the vehicle 9824 (on Static Vehicle Route "1 - 1") was removed from link "5: 12TH_JJ" at position 46.460 m.	Network object type: Vehicle	Network object keys: 9824
                  Warning	Simulation second 3520.00: After 60.00 seconds of waiting for lane change the vehicle 9792 (on Static Vehicle Route "3 - 1") was removed from link "7: 12TH_BOM" at position 62.634 m.	Network object type: Vehicle	Network object keys: 9792
                  Warning	Simulation second 3555.40: After 60.00 seconds of waiting for lane change the vehicle 9985 (on Static Vehicle Route "2 - 1") was removed from link "1: 12TH_DALLE" at position 35.972 m.	Network object type: Vehicle	Network object keys: 9985
                  Warning	Simulation second 3594.30: After 60.00 seconds of waiting for lane change the vehicle 9934 (on Static Vehicle Route "3 - 1") was removed from link "7: 12TH_BOM" at position 62.634 m.	Network object type: Vehicle	Network object keys: 9934
                  Warning	Vehicle input 1 could not be finished completely (remain: 1096 vehicles).	Network object type: Vehicle Input	Network object keys: 1
                  Warning	Vehicle input 2 could not be finished completely (remain: 1164 vehicles).	Network object type: Vehicle Input	Network object keys: 2
                  Warning	Vehicle input 3 could not be finished completely (remain: 583 vehicles).	Network object type: Vehicle Input	Network object keys: 3
                  Warning	Vehicle input 4 could not be finished completely (remain: 1373 vehicles).	Network object type: Vehicle Input	Network object keys: 4
