                  Warning	Simulation second 41.00: Vehicle 118 (on Static Vehicle Route "1 - 1") reached the end of link "5: 12TH_JJ" without finding the subsequent link ("10009: 12TH_11").	Network object type: Vehicle	Network object keys: 118
                  Warning	Simulation second 79.50: After 60.00 seconds of waiting for lane change the vehicle 46 (on Static Vehicle Route "4 - 1") was removed from link "3: 12TH_CHAPASAN" at position 51.917 m.	Network object type: Vehicle	Network object keys: 46
                  Warning	Simulation second 162.80: After 60.00 seconds of waiting for lane change the vehicle 311 (on Static Vehicle Route "1 - 1") was removed from link "5: 12TH_JJ" at position 46.460 m.	Network object type: Vehicle	Network object keys: 311
                  Warning	Simulation second 167.80: After 60.00 seconds of waiting for lane change the vehicle 322 (on Static Vehicle Route "1 - 1") was removed from link "5: 12TH_JJ" at position 46.460 m.	Network object type: Vehicle	Network object keys: 322
                  Warning	Simulation second 179.30: Vehicle 321 (on Static Vehicle Route "1 - 1") reached the end of link "5: 12TH_JJ" without finding the subsequent link ("10009: 12TH_11").	Network object type: Vehicle	Network object keys: 321
                  Warning	Simulation second 183.50: After 60.00 seconds of waiting for lane change the vehicle 364 (on Static Vehicle Route "4 - 1") was removed from link "3: 12TH_CHAPASAN" at position 51.917 m.	Network object type: Vehicle	Network object keys: 364
                  Warning	Simulation second 189.70: After 60.00 seconds of waiting for lane change the vehicle 367 (on Static Vehicle Route "4 - 1") was removed from link "3: 12TH_CHAPASAN" at position 51.917 m.	Network object type: Vehicle	Network object keys: 367
                  Warning	Simulation second 204.70: After 60.00 seconds of waiting for lane change the vehicle 420 (on Static Vehicle Route "3 - 1") was removed from link "7: 12TH_BOM" at position 62.634 m.	Network object type: Vehicle	Network object keys: 420
                  Warning	Simulation second 225.50: After 60.00 seconds of waiting for lane change the vehicle 496 (on Static Vehicle Route "2 - 1") was removed from link "1: 12TH_DALLE" at position 35.972 m.	Network object type: Vehicle	Network object keys: 496
                  Warning	Simulation second 256.30: After 60.00 seconds of waiting for lane change the vehicle 380 (on Static Vehicle Route "4 - 1") was removed from link "3: 12TH_CHAPASAN" at position 51.917 m.	Network object type: Vehicle	Network object keys: 380
                  Warning	Simulation second 316.70: After 60.00 seconds of waiting for lane change the vehicle 499 (on Static Vehicle Route "3 - 1") was removed from link "7: 12TH_BOM" at position 62.634 m.	Network object type: Vehicle	Network object keys: 499
                  Warning	Simulation second 321.70: After 60.00 seconds of waiting for lane change the vehicle 527 (on Static Vehicle Route "3 - 1") was removed from link "7: 12TH_BOM" at position 62.634 m.	Network object type: Vehicle	Network object keys: 527
                  Warning	Simulation second 358.10: After 60.00 seconds of waiting for lane change the vehicle 871 (on Static Vehicle Route "2 - 1") was removed from link "1: 12TH_DALLE" at position 35.972 m.	Network object type: Vehicle	Network object keys: 871
                  Warning	Simulation second 385.10: After 60.00 seconds of waiting for lane change the vehicle 672 (on Static Vehicle Route "1 - 1") was removed from link "5: 12TH_JJ" at position 46.460 m.	Network object type: Vehicle	Network object keys: 672
                  Warning	Simulation second 433.30: After 60.00 seconds of waiting for lane change the vehicle 1057 (on Static Vehicle Route "3 - 1") was removed from link "7: 12TH_BOM" at position 62.065 m.	Network object type: Vehicle	Network object keys: 1057
                  Warning	Simulation second 435.60: After 60.00 seconds of waiting for lane change the vehicle 781 (on Static Vehicle Route "4 - 1") was removed from link "3: 12TH_CHAPASAN" at position 51.917 m.	Network object type: Vehicle	Network object keys: 781
                  Warning	Simulation second 453.40: After 60.00 seconds of waiting for lane change the vehicle 936 (on Static Vehicle Route "1 - 1") was removed from link "5: 12TH_JJ" at position 46.460 m.	Network object type: Vehicle	Network object keys: 936
                  Warning	Simulation second 493.90: After 60.00 seconds of waiting for lane change the vehicle 918 (on Static Vehicle Route "2 - 1") was removed from link "1: 12TH_DALLE" at position 35.972 m.	Network object type: Vehicle	Network object keys: 918
                  Warning	Simulation second 503.00: After 60.00 seconds of waiting for lane change the vehicle 1256 (on Static Vehicle Route "2 - 1") was removed from link "1: 12TH_DALLE" at position 35.972 m.	Network object type: Vehicle	Network object keys: 1256
                  Warning	Simulation second 507.30: After 60.00 seconds of waiting for lane change the vehicle 816 (on Static Vehicle Route "4 - 1") was removed from link "3: 12TH_CHAPASAN" at position 51.917 m.	Network object type: Vehicle	Network object keys: 816
                  Warning	Simulation second 527.20: After 60.00 seconds of waiting for lane change the vehicle 1007 (on Static Vehicle Route "1 - 1") was removed from link "5: 12TH_JJ" at position 46.460 m.	Network object type: Vehicle	Network object keys: 1007
                  Warning	Simulation second 562.80: After 60.00 seconds of waiting for lane change the vehicle 1097 (on Static Vehicle Route "3 - 1") was removed from link "7: 12TH_BOM" at position 62.634 m.	Network object type: Vehicle	Network object keys: 1097
                  Warning	Vehicle input 1 could not be finished completely (remain: 205 vehicles).	Network object type: Vehicle Input	Network object keys: 1
                  Warning	Vehicle input 2 could not be finished completely (remain: 218 vehicles).	Network object type: Vehicle Input	Network object keys: 2
                  Warning	Vehicle input 3 could not be finished completely (remain: 114 vehicles).	Network object type: Vehicle Input	Network object keys: 3
                  Warning	Vehicle input 4 could not be finished completely (remain: 217 vehicles).	Network object type: Vehicle Input	Network object keys: 4
